<?xml version="1.0" encoding="UTF-8"?>
<testsuites name="Login Test Suite" time="237" tests="6" failures="0" errors="0">
   <testsuite name="Login Test Suite" tests="6" failures="0" errors="0" time="237" timestamp="2018-10-24 23:20:39" hostname="Ronnachai C - DESKTOP-0PTJ8Q3" id="Test Suites/Login/Login Test Suite">
      <properties>
         <property name="deviceName" value=""/>
         <property name="devicePlatform" value=""/>
         <property name="logFolder" value="C:\\Users\\Ronnachai C\\Katalon Studio\\StackexchangeDemo\\Reports\\Login\\Login Test Suite\\20181024_232032"/>
         <property name="logFiles" value="C:\\Users\\Ronnachai C\\Katalon Studio\\StackexchangeDemo\\Reports\\Login\\Login Test Suite\\20181024_232032\\execution0.log"/>
         <property name="attachments" value="C:\\Users\\Ronnachai C\\Katalon Studio\\StackexchangeDemo\\Reports\\Login\\Login Test Suite\\20181024_232032\\1540398066426.png, C:\\Users\\Ronnachai C\\Katalon Studio\\StackexchangeDemo\\Reports\\Login\\Login Test Suite\\20181024_232032\\1540398070981.png, C:\\Users\\Ronnachai C\\Katalon Studio\\StackexchangeDemo\\Reports\\Login\\Login Test Suite\\20181024_232032\\1540398078434.png, C:\\Users\\Ronnachai C\\Katalon Studio\\StackexchangeDemo\\Reports\\Login\\Login Test Suite\\20181024_232032\\1540398097002.png, C:\\Users\\Ronnachai C\\Katalon Studio\\StackexchangeDemo\\Reports\\Login\\Login Test Suite\\20181024_232032\\1540398100378.png, C:\\Users\\Ronnachai C\\Katalon Studio\\StackexchangeDemo\\Reports\\Login\\Login Test Suite\\20181024_232032\\1540398107578.png, C:\\Users\\Ronnachai C\\Katalon Studio\\StackexchangeDemo\\Reports\\Login\\Login Test Suite\\20181024_232032\\1540398125596.png, C:\\Users\\Ronnachai C\\Katalon Studio\\StackexchangeDemo\\Reports\\Login\\Login Test Suite\\20181024_232032\\1540398128926.png, C:\\Users\\Ronnachai C\\Katalon Studio\\StackexchangeDemo\\Reports\\Login\\Login Test Suite\\20181024_232032\\1540398136306.png, C:\\Users\\Ronnachai C\\Katalon Studio\\StackexchangeDemo\\Reports\\Login\\Login Test Suite\\20181024_232032\\1540398154803.png, C:\\Users\\Ronnachai C\\Katalon Studio\\StackexchangeDemo\\Reports\\Login\\Login Test Suite\\20181024_232032\\1540398157936.png, C:\\Users\\Ronnachai C\\Katalon Studio\\StackexchangeDemo\\Reports\\Login\\Login Test Suite\\20181024_232032\\1540398165134.png, C:\\Users\\Ronnachai C\\Katalon Studio\\StackexchangeDemo\\Reports\\Login\\Login Test Suite\\20181024_232032\\1540398183150.png, C:\\Users\\Ronnachai C\\Katalon Studio\\StackexchangeDemo\\Reports\\Login\\Login Test Suite\\20181024_232032\\1540398186244.png, C:\\Users\\Ronnachai C\\Katalon Studio\\StackexchangeDemo\\Reports\\Login\\Login Test Suite\\20181024_232032\\1540398193627.png, C:\\Users\\Ronnachai C\\Katalon Studio\\StackexchangeDemo\\Reports\\Login\\Login Test Suite\\20181024_232032\\1540398211370.png, C:\\Users\\Ronnachai C\\Katalon Studio\\StackexchangeDemo\\Reports\\Login\\Login Test Suite\\20181024_232032\\1540398214269.png, C:\\Users\\Ronnachai C\\Katalon Studio\\StackexchangeDemo\\Reports\\Login\\Login Test Suite\\20181024_232032\\1540398236148.png, C:\\Users\\Ronnachai C\\Katalon Studio\\StackexchangeDemo\\Reports\\Login\\Login Test Suite\\20181024_232032\\1540398243319.png"/>
         <property name="hostName" value="Ronnachai C - DESKTOP-0PTJ8Q3"/>
         <property name="os" value="Windows 10 64bit"/>
         <property name="katalonVersion" value="5.8.0.1"/>
         <property name="browser" value="Chrome 70.0.3538.67"/>
         <property name="hostAddress" value="192.168.43.170"/>
         <property name="sessionId" value="6b48307e18b1ca5c2014f803384b08ea"/>
         <property name="seleniumVersion" value="3.7.1"/>
         <property name="proxyInformation" value="ProxyInformation{proxyOption=NO_PROXY, proxyServerType=HTTP, password=, proxyServerAddress=, proxyServerPort=0}"/>
         <property name="platform" value="Windows 10"/>
      </properties>
      <testcase name="Test Cases/Tests/Log In/TC-SIN-001 Check for empty username and password" classname="Test Cases/Tests/Log In/TC-SIN-001 Check for empty username and password" status="PASSED">
         <system-out><![CDATA[2018-10-24 23:20:41 - [TEST_CASE][PASSED] - Test Cases/Tests/Log In/TC-SIN-001 Check for empty username and password: Test Cases/Tests/Log In/TC-SIN-001 Check for empty username and password

2018-10-24 23:20:41 - [TEST_STEP][PASSED] - Start listener action : beforeTestcase: Navigate to 'https://stackexchange.com/' successfully

2018-10-24 23:20:41 - [TEST_STEP][PASSED] - openBrowser: Browser is opened with url: ''

2018-10-24 23:20:49 - [MESSAGE][PASSED] - Browser is opened with url: ''

2018-10-24 23:20:49 - [TEST_STEP][PASSED] - maximizeWindow: Current window maximized

2018-10-24 23:20:51 - [MESSAGE][PASSED] - Current window maximized

2018-10-24 23:20:51 - [TEST_STEP][PASSED] - navigateToUrl: Navigate to 'https://stackexchange.com/' successfully

2018-10-24 23:20:53 - [MESSAGE][PASSED] - Navigate to 'https://stackexchange.com/' successfully

2018-10-24 23:20:55 - [TEST_STEP][PASSED] - callTestCase: Call Test Case 'Test Cases/Pages/01_Stack Exchage Homepage/The Homepage is loaded successfully' successfully

2018-10-24 23:20:55 - [TEST_CASE][PASSED] - Test Cases/Pages/01_Stack Exchage Homepage/The Homepage is loaded successfully: Test Cases/Pages/01_Stack Exchage Homepage/The Homepage is loaded successfully

2018-10-24 23:20:56 - [TEST_STEP][PASSED] - waitForElementVisible: Object 'Object Repository/Test Objects/Pages/Page_StackExchangeHome/header_top-bar js-top-bar' is visible

2018-10-24 23:20:56 - [MESSAGE][PASSED] - Object 'Object Repository/Test Objects/Pages/Page_StackExchangeHome/header_top-bar js-top-bar' is visible

2018-10-24 23:20:56 - [TEST_STEP][PASSED] - waitForElementVisible: Object 'Object Repository/Test Objects/Pages/Page_StackExchangeHome/header_siteHeader' is visible

2018-10-24 23:20:56 - [MESSAGE][PASSED] - Object 'Object Repository/Test Objects/Pages/Page_StackExchangeHome/header_siteHeader' is visible

2018-10-24 23:20:56 - [TEST_STEP][PASSED] - verifyElementPresent: Object 'Object Repository/Test Objects/Pages/Page_StackExchangeHome/a_-logo js-gps-track' is present

2018-10-24 23:20:56 - [MESSAGE][PASSED] - Object 'Object Repository/Test Objects/Pages/Page_StackExchangeHome/a_-logo js-gps-track' is present

2018-10-24 23:20:56 - [TEST_STEP][PASSED] - verifyTextPresent: Text 'Tour' is present on page 

2018-10-24 23:20:58 - [MESSAGE][PASSED] - Text 'Tour' is present on page 

2018-10-24 23:20:58 - [TEST_STEP][PASSED] - verifyTextPresent: Text 'About Us' is present on page 

2018-10-24 23:20:59 - [MESSAGE][PASSED] - Text 'About Us' is present on page 

2018-10-24 23:20:59 - [TEST_STEP][PASSED] - verifyTextPresent: Text 'Meta' is present on page 

2018-10-24 23:21:01 - [MESSAGE][PASSED] - Text 'Meta' is present on page 

2018-10-24 23:21:01 - [TEST_STEP][PASSED] - verifyElementPresent: Object 'Object Repository/Test Objects/Pages/Page_StackExchangeHome/input_q' is present

2018-10-24 23:21:01 - [MESSAGE][PASSED] - Object 'Object Repository/Test Objects/Pages/Page_StackExchangeHome/input_q' is present

2018-10-24 23:21:01 - [TEST_STEP][PASSED] - verifyTextPresent: Text 'Log In' is present on page 

2018-10-24 23:21:03 - [MESSAGE][PASSED] - Text 'Log In' is present on page 

2018-10-24 23:21:03 - [TEST_STEP][PASSED] - verifyTextPresent: Text 'Sign Up' is present on page 

2018-10-24 23:21:04 - [MESSAGE][PASSED] - Text 'Sign Up' is present on page 

2018-10-24 23:21:04 - [TEST_STEP][PASSED] - verifyElementPresent: Object 'Object Repository/Test Objects/Pages/Page_StackExchangeHome/sectioncontent' is present

2018-10-24 23:21:04 - [MESSAGE][PASSED] - Object 'Object Repository/Test Objects/Pages/Page_StackExchangeHome/sectioncontent' is present

2018-10-24 23:21:04 - [TEST_STEP][PASSED] - verifyTextPresent: Text 'Stack Exchange' is present on page 

2018-10-24 23:21:06 - [MESSAGE][PASSED] - Text 'Stack Exchange' is present on page 

2018-10-24 23:21:06 - [TEST_STEP][PASSED] - takeScreenshot: Taking screenshot successfully

2018-10-24 23:21:06 - [MESSAGE][PASSED] - Taking screenshot successfully
[[ATTACHMENT|C:\\Users\\Ronnachai C\\Katalon Studio\\StackexchangeDemo\\Reports\\Login\\Login Test Suite\\20181024_232032\\1540398066426.png]]

2018-10-24 23:21:06 - [MESSAGE][PASSED] - Call Test Case 'Test Cases/Pages/01_Stack Exchage Homepage/The Homepage is loaded successfully' successfully

2018-10-24 23:21:06 - [TEST_STEP][PASSED] - callTestCase: Call Test Case 'Test Cases/Pages/01_Stack Exchage Homepage/To click the login link' successfully

2018-10-24 23:21:07 - [TEST_CASE][PASSED] - Test Cases/Pages/01_Stack Exchage Homepage/To click the login link: Test Cases/Pages/01_Stack Exchage Homepage/To click the login link

2018-10-24 23:21:07 - [TEST_STEP][PASSED] - waitForElementVisible: Object 'Object Repository/Test Objects/Pages/Page_StackExchangeHome/header_siteHeader' is visible

2018-10-24 23:21:07 - [MESSAGE][PASSED] - Object 'Object Repository/Test Objects/Pages/Page_StackExchangeHome/header_siteHeader' is visible

2018-10-24 23:21:07 - [TEST_STEP][PASSED] - click: Object: 'Object Repository/Test Objects/Pages/Page_StackExchangeHome/a_Log In' is clicked on

2018-10-24 23:21:08 - [MESSAGE][PASSED] - Object: 'Object Repository/Test Objects/Pages/Page_StackExchangeHome/a_Log In' is clicked on

2018-10-24 23:21:08 - [MESSAGE][PASSED] - Call Test Case 'Test Cases/Pages/01_Stack Exchage Homepage/To click the login link' successfully

2018-10-24 23:21:08 - [TEST_STEP][PASSED] - callTestCase: Call Test Case 'Test Cases/Pages/02_Log In Page/The Log In Page is loaded successfully' successfully

2018-10-24 23:21:09 - [TEST_CASE][PASSED] - Test Cases/Pages/02_Log In Page/The Log In Page is loaded successfully: Test Cases/Pages/02_Log In Page/The Log In Page is loaded successfully

2018-10-24 23:21:09 - [TEST_STEP][PASSED] - waitForElementVisible: Object 'Object Repository/Test Objects/Pages/Page_Log In/header_siteHeader' is visible

2018-10-24 23:21:09 - [MESSAGE][PASSED] - Object 'Object Repository/Test Objects/Pages/Page_Log In/header_siteHeader' is visible

2018-10-24 23:21:09 - [TEST_STEP][PASSED] - verifyTextPresent: Text 'Do you already have an account on one of these sites? Click the logo to' is present on page 

2018-10-24 23:21:10 - [MESSAGE][PASSED] - Text 'Do you already have an account on one of these sites? Click the logo to' is present on page 

2018-10-24 23:21:10 - [TEST_STEP][PASSED] - verifyElementPresent: Object 'Object Repository/Test Objects/Pages/Page_Log In/a_stack_exchange openid_large_' is present

2018-10-24 23:21:10 - [MESSAGE][PASSED] - Object 'Object Repository/Test Objects/Pages/Page_Log In/a_stack_exchange openid_large_' is present

2018-10-24 23:21:10 - [TEST_STEP][PASSED] - verifyElementPresent: Object 'Object Repository/Test Objects/Pages/Page_Log In/a_google openid_large_btn' is present

2018-10-24 23:21:10 - [MESSAGE][PASSED] - Object 'Object Repository/Test Objects/Pages/Page_Log In/a_google openid_large_btn' is present

2018-10-24 23:21:10 - [TEST_STEP][PASSED] - verifyElementPresent: Object 'Object Repository/Test Objects/Pages/Page_Log In/a_facebook openid_large_btn' is present

2018-10-24 23:21:10 - [MESSAGE][PASSED] - Object 'Object Repository/Test Objects/Pages/Page_Log In/a_facebook openid_large_btn' is present

2018-10-24 23:21:10 - [TEST_STEP][PASSED] - verifyElementPresent: Object 'Object Repository/Test Objects/Pages/Page_Log In/a_yahoo openid_large_btn' is present

2018-10-24 23:21:10 - [MESSAGE][PASSED] - Object 'Object Repository/Test Objects/Pages/Page_Log In/a_yahoo openid_large_btn' is present

2018-10-24 23:21:10 - [TEST_STEP][PASSED] - verifyTextPresent: Text 'click here to sign up' is present on page 

2018-10-24 23:21:10 - [MESSAGE][PASSED] - Text 'click here to sign up' is present on page 

2018-10-24 23:21:10 - [TEST_STEP][PASSED] - takeScreenshot: Taking screenshot successfully

2018-10-24 23:21:11 - [MESSAGE][PASSED] - Taking screenshot successfully
[[ATTACHMENT|C:\\Users\\Ronnachai C\\Katalon Studio\\StackexchangeDemo\\Reports\\Login\\Login Test Suite\\20181024_232032\\1540398070981.png]]

2018-10-24 23:21:11 - [MESSAGE][PASSED] - Call Test Case 'Test Cases/Pages/02_Log In Page/The Log In Page is loaded successfully' successfully

2018-10-24 23:21:11 - [TEST_STEP][PASSED] - callTestCase: Call Test Case 'Test Cases/Pages/02_Log In Page/To click the log in with stackexchange' successfully

2018-10-24 23:21:11 - [TEST_CASE][PASSED] - Test Cases/Pages/02_Log In Page/To click the log in with stackexchange: Test Cases/Pages/02_Log In Page/To click the log in with stackexchange

2018-10-24 23:21:12 - [TEST_STEP][PASSED] - waitForElementVisible: Object 'Object Repository/Test Objects/Pages/Page_Log In/header_siteHeader' is visible

2018-10-24 23:21:12 - [MESSAGE][PASSED] - Object 'Object Repository/Test Objects/Pages/Page_Log In/header_siteHeader' is visible

2018-10-24 23:21:12 - [TEST_STEP][PASSED] - click: Object: 'Object Repository/Test Objects/Pages/Page_Log In/a_stack_exchange openid_large_' is clicked on

2018-10-24 23:21:12 - [MESSAGE][PASSED] - Object: 'Object Repository/Test Objects/Pages/Page_Log In/a_stack_exchange openid_large_' is clicked on

2018-10-24 23:21:12 - [TEST_STEP][PASSED] - delay: Delayed 5 second(s)

2018-10-24 23:21:17 - [MESSAGE][PASSED] - Delayed 5 second(s)

2018-10-24 23:21:17 - [MESSAGE][PASSED] - Call Test Case 'Test Cases/Pages/02_Log In Page/To click the log in with stackexchange' successfully

2018-10-24 23:21:17 - [TEST_STEP][PASSED] - switchToFrame: Switched to iframe: 'Object Repository/Test Objects/Pages/Page_Log In/iFrame/Page_Log In/iframeaffiliate-signin-iframe'

2018-10-24 23:21:17 - [TEST_STEP][PASSED] - click: Object: 'Object Repository/Test Objects/Pages/Page_Log In/iFrame/Page_Log In/input_affiliate-button' is clicked on

2018-10-24 23:21:17 - [MESSAGE][PASSED] - Object: 'Object Repository/Test Objects/Pages/Page_Log In/iFrame/Page_Log In/input_affiliate-button' is clicked on

2018-10-24 23:21:17 - [TEST_STEP][PASSED] - verifyElementPresent: Object 'Object Repository/Test Objects/Pages/Page_Log In/iFrame/Page_Log In/p_Invalid email address' is present

2018-10-24 23:21:18 - [MESSAGE][PASSED] - Object 'Object Repository/Test Objects/Pages/Page_Log In/iFrame/Page_Log In/p_Invalid email address' is present

2018-10-24 23:21:18 - [TEST_STEP][PASSED] - takeScreenshot: Taking screenshot successfully

2018-10-24 23:21:18 - [MESSAGE][PASSED] - Taking screenshot successfully
[[ATTACHMENT|C:\\Users\\Ronnachai C\\Katalon Studio\\StackexchangeDemo\\Reports\\Login\\Login Test Suite\\20181024_232032\\1540398078434.png]]

2018-10-24 23:21:18 - [TEST_STEP][PASSED] - Start listener action : afterTestcase: Browser is closed

2018-10-24 23:21:18 - [TEST_STEP][PASSED] - closeBrowser: Browser is closed

2018-10-24 23:21:19 - [MESSAGE][PASSED] - Browser is closed]]></system-out>
         <system-err><![CDATA[]]></system-err>
      </testcase>
      <testcase name="Test Cases/Tests/Log In/TC-SIN-002 Check for empty username" classname="Test Cases/Tests/Log In/TC-SIN-002 Check for empty username" status="PASSED">
         <system-out><![CDATA[2018-10-24 23:21:21 - [TEST_CASE][PASSED] - Test Cases/Tests/Log In/TC-SIN-002 Check for empty username: Test Cases/Tests/Log In/TC-SIN-002 Check for empty username

2018-10-24 23:21:21 - [TEST_STEP][PASSED] - Start listener action : beforeTestcase: Navigate to 'https://stackexchange.com/' successfully

2018-10-24 23:21:21 - [TEST_STEP][PASSED] - openBrowser: Browser is opened with url: ''

2018-10-24 23:21:24 - [MESSAGE][PASSED] - Browser is opened with url: ''

2018-10-24 23:21:24 - [TEST_STEP][PASSED] - maximizeWindow: Current window maximized

2018-10-24 23:21:25 - [MESSAGE][PASSED] - Current window maximized

2018-10-24 23:21:25 - [TEST_STEP][PASSED] - navigateToUrl: Navigate to 'https://stackexchange.com/' successfully

2018-10-24 23:21:28 - [MESSAGE][PASSED] - Navigate to 'https://stackexchange.com/' successfully

2018-10-24 23:21:28 - [TEST_STEP][PASSED] - callTestCase: Call Test Case 'Test Cases/Pages/01_Stack Exchage Homepage/The Homepage is loaded successfully' successfully

2018-10-24 23:21:28 - [TEST_CASE][PASSED] - Test Cases/Pages/01_Stack Exchage Homepage/The Homepage is loaded successfully: Test Cases/Pages/01_Stack Exchage Homepage/The Homepage is loaded successfully

2018-10-24 23:21:28 - [TEST_STEP][PASSED] - waitForElementVisible: Object 'Object Repository/Test Objects/Pages/Page_StackExchangeHome/header_top-bar js-top-bar' is visible

2018-10-24 23:21:28 - [MESSAGE][PASSED] - Object 'Object Repository/Test Objects/Pages/Page_StackExchangeHome/header_top-bar js-top-bar' is visible

2018-10-24 23:21:28 - [TEST_STEP][PASSED] - waitForElementVisible: Object 'Object Repository/Test Objects/Pages/Page_StackExchangeHome/header_siteHeader' is visible

2018-10-24 23:21:28 - [MESSAGE][PASSED] - Object 'Object Repository/Test Objects/Pages/Page_StackExchangeHome/header_siteHeader' is visible

2018-10-24 23:21:28 - [TEST_STEP][PASSED] - verifyElementPresent: Object 'Object Repository/Test Objects/Pages/Page_StackExchangeHome/a_-logo js-gps-track' is present

2018-10-24 23:21:28 - [MESSAGE][PASSED] - Object 'Object Repository/Test Objects/Pages/Page_StackExchangeHome/a_-logo js-gps-track' is present

2018-10-24 23:21:28 - [TEST_STEP][PASSED] - verifyTextPresent: Text 'Tour' is present on page 

2018-10-24 23:21:30 - [MESSAGE][PASSED] - Text 'Tour' is present on page 

2018-10-24 23:21:30 - [TEST_STEP][PASSED] - verifyTextPresent: Text 'About Us' is present on page 

2018-10-24 23:21:31 - [MESSAGE][PASSED] - Text 'About Us' is present on page 

2018-10-24 23:21:31 - [TEST_STEP][PASSED] - verifyTextPresent: Text 'Meta' is present on page 

2018-10-24 23:21:33 - [MESSAGE][PASSED] - Text 'Meta' is present on page 

2018-10-24 23:21:33 - [TEST_STEP][PASSED] - verifyElementPresent: Object 'Object Repository/Test Objects/Pages/Page_StackExchangeHome/input_q' is present

2018-10-24 23:21:33 - [MESSAGE][PASSED] - Object 'Object Repository/Test Objects/Pages/Page_StackExchangeHome/input_q' is present

2018-10-24 23:21:33 - [TEST_STEP][PASSED] - verifyTextPresent: Text 'Log In' is present on page 

2018-10-24 23:21:34 - [MESSAGE][PASSED] - Text 'Log In' is present on page 

2018-10-24 23:21:34 - [TEST_STEP][PASSED] - verifyTextPresent: Text 'Sign Up' is present on page 

2018-10-24 23:21:35 - [MESSAGE][PASSED] - Text 'Sign Up' is present on page 

2018-10-24 23:21:35 - [TEST_STEP][PASSED] - verifyElementPresent: Object 'Object Repository/Test Objects/Pages/Page_StackExchangeHome/sectioncontent' is present

2018-10-24 23:21:35 - [MESSAGE][PASSED] - Object 'Object Repository/Test Objects/Pages/Page_StackExchangeHome/sectioncontent' is present

2018-10-24 23:21:35 - [TEST_STEP][PASSED] - verifyTextPresent: Text 'Stack Exchange' is present on page 

2018-10-24 23:21:36 - [MESSAGE][PASSED] - Text 'Stack Exchange' is present on page 

2018-10-24 23:21:36 - [TEST_STEP][PASSED] - takeScreenshot: Taking screenshot successfully

2018-10-24 23:21:37 - [MESSAGE][PASSED] - Taking screenshot successfully
[[ATTACHMENT|C:\\Users\\Ronnachai C\\Katalon Studio\\StackexchangeDemo\\Reports\\Login\\Login Test Suite\\20181024_232032\\1540398097002.png]]

2018-10-24 23:21:37 - [MESSAGE][PASSED] - Call Test Case 'Test Cases/Pages/01_Stack Exchage Homepage/The Homepage is loaded successfully' successfully

2018-10-24 23:21:37 - [TEST_STEP][PASSED] - callTestCase: Call Test Case 'Test Cases/Pages/01_Stack Exchage Homepage/To click the login link' successfully

2018-10-24 23:21:37 - [TEST_CASE][PASSED] - Test Cases/Pages/01_Stack Exchage Homepage/To click the login link: Test Cases/Pages/01_Stack Exchage Homepage/To click the login link

2018-10-24 23:21:37 - [TEST_STEP][PASSED] - waitForElementVisible: Object 'Object Repository/Test Objects/Pages/Page_StackExchangeHome/header_siteHeader' is visible

2018-10-24 23:21:37 - [MESSAGE][PASSED] - Object 'Object Repository/Test Objects/Pages/Page_StackExchangeHome/header_siteHeader' is visible

2018-10-24 23:21:37 - [TEST_STEP][PASSED] - click: Object: 'Object Repository/Test Objects/Pages/Page_StackExchangeHome/a_Log In' is clicked on

2018-10-24 23:21:39 - [MESSAGE][PASSED] - Object: 'Object Repository/Test Objects/Pages/Page_StackExchangeHome/a_Log In' is clicked on

2018-10-24 23:21:39 - [MESSAGE][PASSED] - Call Test Case 'Test Cases/Pages/01_Stack Exchage Homepage/To click the login link' successfully

2018-10-24 23:21:39 - [TEST_STEP][PASSED] - callTestCase: Call Test Case 'Test Cases/Pages/02_Log In Page/The Log In Page is loaded successfully' successfully

2018-10-24 23:21:39 - [TEST_CASE][PASSED] - Test Cases/Pages/02_Log In Page/The Log In Page is loaded successfully: Test Cases/Pages/02_Log In Page/The Log In Page is loaded successfully

2018-10-24 23:21:39 - [TEST_STEP][PASSED] - waitForElementVisible: Object 'Object Repository/Test Objects/Pages/Page_Log In/header_siteHeader' is visible

2018-10-24 23:21:39 - [MESSAGE][PASSED] - Object 'Object Repository/Test Objects/Pages/Page_Log In/header_siteHeader' is visible

2018-10-24 23:21:39 - [TEST_STEP][PASSED] - verifyTextPresent: Text 'Do you already have an account on one of these sites? Click the logo to' is present on page 

2018-10-24 23:21:39 - [MESSAGE][PASSED] - Text 'Do you already have an account on one of these sites? Click the logo to' is present on page 

2018-10-24 23:21:39 - [TEST_STEP][PASSED] - verifyElementPresent: Object 'Object Repository/Test Objects/Pages/Page_Log In/a_stack_exchange openid_large_' is present

2018-10-24 23:21:39 - [MESSAGE][PASSED] - Object 'Object Repository/Test Objects/Pages/Page_Log In/a_stack_exchange openid_large_' is present

2018-10-24 23:21:39 - [TEST_STEP][PASSED] - verifyElementPresent: Object 'Object Repository/Test Objects/Pages/Page_Log In/a_google openid_large_btn' is present

2018-10-24 23:21:39 - [MESSAGE][PASSED] - Object 'Object Repository/Test Objects/Pages/Page_Log In/a_google openid_large_btn' is present

2018-10-24 23:21:39 - [TEST_STEP][PASSED] - verifyElementPresent: Object 'Object Repository/Test Objects/Pages/Page_Log In/a_facebook openid_large_btn' is present

2018-10-24 23:21:40 - [MESSAGE][PASSED] - Object 'Object Repository/Test Objects/Pages/Page_Log In/a_facebook openid_large_btn' is present

2018-10-24 23:21:40 - [TEST_STEP][PASSED] - verifyElementPresent: Object 'Object Repository/Test Objects/Pages/Page_Log In/a_yahoo openid_large_btn' is present

2018-10-24 23:21:40 - [MESSAGE][PASSED] - Object 'Object Repository/Test Objects/Pages/Page_Log In/a_yahoo openid_large_btn' is present

2018-10-24 23:21:40 - [TEST_STEP][PASSED] - verifyTextPresent: Text 'click here to sign up' is present on page 

2018-10-24 23:21:40 - [MESSAGE][PASSED] - Text 'click here to sign up' is present on page 

2018-10-24 23:21:40 - [TEST_STEP][PASSED] - takeScreenshot: Taking screenshot successfully

2018-10-24 23:21:40 - [MESSAGE][PASSED] - Taking screenshot successfully
[[ATTACHMENT|C:\\Users\\Ronnachai C\\Katalon Studio\\StackexchangeDemo\\Reports\\Login\\Login Test Suite\\20181024_232032\\1540398100378.png]]

2018-10-24 23:21:40 - [MESSAGE][PASSED] - Call Test Case 'Test Cases/Pages/02_Log In Page/The Log In Page is loaded successfully' successfully

2018-10-24 23:21:40 - [TEST_STEP][PASSED] - callTestCase: Call Test Case 'Test Cases/Pages/02_Log In Page/To click the log in with stackexchange' successfully

2018-10-24 23:21:40 - [TEST_CASE][PASSED] - Test Cases/Pages/02_Log In Page/To click the log in with stackexchange: Test Cases/Pages/02_Log In Page/To click the log in with stackexchange

2018-10-24 23:21:40 - [TEST_STEP][PASSED] - waitForElementVisible: Object 'Object Repository/Test Objects/Pages/Page_Log In/header_siteHeader' is visible

2018-10-24 23:21:40 - [MESSAGE][PASSED] - Object 'Object Repository/Test Objects/Pages/Page_Log In/header_siteHeader' is visible

2018-10-24 23:21:40 - [TEST_STEP][PASSED] - click: Object: 'Object Repository/Test Objects/Pages/Page_Log In/a_stack_exchange openid_large_' is clicked on

2018-10-24 23:21:41 - [MESSAGE][PASSED] - Object: 'Object Repository/Test Objects/Pages/Page_Log In/a_stack_exchange openid_large_' is clicked on

2018-10-24 23:21:41 - [TEST_STEP][PASSED] - delay: Delayed 5 second(s)

2018-10-24 23:21:46 - [MESSAGE][PASSED] - Delayed 5 second(s)

2018-10-24 23:21:46 - [MESSAGE][PASSED] - Call Test Case 'Test Cases/Pages/02_Log In Page/To click the log in with stackexchange' successfully

2018-10-24 23:21:46 - [TEST_STEP][PASSED] - switchToFrame: Switched to iframe: 'Object Repository/Test Objects/Pages/Page_Log In/iFrame/Page_Log In/iframeaffiliate-signin-iframe'

2018-10-24 23:21:46 - [TEST_STEP][PASSED] - setEncryptedText: Text ****** has been set on object 'Object Repository/Test Objects/Pages/Page_Log In/iFrame/Page_Log In/input_password'

2018-10-24 23:21:46 - [MESSAGE][PASSED] - Text ****** has been set on object 'Object Repository/Test Objects/Pages/Page_Log In/iFrame/Page_Log In/input_password'

2018-10-24 23:21:46 - [TEST_STEP][PASSED] - click: Object: 'Object Repository/Test Objects/Pages/Page_Log In/iFrame/Page_Log In/input_affiliate-button' is clicked on

2018-10-24 23:21:46 - [MESSAGE][PASSED] - Object: 'Object Repository/Test Objects/Pages/Page_Log In/iFrame/Page_Log In/input_affiliate-button' is clicked on

2018-10-24 23:21:46 - [TEST_STEP][PASSED] - verifyElementPresent: Object 'Object Repository/Test Objects/Pages/Page_Log In/iFrame/Page_Log In/p_Invalid email address' is present

2018-10-24 23:21:47 - [MESSAGE][PASSED] - Object 'Object Repository/Test Objects/Pages/Page_Log In/iFrame/Page_Log In/p_Invalid email address' is present

2018-10-24 23:21:47 - [TEST_STEP][PASSED] - takeScreenshot: Taking screenshot successfully

2018-10-24 23:21:47 - [MESSAGE][PASSED] - Taking screenshot successfully
[[ATTACHMENT|C:\\Users\\Ronnachai C\\Katalon Studio\\StackexchangeDemo\\Reports\\Login\\Login Test Suite\\20181024_232032\\1540398107578.png]]

2018-10-24 23:21:47 - [TEST_STEP][PASSED] - Start listener action : afterTestcase: Browser is closed

2018-10-24 23:21:47 - [TEST_STEP][PASSED] - closeBrowser: Browser is closed

2018-10-24 23:21:48 - [MESSAGE][PASSED] - Browser is closed]]></system-out>
         <system-err><![CDATA[]]></system-err>
      </testcase>
      <testcase name="Test Cases/Tests/Log In/TC-SIN-003 Check for empty password" classname="Test Cases/Tests/Log In/TC-SIN-003 Check for empty password" status="PASSED">
         <system-out><![CDATA[2018-10-24 23:21:51 - [TEST_CASE][PASSED] - Test Cases/Tests/Log In/TC-SIN-003 Check for empty password: Test Cases/Tests/Log In/TC-SIN-003 Check for empty password

2018-10-24 23:21:51 - [TEST_STEP][PASSED] - Start listener action : beforeTestcase: Navigate to 'https://stackexchange.com/' successfully

2018-10-24 23:21:51 - [TEST_STEP][PASSED] - openBrowser: Browser is opened with url: ''

2018-10-24 23:21:53 - [MESSAGE][PASSED] - Browser is opened with url: ''

2018-10-24 23:21:53 - [TEST_STEP][PASSED] - maximizeWindow: Current window maximized

2018-10-24 23:21:54 - [MESSAGE][PASSED] - Current window maximized

2018-10-24 23:21:54 - [TEST_STEP][PASSED] - navigateToUrl: Navigate to 'https://stackexchange.com/' successfully

2018-10-24 23:21:57 - [MESSAGE][PASSED] - Navigate to 'https://stackexchange.com/' successfully

2018-10-24 23:21:57 - [TEST_STEP][PASSED] - callTestCase: Call Test Case 'Test Cases/Pages/01_Stack Exchage Homepage/The Homepage is loaded successfully' successfully

2018-10-24 23:21:57 - [TEST_CASE][PASSED] - Test Cases/Pages/01_Stack Exchage Homepage/The Homepage is loaded successfully: Test Cases/Pages/01_Stack Exchage Homepage/The Homepage is loaded successfully

2018-10-24 23:21:57 - [TEST_STEP][PASSED] - waitForElementVisible: Object 'Object Repository/Test Objects/Pages/Page_StackExchangeHome/header_top-bar js-top-bar' is visible

2018-10-24 23:21:57 - [MESSAGE][PASSED] - Object 'Object Repository/Test Objects/Pages/Page_StackExchangeHome/header_top-bar js-top-bar' is visible

2018-10-24 23:21:57 - [TEST_STEP][PASSED] - waitForElementVisible: Object 'Object Repository/Test Objects/Pages/Page_StackExchangeHome/header_siteHeader' is visible

2018-10-24 23:21:57 - [MESSAGE][PASSED] - Object 'Object Repository/Test Objects/Pages/Page_StackExchangeHome/header_siteHeader' is visible

2018-10-24 23:21:57 - [TEST_STEP][PASSED] - verifyElementPresent: Object 'Object Repository/Test Objects/Pages/Page_StackExchangeHome/a_-logo js-gps-track' is present

2018-10-24 23:21:57 - [MESSAGE][PASSED] - Object 'Object Repository/Test Objects/Pages/Page_StackExchangeHome/a_-logo js-gps-track' is present

2018-10-24 23:21:57 - [TEST_STEP][PASSED] - verifyTextPresent: Text 'Tour' is present on page 

2018-10-24 23:21:59 - [MESSAGE][PASSED] - Text 'Tour' is present on page 

2018-10-24 23:21:59 - [TEST_STEP][PASSED] - verifyTextPresent: Text 'About Us' is present on page 

2018-10-24 23:22:00 - [MESSAGE][PASSED] - Text 'About Us' is present on page 

2018-10-24 23:22:00 - [TEST_STEP][PASSED] - verifyTextPresent: Text 'Meta' is present on page 

2018-10-24 23:22:01 - [MESSAGE][PASSED] - Text 'Meta' is present on page 

2018-10-24 23:22:01 - [TEST_STEP][PASSED] - verifyElementPresent: Object 'Object Repository/Test Objects/Pages/Page_StackExchangeHome/input_q' is present

2018-10-24 23:22:01 - [MESSAGE][PASSED] - Object 'Object Repository/Test Objects/Pages/Page_StackExchangeHome/input_q' is present

2018-10-24 23:22:01 - [TEST_STEP][PASSED] - verifyTextPresent: Text 'Log In' is present on page 

2018-10-24 23:22:02 - [MESSAGE][PASSED] - Text 'Log In' is present on page 

2018-10-24 23:22:02 - [TEST_STEP][PASSED] - verifyTextPresent: Text 'Sign Up' is present on page 

2018-10-24 23:22:04 - [MESSAGE][PASSED] - Text 'Sign Up' is present on page 

2018-10-24 23:22:04 - [TEST_STEP][PASSED] - verifyElementPresent: Object 'Object Repository/Test Objects/Pages/Page_StackExchangeHome/sectioncontent' is present

2018-10-24 23:22:04 - [MESSAGE][PASSED] - Object 'Object Repository/Test Objects/Pages/Page_StackExchangeHome/sectioncontent' is present

2018-10-24 23:22:04 - [TEST_STEP][PASSED] - verifyTextPresent: Text 'Stack Exchange' is present on page 

2018-10-24 23:22:05 - [MESSAGE][PASSED] - Text 'Stack Exchange' is present on page 

2018-10-24 23:22:05 - [TEST_STEP][PASSED] - takeScreenshot: Taking screenshot successfully

2018-10-24 23:22:06 - [MESSAGE][PASSED] - Taking screenshot successfully
[[ATTACHMENT|C:\\Users\\Ronnachai C\\Katalon Studio\\StackexchangeDemo\\Reports\\Login\\Login Test Suite\\20181024_232032\\1540398125596.png]]

2018-10-24 23:22:06 - [MESSAGE][PASSED] - Call Test Case 'Test Cases/Pages/01_Stack Exchage Homepage/The Homepage is loaded successfully' successfully

2018-10-24 23:22:06 - [TEST_STEP][PASSED] - callTestCase: Call Test Case 'Test Cases/Pages/01_Stack Exchage Homepage/To click the login link' successfully

2018-10-24 23:22:06 - [TEST_CASE][PASSED] - Test Cases/Pages/01_Stack Exchage Homepage/To click the login link: Test Cases/Pages/01_Stack Exchage Homepage/To click the login link

2018-10-24 23:22:06 - [TEST_STEP][PASSED] - waitForElementVisible: Object 'Object Repository/Test Objects/Pages/Page_StackExchangeHome/header_siteHeader' is visible

2018-10-24 23:22:06 - [MESSAGE][PASSED] - Object 'Object Repository/Test Objects/Pages/Page_StackExchangeHome/header_siteHeader' is visible

2018-10-24 23:22:06 - [TEST_STEP][PASSED] - click: Object: 'Object Repository/Test Objects/Pages/Page_StackExchangeHome/a_Log In' is clicked on

2018-10-24 23:22:07 - [MESSAGE][PASSED] - Object: 'Object Repository/Test Objects/Pages/Page_StackExchangeHome/a_Log In' is clicked on

2018-10-24 23:22:07 - [MESSAGE][PASSED] - Call Test Case 'Test Cases/Pages/01_Stack Exchage Homepage/To click the login link' successfully

2018-10-24 23:22:07 - [TEST_STEP][PASSED] - callTestCase: Call Test Case 'Test Cases/Pages/02_Log In Page/The Log In Page is loaded successfully' successfully

2018-10-24 23:22:07 - [TEST_CASE][PASSED] - Test Cases/Pages/02_Log In Page/The Log In Page is loaded successfully: Test Cases/Pages/02_Log In Page/The Log In Page is loaded successfully

2018-10-24 23:22:07 - [TEST_STEP][PASSED] - waitForElementVisible: Object 'Object Repository/Test Objects/Pages/Page_Log In/header_siteHeader' is visible

2018-10-24 23:22:07 - [MESSAGE][PASSED] - Object 'Object Repository/Test Objects/Pages/Page_Log In/header_siteHeader' is visible

2018-10-24 23:22:07 - [TEST_STEP][PASSED] - verifyTextPresent: Text 'Do you already have an account on one of these sites? Click the logo to' is present on page 

2018-10-24 23:22:08 - [MESSAGE][PASSED] - Text 'Do you already have an account on one of these sites? Click the logo to' is present on page 

2018-10-24 23:22:08 - [TEST_STEP][PASSED] - verifyElementPresent: Object 'Object Repository/Test Objects/Pages/Page_Log In/a_stack_exchange openid_large_' is present

2018-10-24 23:22:08 - [MESSAGE][PASSED] - Object 'Object Repository/Test Objects/Pages/Page_Log In/a_stack_exchange openid_large_' is present

2018-10-24 23:22:08 - [TEST_STEP][PASSED] - verifyElementPresent: Object 'Object Repository/Test Objects/Pages/Page_Log In/a_google openid_large_btn' is present

2018-10-24 23:22:08 - [MESSAGE][PASSED] - Object 'Object Repository/Test Objects/Pages/Page_Log In/a_google openid_large_btn' is present

2018-10-24 23:22:08 - [TEST_STEP][PASSED] - verifyElementPresent: Object 'Object Repository/Test Objects/Pages/Page_Log In/a_facebook openid_large_btn' is present

2018-10-24 23:22:08 - [MESSAGE][PASSED] - Object 'Object Repository/Test Objects/Pages/Page_Log In/a_facebook openid_large_btn' is present

2018-10-24 23:22:08 - [TEST_STEP][PASSED] - verifyElementPresent: Object 'Object Repository/Test Objects/Pages/Page_Log In/a_yahoo openid_large_btn' is present

2018-10-24 23:22:08 - [MESSAGE][PASSED] - Object 'Object Repository/Test Objects/Pages/Page_Log In/a_yahoo openid_large_btn' is present

2018-10-24 23:22:08 - [TEST_STEP][PASSED] - verifyTextPresent: Text 'click here to sign up' is present on page 

2018-10-24 23:22:08 - [MESSAGE][PASSED] - Text 'click here to sign up' is present on page 

2018-10-24 23:22:08 - [TEST_STEP][PASSED] - takeScreenshot: Taking screenshot successfully

2018-10-24 23:22:09 - [MESSAGE][PASSED] - Taking screenshot successfully
[[ATTACHMENT|C:\\Users\\Ronnachai C\\Katalon Studio\\StackexchangeDemo\\Reports\\Login\\Login Test Suite\\20181024_232032\\1540398128926.png]]

2018-10-24 23:22:09 - [MESSAGE][PASSED] - Call Test Case 'Test Cases/Pages/02_Log In Page/The Log In Page is loaded successfully' successfully

2018-10-24 23:22:09 - [TEST_STEP][PASSED] - callTestCase: Call Test Case 'Test Cases/Pages/02_Log In Page/To click the log in with stackexchange' successfully

2018-10-24 23:22:09 - [TEST_CASE][PASSED] - Test Cases/Pages/02_Log In Page/To click the log in with stackexchange: Test Cases/Pages/02_Log In Page/To click the log in with stackexchange

2018-10-24 23:22:09 - [TEST_STEP][PASSED] - waitForElementVisible: Object 'Object Repository/Test Objects/Pages/Page_Log In/header_siteHeader' is visible

2018-10-24 23:22:09 - [MESSAGE][PASSED] - Object 'Object Repository/Test Objects/Pages/Page_Log In/header_siteHeader' is visible

2018-10-24 23:22:09 - [TEST_STEP][PASSED] - click: Object: 'Object Repository/Test Objects/Pages/Page_Log In/a_stack_exchange openid_large_' is clicked on

2018-10-24 23:22:09 - [MESSAGE][PASSED] - Object: 'Object Repository/Test Objects/Pages/Page_Log In/a_stack_exchange openid_large_' is clicked on

2018-10-24 23:22:09 - [TEST_STEP][PASSED] - delay: Delayed 5 second(s)

2018-10-24 23:22:14 - [MESSAGE][PASSED] - Delayed 5 second(s)

2018-10-24 23:22:14 - [MESSAGE][PASSED] - Call Test Case 'Test Cases/Pages/02_Log In Page/To click the log in with stackexchange' successfully

2018-10-24 23:22:14 - [TEST_STEP][PASSED] - switchToFrame: Switched to iframe: 'Object Repository/Test Objects/Pages/Page_Log In/iFrame/Page_Log In/iframeaffiliate-signin-iframe'

2018-10-24 23:22:15 - [TEST_STEP][PASSED] - setText: Text 'charnjaroen@gmail.com' is set on object 'Object Repository/Test Objects/Pages/Page_Log In/iFrame/Page_Log In/input_email'

2018-10-24 23:22:15 - [MESSAGE][PASSED] - Text 'charnjaroen@gmail.com' is set on object 'Object Repository/Test Objects/Pages/Page_Log In/iFrame/Page_Log In/input_email'

2018-10-24 23:22:15 - [TEST_STEP][PASSED] - click: Object: 'Object Repository/Test Objects/Pages/Page_Log In/iFrame/Page_Log In/input_affiliate-button' is clicked on

2018-10-24 23:22:15 - [MESSAGE][PASSED] - Object: 'Object Repository/Test Objects/Pages/Page_Log In/iFrame/Page_Log In/input_affiliate-button' is clicked on

2018-10-24 23:22:15 - [TEST_STEP][PASSED] - verifyElementPresent: Object 'Object Repository/Test Objects/Pages/Page_Log In/iFrame/Page_Log In/p_Invalid email address' is present

2018-10-24 23:22:15 - [MESSAGE][WARNING] - Timeout '0' is invalid. Using default page load timeout: '30'

2018-10-24 23:22:16 - [MESSAGE][PASSED] - Object 'Object Repository/Test Objects/Pages/Page_Log In/iFrame/Page_Log In/p_Invalid email address' is present

2018-10-24 23:22:16 - [TEST_STEP][PASSED] - takeScreenshot: Taking screenshot successfully

2018-10-24 23:22:16 - [MESSAGE][PASSED] - Taking screenshot successfully
[[ATTACHMENT|C:\\Users\\Ronnachai C\\Katalon Studio\\StackexchangeDemo\\Reports\\Login\\Login Test Suite\\20181024_232032\\1540398136306.png]]

2018-10-24 23:22:16 - [TEST_STEP][PASSED] - Start listener action : afterTestcase: Browser is closed

2018-10-24 23:22:16 - [TEST_STEP][PASSED] - closeBrowser: Browser is closed

2018-10-24 23:22:17 - [MESSAGE][PASSED] - Browser is closed]]></system-out>
         <system-err><![CDATA[]]></system-err>
      </testcase>
      <testcase name="Test Cases/Tests/Log In/TC-SIN-004 Check for invalid username" classname="Test Cases/Tests/Log In/TC-SIN-004 Check for invalid username" status="PASSED">
         <system-out><![CDATA[2018-10-24 23:22:19 - [TEST_CASE][PASSED] - Test Cases/Tests/Log In/TC-SIN-004 Check for invalid username: Test Cases/Tests/Log In/TC-SIN-004 Check for invalid username

2018-10-24 23:22:19 - [TEST_STEP][PASSED] - Start listener action : beforeTestcase: Navigate to 'https://stackexchange.com/' successfully

2018-10-24 23:22:19 - [TEST_STEP][PASSED] - openBrowser: Browser is opened with url: ''

2018-10-24 23:22:22 - [MESSAGE][PASSED] - Browser is opened with url: ''

2018-10-24 23:22:22 - [TEST_STEP][PASSED] - maximizeWindow: Current window maximized

2018-10-24 23:22:23 - [MESSAGE][PASSED] - Current window maximized

2018-10-24 23:22:23 - [TEST_STEP][PASSED] - navigateToUrl: Navigate to 'https://stackexchange.com/' successfully

2018-10-24 23:22:26 - [MESSAGE][PASSED] - Navigate to 'https://stackexchange.com/' successfully

2018-10-24 23:22:26 - [TEST_STEP][PASSED] - callTestCase: Call Test Case 'Test Cases/Pages/01_Stack Exchage Homepage/The Homepage is loaded successfully' successfully

2018-10-24 23:22:26 - [TEST_CASE][PASSED] - Test Cases/Pages/01_Stack Exchage Homepage/The Homepage is loaded successfully: Test Cases/Pages/01_Stack Exchage Homepage/The Homepage is loaded successfully

2018-10-24 23:22:26 - [TEST_STEP][PASSED] - waitForElementVisible: Object 'Object Repository/Test Objects/Pages/Page_StackExchangeHome/header_top-bar js-top-bar' is visible

2018-10-24 23:22:26 - [MESSAGE][PASSED] - Object 'Object Repository/Test Objects/Pages/Page_StackExchangeHome/header_top-bar js-top-bar' is visible

2018-10-24 23:22:26 - [TEST_STEP][PASSED] - waitForElementVisible: Object 'Object Repository/Test Objects/Pages/Page_StackExchangeHome/header_siteHeader' is visible

2018-10-24 23:22:26 - [MESSAGE][PASSED] - Object 'Object Repository/Test Objects/Pages/Page_StackExchangeHome/header_siteHeader' is visible

2018-10-24 23:22:26 - [TEST_STEP][PASSED] - verifyElementPresent: Object 'Object Repository/Test Objects/Pages/Page_StackExchangeHome/a_-logo js-gps-track' is present

2018-10-24 23:22:27 - [MESSAGE][PASSED] - Object 'Object Repository/Test Objects/Pages/Page_StackExchangeHome/a_-logo js-gps-track' is present

2018-10-24 23:22:27 - [TEST_STEP][PASSED] - verifyTextPresent: Text 'Tour' is present on page 

2018-10-24 23:22:28 - [MESSAGE][PASSED] - Text 'Tour' is present on page 

2018-10-24 23:22:28 - [TEST_STEP][PASSED] - verifyTextPresent: Text 'About Us' is present on page 

2018-10-24 23:22:29 - [MESSAGE][PASSED] - Text 'About Us' is present on page 

2018-10-24 23:22:29 - [TEST_STEP][PASSED] - verifyTextPresent: Text 'Meta' is present on page 

2018-10-24 23:22:30 - [MESSAGE][PASSED] - Text 'Meta' is present on page 

2018-10-24 23:22:30 - [TEST_STEP][PASSED] - verifyElementPresent: Object 'Object Repository/Test Objects/Pages/Page_StackExchangeHome/input_q' is present

2018-10-24 23:22:30 - [MESSAGE][PASSED] - Object 'Object Repository/Test Objects/Pages/Page_StackExchangeHome/input_q' is present

2018-10-24 23:22:30 - [TEST_STEP][PASSED] - verifyTextPresent: Text 'Log In' is present on page 

2018-10-24 23:22:32 - [MESSAGE][PASSED] - Text 'Log In' is present on page 

2018-10-24 23:22:32 - [TEST_STEP][PASSED] - verifyTextPresent: Text 'Sign Up' is present on page 

2018-10-24 23:22:33 - [MESSAGE][PASSED] - Text 'Sign Up' is present on page 

2018-10-24 23:22:33 - [TEST_STEP][PASSED] - verifyElementPresent: Object 'Object Repository/Test Objects/Pages/Page_StackExchangeHome/sectioncontent' is present

2018-10-24 23:22:33 - [MESSAGE][PASSED] - Object 'Object Repository/Test Objects/Pages/Page_StackExchangeHome/sectioncontent' is present

2018-10-24 23:22:33 - [TEST_STEP][PASSED] - verifyTextPresent: Text 'Stack Exchange' is present on page 

2018-10-24 23:22:34 - [MESSAGE][PASSED] - Text 'Stack Exchange' is present on page 

2018-10-24 23:22:34 - [TEST_STEP][PASSED] - takeScreenshot: Taking screenshot successfully

2018-10-24 23:22:35 - [MESSAGE][PASSED] - Taking screenshot successfully
[[ATTACHMENT|C:\\Users\\Ronnachai C\\Katalon Studio\\StackexchangeDemo\\Reports\\Login\\Login Test Suite\\20181024_232032\\1540398154803.png]]

2018-10-24 23:22:35 - [MESSAGE][PASSED] - Call Test Case 'Test Cases/Pages/01_Stack Exchage Homepage/The Homepage is loaded successfully' successfully

2018-10-24 23:22:35 - [TEST_STEP][PASSED] - callTestCase: Call Test Case 'Test Cases/Pages/01_Stack Exchage Homepage/To click the login link' successfully

2018-10-24 23:22:35 - [TEST_CASE][PASSED] - Test Cases/Pages/01_Stack Exchage Homepage/To click the login link: Test Cases/Pages/01_Stack Exchage Homepage/To click the login link

2018-10-24 23:22:35 - [TEST_STEP][PASSED] - waitForElementVisible: Object 'Object Repository/Test Objects/Pages/Page_StackExchangeHome/header_siteHeader' is visible

2018-10-24 23:22:35 - [MESSAGE][PASSED] - Object 'Object Repository/Test Objects/Pages/Page_StackExchangeHome/header_siteHeader' is visible

2018-10-24 23:22:35 - [TEST_STEP][PASSED] - click: Object: 'Object Repository/Test Objects/Pages/Page_StackExchangeHome/a_Log In' is clicked on

2018-10-24 23:22:36 - [MESSAGE][PASSED] - Object: 'Object Repository/Test Objects/Pages/Page_StackExchangeHome/a_Log In' is clicked on

2018-10-24 23:22:36 - [MESSAGE][PASSED] - Call Test Case 'Test Cases/Pages/01_Stack Exchage Homepage/To click the login link' successfully

2018-10-24 23:22:36 - [TEST_STEP][PASSED] - callTestCase: Call Test Case 'Test Cases/Pages/02_Log In Page/The Log In Page is loaded successfully' successfully

2018-10-24 23:22:36 - [TEST_CASE][PASSED] - Test Cases/Pages/02_Log In Page/The Log In Page is loaded successfully: Test Cases/Pages/02_Log In Page/The Log In Page is loaded successfully

2018-10-24 23:22:36 - [TEST_STEP][PASSED] - waitForElementVisible: Object 'Object Repository/Test Objects/Pages/Page_Log In/header_siteHeader' is visible

2018-10-24 23:22:36 - [MESSAGE][PASSED] - Object 'Object Repository/Test Objects/Pages/Page_Log In/header_siteHeader' is visible

2018-10-24 23:22:36 - [TEST_STEP][PASSED] - verifyTextPresent: Text 'Do you already have an account on one of these sites? Click the logo to' is present on page 

2018-10-24 23:22:37 - [MESSAGE][PASSED] - Text 'Do you already have an account on one of these sites? Click the logo to' is present on page 

2018-10-24 23:22:37 - [TEST_STEP][PASSED] - verifyElementPresent: Object 'Object Repository/Test Objects/Pages/Page_Log In/a_stack_exchange openid_large_' is present

2018-10-24 23:22:37 - [MESSAGE][PASSED] - Object 'Object Repository/Test Objects/Pages/Page_Log In/a_stack_exchange openid_large_' is present

2018-10-24 23:22:37 - [TEST_STEP][PASSED] - verifyElementPresent: Object 'Object Repository/Test Objects/Pages/Page_Log In/a_google openid_large_btn' is present

2018-10-24 23:22:37 - [MESSAGE][PASSED] - Object 'Object Repository/Test Objects/Pages/Page_Log In/a_google openid_large_btn' is present

2018-10-24 23:22:37 - [TEST_STEP][PASSED] - verifyElementPresent: Object 'Object Repository/Test Objects/Pages/Page_Log In/a_facebook openid_large_btn' is present

2018-10-24 23:22:37 - [MESSAGE][PASSED] - Object 'Object Repository/Test Objects/Pages/Page_Log In/a_facebook openid_large_btn' is present

2018-10-24 23:22:37 - [TEST_STEP][PASSED] - verifyElementPresent: Object 'Object Repository/Test Objects/Pages/Page_Log In/a_yahoo openid_large_btn' is present

2018-10-24 23:22:37 - [MESSAGE][PASSED] - Object 'Object Repository/Test Objects/Pages/Page_Log In/a_yahoo openid_large_btn' is present

2018-10-24 23:22:37 - [TEST_STEP][PASSED] - verifyTextPresent: Text 'click here to sign up' is present on page 

2018-10-24 23:22:37 - [MESSAGE][PASSED] - Text 'click here to sign up' is present on page 

2018-10-24 23:22:37 - [TEST_STEP][PASSED] - takeScreenshot: Taking screenshot successfully

2018-10-24 23:22:38 - [MESSAGE][PASSED] - Taking screenshot successfully
[[ATTACHMENT|C:\\Users\\Ronnachai C\\Katalon Studio\\StackexchangeDemo\\Reports\\Login\\Login Test Suite\\20181024_232032\\1540398157936.png]]

2018-10-24 23:22:38 - [MESSAGE][PASSED] - Call Test Case 'Test Cases/Pages/02_Log In Page/The Log In Page is loaded successfully' successfully

2018-10-24 23:22:38 - [TEST_STEP][PASSED] - callTestCase: Call Test Case 'Test Cases/Pages/02_Log In Page/To click the log in with stackexchange' successfully

2018-10-24 23:22:38 - [TEST_CASE][PASSED] - Test Cases/Pages/02_Log In Page/To click the log in with stackexchange: Test Cases/Pages/02_Log In Page/To click the log in with stackexchange

2018-10-24 23:22:38 - [TEST_STEP][PASSED] - waitForElementVisible: Object 'Object Repository/Test Objects/Pages/Page_Log In/header_siteHeader' is visible

2018-10-24 23:22:38 - [MESSAGE][PASSED] - Object 'Object Repository/Test Objects/Pages/Page_Log In/header_siteHeader' is visible

2018-10-24 23:22:38 - [TEST_STEP][PASSED] - click: Object: 'Object Repository/Test Objects/Pages/Page_Log In/a_stack_exchange openid_large_' is clicked on

2018-10-24 23:22:38 - [MESSAGE][PASSED] - Object: 'Object Repository/Test Objects/Pages/Page_Log In/a_stack_exchange openid_large_' is clicked on

2018-10-24 23:22:38 - [TEST_STEP][PASSED] - delay: Delayed 5 second(s)

2018-10-24 23:22:43 - [MESSAGE][PASSED] - Delayed 5 second(s)

2018-10-24 23:22:43 - [MESSAGE][PASSED] - Call Test Case 'Test Cases/Pages/02_Log In Page/To click the log in with stackexchange' successfully

2018-10-24 23:22:43 - [TEST_STEP][PASSED] - switchToFrame: Timeout '0' is invalid. Using default page load timeout: '30'

2018-10-24 23:22:43 - [MESSAGE][WARNING] - Timeout '0' is invalid. Using default page load timeout: '30'

2018-10-24 23:22:43 - [TEST_STEP][PASSED] - setText: Text 'charnjaroen' is set on object 'Object Repository/Test Objects/Pages/Page_Log In/iFrame/Page_Log In/input_email'

2018-10-24 23:22:44 - [MESSAGE][PASSED] - Text 'charnjaroen' is set on object 'Object Repository/Test Objects/Pages/Page_Log In/iFrame/Page_Log In/input_email'

2018-10-24 23:22:44 - [TEST_STEP][PASSED] - setEncryptedText: Text ****** has been set on object 'Object Repository/Test Objects/Pages/Page_Log In/iFrame/Page_Log In/input_password'

2018-10-24 23:22:44 - [MESSAGE][PASSED] - Text ****** has been set on object 'Object Repository/Test Objects/Pages/Page_Log In/iFrame/Page_Log In/input_password'

2018-10-24 23:22:44 - [TEST_STEP][PASSED] - click: Object: 'Object Repository/Test Objects/Pages/Page_Log In/iFrame/Page_Log In/input_affiliate-button' is clicked on

2018-10-24 23:22:44 - [MESSAGE][PASSED] - Object: 'Object Repository/Test Objects/Pages/Page_Log In/iFrame/Page_Log In/input_affiliate-button' is clicked on

2018-10-24 23:22:44 - [TEST_STEP][PASSED] - verifyElementPresent: Object 'Object Repository/Test Objects/Pages/Page_Log In/iFrame/Page_Log In/p_Invalid email address' is present

2018-10-24 23:22:45 - [MESSAGE][PASSED] - Object 'Object Repository/Test Objects/Pages/Page_Log In/iFrame/Page_Log In/p_Invalid email address' is present

2018-10-24 23:22:45 - [TEST_STEP][PASSED] - takeScreenshot: Taking screenshot successfully

2018-10-24 23:22:45 - [MESSAGE][PASSED] - Taking screenshot successfully
[[ATTACHMENT|C:\\Users\\Ronnachai C\\Katalon Studio\\StackexchangeDemo\\Reports\\Login\\Login Test Suite\\20181024_232032\\1540398165134.png]]

2018-10-24 23:22:45 - [TEST_STEP][PASSED] - Start listener action : afterTestcase: Browser is closed

2018-10-24 23:22:45 - [TEST_STEP][PASSED] - closeBrowser: Browser is closed

2018-10-24 23:22:46 - [MESSAGE][PASSED] - Browser is closed]]></system-out>
         <system-err><![CDATA[]]></system-err>
      </testcase>
      <testcase name="Test Cases/Tests/Log In/TC-SIN-005 Check for invalid password" classname="Test Cases/Tests/Log In/TC-SIN-005 Check for invalid password" status="PASSED">
         <system-out><![CDATA[2018-10-24 23:22:48 - [TEST_CASE][PASSED] - Test Cases/Tests/Log In/TC-SIN-005 Check for invalid password: Test Cases/Tests/Log In/TC-SIN-005 Check for invalid password

2018-10-24 23:22:48 - [TEST_STEP][PASSED] - Start listener action : beforeTestcase: Navigate to 'https://stackexchange.com/' successfully

2018-10-24 23:22:48 - [TEST_STEP][PASSED] - openBrowser: Browser is opened with url: ''

2018-10-24 23:22:51 - [MESSAGE][PASSED] - Browser is opened with url: ''

2018-10-24 23:22:51 - [TEST_STEP][PASSED] - maximizeWindow: Current window maximized

2018-10-24 23:22:52 - [MESSAGE][PASSED] - Current window maximized

2018-10-24 23:22:52 - [TEST_STEP][PASSED] - navigateToUrl: Navigate to 'https://stackexchange.com/' successfully

2018-10-24 23:22:54 - [MESSAGE][PASSED] - Navigate to 'https://stackexchange.com/' successfully

2018-10-24 23:22:55 - [TEST_STEP][PASSED] - callTestCase: Call Test Case 'Test Cases/Pages/01_Stack Exchage Homepage/The Homepage is loaded successfully' successfully

2018-10-24 23:22:55 - [TEST_CASE][PASSED] - Test Cases/Pages/01_Stack Exchage Homepage/The Homepage is loaded successfully: Test Cases/Pages/01_Stack Exchage Homepage/The Homepage is loaded successfully

2018-10-24 23:22:55 - [TEST_STEP][PASSED] - waitForElementVisible: Object 'Object Repository/Test Objects/Pages/Page_StackExchangeHome/header_top-bar js-top-bar' is visible

2018-10-24 23:22:55 - [MESSAGE][PASSED] - Object 'Object Repository/Test Objects/Pages/Page_StackExchangeHome/header_top-bar js-top-bar' is visible

2018-10-24 23:22:55 - [TEST_STEP][PASSED] - waitForElementVisible: Object 'Object Repository/Test Objects/Pages/Page_StackExchangeHome/header_siteHeader' is visible

2018-10-24 23:22:55 - [MESSAGE][PASSED] - Object 'Object Repository/Test Objects/Pages/Page_StackExchangeHome/header_siteHeader' is visible

2018-10-24 23:22:55 - [TEST_STEP][PASSED] - verifyElementPresent: Object 'Object Repository/Test Objects/Pages/Page_StackExchangeHome/a_-logo js-gps-track' is present

2018-10-24 23:22:55 - [MESSAGE][PASSED] - Object 'Object Repository/Test Objects/Pages/Page_StackExchangeHome/a_-logo js-gps-track' is present

2018-10-24 23:22:55 - [TEST_STEP][PASSED] - verifyTextPresent: Text 'Tour' is present on page 

2018-10-24 23:22:57 - [MESSAGE][PASSED] - Text 'Tour' is present on page 

2018-10-24 23:22:57 - [TEST_STEP][PASSED] - verifyTextPresent: Text 'About Us' is present on page 

2018-10-24 23:22:58 - [MESSAGE][PASSED] - Text 'About Us' is present on page 

2018-10-24 23:22:58 - [TEST_STEP][PASSED] - verifyTextPresent: Text 'Meta' is present on page 

2018-10-24 23:22:59 - [MESSAGE][PASSED] - Text 'Meta' is present on page 

2018-10-24 23:22:59 - [TEST_STEP][PASSED] - verifyElementPresent: Object 'Object Repository/Test Objects/Pages/Page_StackExchangeHome/input_q' is present

2018-10-24 23:22:59 - [MESSAGE][PASSED] - Object 'Object Repository/Test Objects/Pages/Page_StackExchangeHome/input_q' is present

2018-10-24 23:22:59 - [TEST_STEP][PASSED] - verifyTextPresent: Text 'Log In' is present on page 

2018-10-24 23:23:00 - [MESSAGE][PASSED] - Text 'Log In' is present on page 

2018-10-24 23:23:00 - [TEST_STEP][PASSED] - verifyTextPresent: Text 'Sign Up' is present on page 

2018-10-24 23:23:01 - [MESSAGE][PASSED] - Text 'Sign Up' is present on page 

2018-10-24 23:23:01 - [TEST_STEP][PASSED] - verifyElementPresent: Object 'Object Repository/Test Objects/Pages/Page_StackExchangeHome/sectioncontent' is present

2018-10-24 23:23:01 - [MESSAGE][PASSED] - Object 'Object Repository/Test Objects/Pages/Page_StackExchangeHome/sectioncontent' is present

2018-10-24 23:23:01 - [TEST_STEP][PASSED] - verifyTextPresent: Text 'Stack Exchange' is present on page 

2018-10-24 23:23:03 - [MESSAGE][PASSED] - Text 'Stack Exchange' is present on page 

2018-10-24 23:23:03 - [TEST_STEP][PASSED] - takeScreenshot: Taking screenshot successfully

2018-10-24 23:23:03 - [MESSAGE][PASSED] - Taking screenshot successfully
[[ATTACHMENT|C:\\Users\\Ronnachai C\\Katalon Studio\\StackexchangeDemo\\Reports\\Login\\Login Test Suite\\20181024_232032\\1540398183150.png]]

2018-10-24 23:23:03 - [MESSAGE][PASSED] - Call Test Case 'Test Cases/Pages/01_Stack Exchage Homepage/The Homepage is loaded successfully' successfully

2018-10-24 23:23:03 - [TEST_STEP][PASSED] - callTestCase: Call Test Case 'Test Cases/Pages/01_Stack Exchage Homepage/To click the login link' successfully

2018-10-24 23:23:03 - [TEST_CASE][PASSED] - Test Cases/Pages/01_Stack Exchage Homepage/To click the login link: Test Cases/Pages/01_Stack Exchage Homepage/To click the login link

2018-10-24 23:23:03 - [TEST_STEP][PASSED] - waitForElementVisible: Object 'Object Repository/Test Objects/Pages/Page_StackExchangeHome/header_siteHeader' is visible

2018-10-24 23:23:03 - [MESSAGE][PASSED] - Object 'Object Repository/Test Objects/Pages/Page_StackExchangeHome/header_siteHeader' is visible

2018-10-24 23:23:03 - [TEST_STEP][PASSED] - click: Object: 'Object Repository/Test Objects/Pages/Page_StackExchangeHome/a_Log In' is clicked on

2018-10-24 23:23:04 - [MESSAGE][PASSED] - Object: 'Object Repository/Test Objects/Pages/Page_StackExchangeHome/a_Log In' is clicked on

2018-10-24 23:23:04 - [MESSAGE][PASSED] - Call Test Case 'Test Cases/Pages/01_Stack Exchage Homepage/To click the login link' successfully

2018-10-24 23:23:04 - [TEST_STEP][PASSED] - callTestCase: Call Test Case 'Test Cases/Pages/02_Log In Page/The Log In Page is loaded successfully' successfully

2018-10-24 23:23:05 - [TEST_CASE][PASSED] - Test Cases/Pages/02_Log In Page/The Log In Page is loaded successfully: Test Cases/Pages/02_Log In Page/The Log In Page is loaded successfully

2018-10-24 23:23:05 - [TEST_STEP][PASSED] - waitForElementVisible: Object 'Object Repository/Test Objects/Pages/Page_Log In/header_siteHeader' is visible

2018-10-24 23:23:05 - [MESSAGE][PASSED] - Object 'Object Repository/Test Objects/Pages/Page_Log In/header_siteHeader' is visible

2018-10-24 23:23:05 - [TEST_STEP][PASSED] - verifyTextPresent: Text 'Do you already have an account on one of these sites? Click the logo to' is present on page 

2018-10-24 23:23:05 - [MESSAGE][PASSED] - Text 'Do you already have an account on one of these sites? Click the logo to' is present on page 

2018-10-24 23:23:05 - [TEST_STEP][PASSED] - verifyElementPresent: Object 'Object Repository/Test Objects/Pages/Page_Log In/a_stack_exchange openid_large_' is present

2018-10-24 23:23:05 - [MESSAGE][PASSED] - Object 'Object Repository/Test Objects/Pages/Page_Log In/a_stack_exchange openid_large_' is present

2018-10-24 23:23:05 - [TEST_STEP][PASSED] - verifyElementPresent: Object 'Object Repository/Test Objects/Pages/Page_Log In/a_google openid_large_btn' is present

2018-10-24 23:23:05 - [MESSAGE][PASSED] - Object 'Object Repository/Test Objects/Pages/Page_Log In/a_google openid_large_btn' is present

2018-10-24 23:23:05 - [TEST_STEP][PASSED] - verifyElementPresent: Object 'Object Repository/Test Objects/Pages/Page_Log In/a_facebook openid_large_btn' is present

2018-10-24 23:23:05 - [MESSAGE][PASSED] - Object 'Object Repository/Test Objects/Pages/Page_Log In/a_facebook openid_large_btn' is present

2018-10-24 23:23:05 - [TEST_STEP][PASSED] - verifyElementPresent: Object 'Object Repository/Test Objects/Pages/Page_Log In/a_yahoo openid_large_btn' is present

2018-10-24 23:23:05 - [MESSAGE][PASSED] - Object 'Object Repository/Test Objects/Pages/Page_Log In/a_yahoo openid_large_btn' is present

2018-10-24 23:23:05 - [TEST_STEP][PASSED] - verifyTextPresent: Text 'click here to sign up' is present on page 

2018-10-24 23:23:06 - [MESSAGE][PASSED] - Text 'click here to sign up' is present on page 

2018-10-24 23:23:06 - [TEST_STEP][PASSED] - takeScreenshot: Taking screenshot successfully

2018-10-24 23:23:06 - [MESSAGE][PASSED] - Taking screenshot successfully
[[ATTACHMENT|C:\\Users\\Ronnachai C\\Katalon Studio\\StackexchangeDemo\\Reports\\Login\\Login Test Suite\\20181024_232032\\1540398186244.png]]

2018-10-24 23:23:06 - [MESSAGE][PASSED] - Call Test Case 'Test Cases/Pages/02_Log In Page/The Log In Page is loaded successfully' successfully

2018-10-24 23:23:06 - [TEST_STEP][PASSED] - callTestCase: Call Test Case 'Test Cases/Pages/02_Log In Page/To click the log in with stackexchange' successfully

2018-10-24 23:23:06 - [TEST_CASE][PASSED] - Test Cases/Pages/02_Log In Page/To click the log in with stackexchange: Test Cases/Pages/02_Log In Page/To click the log in with stackexchange

2018-10-24 23:23:06 - [TEST_STEP][PASSED] - waitForElementVisible: Object 'Object Repository/Test Objects/Pages/Page_Log In/header_siteHeader' is visible

2018-10-24 23:23:06 - [MESSAGE][PASSED] - Object 'Object Repository/Test Objects/Pages/Page_Log In/header_siteHeader' is visible

2018-10-24 23:23:06 - [TEST_STEP][PASSED] - click: Object: 'Object Repository/Test Objects/Pages/Page_Log In/a_stack_exchange openid_large_' is clicked on

2018-10-24 23:23:07 - [MESSAGE][PASSED] - Object: 'Object Repository/Test Objects/Pages/Page_Log In/a_stack_exchange openid_large_' is clicked on

2018-10-24 23:23:07 - [TEST_STEP][PASSED] - delay: Delayed 5 second(s)

2018-10-24 23:23:12 - [MESSAGE][PASSED] - Delayed 5 second(s)

2018-10-24 23:23:12 - [MESSAGE][PASSED] - Call Test Case 'Test Cases/Pages/02_Log In Page/To click the log in with stackexchange' successfully

2018-10-24 23:23:12 - [TEST_STEP][PASSED] - switchToFrame: Switched to iframe: 'Object Repository/Test Objects/Pages/Page_Log In/iFrame/Page_Log In/iframeaffiliate-signin-iframe'

2018-10-24 23:23:12 - [TEST_STEP][PASSED] - setText: Text 'charnjaroen@gmail.com' is set on object 'Object Repository/Test Objects/Pages/Page_Log In/iFrame/Page_Log In/input_email'

2018-10-24 23:23:12 - [MESSAGE][PASSED] - Text 'charnjaroen@gmail.com' is set on object 'Object Repository/Test Objects/Pages/Page_Log In/iFrame/Page_Log In/input_email'

2018-10-24 23:23:12 - [TEST_STEP][PASSED] - setEncryptedText: Text ****** has been set on object 'Object Repository/Test Objects/Pages/Page_Log In/iFrame/Page_Log In/input_password'

2018-10-24 23:23:12 - [MESSAGE][PASSED] - Text ****** has been set on object 'Object Repository/Test Objects/Pages/Page_Log In/iFrame/Page_Log In/input_password'

2018-10-24 23:23:12 - [TEST_STEP][PASSED] - click: Object: 'Object Repository/Test Objects/Pages/Page_Log In/iFrame/Page_Log In/input_affiliate-button' is clicked on

2018-10-24 23:23:13 - [MESSAGE][PASSED] - Object: 'Object Repository/Test Objects/Pages/Page_Log In/iFrame/Page_Log In/input_affiliate-button' is clicked on

2018-10-24 23:23:13 - [TEST_STEP][PASSED] - verifyElementPresent: Object 'Object Repository/Test Objects/Pages/Page_Log In/iFrame/Page_Log In/p_Invalid email address' is present

2018-10-24 23:23:13 - [MESSAGE][PASSED] - Object 'Object Repository/Test Objects/Pages/Page_Log In/iFrame/Page_Log In/p_Invalid email address' is present

2018-10-24 23:23:13 - [TEST_STEP][PASSED] - takeScreenshot: Taking screenshot successfully

2018-10-24 23:23:14 - [MESSAGE][PASSED] - Taking screenshot successfully
[[ATTACHMENT|C:\\Users\\Ronnachai C\\Katalon Studio\\StackexchangeDemo\\Reports\\Login\\Login Test Suite\\20181024_232032\\1540398193627.png]]

2018-10-24 23:23:14 - [TEST_STEP][PASSED] - Start listener action : afterTestcase: Browser is closed

2018-10-24 23:23:14 - [TEST_STEP][PASSED] - closeBrowser: Browser is closed

2018-10-24 23:23:14 - [MESSAGE][PASSED] - Browser is closed]]></system-out>
         <system-err><![CDATA[]]></system-err>
      </testcase>
      <testcase name="Test Cases/Tests/Log In/TC-SIN-006 Check for valid username and password via stackexchange" classname="Test Cases/Tests/Log In/TC-SIN-006 Check for valid username and password via stackexchange" status="PASSED">
         <system-out><![CDATA[2018-10-24 23:23:17 - [TEST_CASE][PASSED] - Test Cases/Tests/Log In/TC-SIN-006 Check for valid username and password via stackexchange: Test Cases/Tests/Log In/TC-SIN-006 Check for valid username and password via stackexchange

2018-10-24 23:23:17 - [TEST_STEP][PASSED] - Start listener action : beforeTestcase: Navigate to 'https://stackexchange.com/' successfully

2018-10-24 23:23:17 - [TEST_STEP][PASSED] - openBrowser: Browser is opened with url: ''

2018-10-24 23:23:19 - [MESSAGE][PASSED] - Browser is opened with url: ''

2018-10-24 23:23:19 - [TEST_STEP][PASSED] - maximizeWindow: Current window maximized

2018-10-24 23:23:20 - [MESSAGE][PASSED] - Current window maximized

2018-10-24 23:23:20 - [TEST_STEP][PASSED] - navigateToUrl: Navigate to 'https://stackexchange.com/' successfully

2018-10-24 23:23:23 - [MESSAGE][PASSED] - Navigate to 'https://stackexchange.com/' successfully

2018-10-24 23:23:23 - [TEST_STEP][PASSED] - callTestCase: Call Test Case 'Test Cases/Pages/01_Stack Exchage Homepage/The Homepage is loaded successfully' successfully

2018-10-24 23:23:23 - [TEST_CASE][PASSED] - Test Cases/Pages/01_Stack Exchage Homepage/The Homepage is loaded successfully: Test Cases/Pages/01_Stack Exchage Homepage/The Homepage is loaded successfully

2018-10-24 23:23:23 - [TEST_STEP][PASSED] - waitForElementVisible: Object 'Object Repository/Test Objects/Pages/Page_StackExchangeHome/header_top-bar js-top-bar' is visible

2018-10-24 23:23:24 - [MESSAGE][PASSED] - Object 'Object Repository/Test Objects/Pages/Page_StackExchangeHome/header_top-bar js-top-bar' is visible

2018-10-24 23:23:24 - [TEST_STEP][PASSED] - waitForElementVisible: Object 'Object Repository/Test Objects/Pages/Page_StackExchangeHome/header_siteHeader' is visible

2018-10-24 23:23:24 - [MESSAGE][PASSED] - Object 'Object Repository/Test Objects/Pages/Page_StackExchangeHome/header_siteHeader' is visible

2018-10-24 23:23:24 - [TEST_STEP][PASSED] - verifyElementPresent: Object 'Object Repository/Test Objects/Pages/Page_StackExchangeHome/a_-logo js-gps-track' is present

2018-10-24 23:23:24 - [MESSAGE][PASSED] - Object 'Object Repository/Test Objects/Pages/Page_StackExchangeHome/a_-logo js-gps-track' is present

2018-10-24 23:23:24 - [TEST_STEP][PASSED] - verifyTextPresent: Text 'Tour' is present on page 

2018-10-24 23:23:25 - [MESSAGE][PASSED] - Text 'Tour' is present on page 

2018-10-24 23:23:25 - [TEST_STEP][PASSED] - verifyTextPresent: Text 'About Us' is present on page 

2018-10-24 23:23:26 - [MESSAGE][PASSED] - Text 'About Us' is present on page 

2018-10-24 23:23:26 - [TEST_STEP][PASSED] - verifyTextPresent: Text 'Meta' is present on page 

2018-10-24 23:23:27 - [MESSAGE][PASSED] - Text 'Meta' is present on page 

2018-10-24 23:23:27 - [TEST_STEP][PASSED] - verifyElementPresent: Object 'Object Repository/Test Objects/Pages/Page_StackExchangeHome/input_q' is present

2018-10-24 23:23:27 - [MESSAGE][PASSED] - Object 'Object Repository/Test Objects/Pages/Page_StackExchangeHome/input_q' is present

2018-10-24 23:23:27 - [TEST_STEP][PASSED] - verifyTextPresent: Text 'Log In' is present on page 

2018-10-24 23:23:28 - [MESSAGE][PASSED] - Text 'Log In' is present on page 

2018-10-24 23:23:28 - [TEST_STEP][PASSED] - verifyTextPresent: Text 'Sign Up' is present on page 

2018-10-24 23:23:30 - [MESSAGE][PASSED] - Text 'Sign Up' is present on page 

2018-10-24 23:23:30 - [TEST_STEP][PASSED] - verifyElementPresent: Object 'Object Repository/Test Objects/Pages/Page_StackExchangeHome/sectioncontent' is present

2018-10-24 23:23:30 - [MESSAGE][PASSED] - Object 'Object Repository/Test Objects/Pages/Page_StackExchangeHome/sectioncontent' is present

2018-10-24 23:23:30 - [TEST_STEP][PASSED] - verifyTextPresent: Text 'Stack Exchange' is present on page 

2018-10-24 23:23:31 - [MESSAGE][PASSED] - Text 'Stack Exchange' is present on page 

2018-10-24 23:23:31 - [TEST_STEP][PASSED] - takeScreenshot: Taking screenshot successfully

2018-10-24 23:23:31 - [MESSAGE][PASSED] - Taking screenshot successfully
[[ATTACHMENT|C:\\Users\\Ronnachai C\\Katalon Studio\\StackexchangeDemo\\Reports\\Login\\Login Test Suite\\20181024_232032\\1540398211370.png]]

2018-10-24 23:23:31 - [MESSAGE][PASSED] - Call Test Case 'Test Cases/Pages/01_Stack Exchage Homepage/The Homepage is loaded successfully' successfully

2018-10-24 23:23:31 - [TEST_STEP][PASSED] - callTestCase: Call Test Case 'Test Cases/Pages/01_Stack Exchage Homepage/To click the login link' successfully

2018-10-24 23:23:31 - [TEST_CASE][PASSED] - Test Cases/Pages/01_Stack Exchage Homepage/To click the login link: Test Cases/Pages/01_Stack Exchage Homepage/To click the login link

2018-10-24 23:23:31 - [TEST_STEP][PASSED] - waitForElementVisible: Object 'Object Repository/Test Objects/Pages/Page_StackExchangeHome/header_siteHeader' is visible

2018-10-24 23:23:31 - [MESSAGE][PASSED] - Object 'Object Repository/Test Objects/Pages/Page_StackExchangeHome/header_siteHeader' is visible

2018-10-24 23:23:31 - [TEST_STEP][PASSED] - click: Object: 'Object Repository/Test Objects/Pages/Page_StackExchangeHome/a_Log In' is clicked on

2018-10-24 23:23:33 - [MESSAGE][PASSED] - Object: 'Object Repository/Test Objects/Pages/Page_StackExchangeHome/a_Log In' is clicked on

2018-10-24 23:23:33 - [MESSAGE][PASSED] - Call Test Case 'Test Cases/Pages/01_Stack Exchage Homepage/To click the login link' successfully

2018-10-24 23:23:33 - [TEST_STEP][PASSED] - callTestCase: Call Test Case 'Test Cases/Pages/02_Log In Page/The Log In Page is loaded successfully' successfully

2018-10-24 23:23:33 - [TEST_CASE][PASSED] - Test Cases/Pages/02_Log In Page/The Log In Page is loaded successfully: Test Cases/Pages/02_Log In Page/The Log In Page is loaded successfully

2018-10-24 23:23:33 - [TEST_STEP][PASSED] - waitForElementVisible: Object 'Object Repository/Test Objects/Pages/Page_Log In/header_siteHeader' is visible

2018-10-24 23:23:33 - [MESSAGE][PASSED] - Object 'Object Repository/Test Objects/Pages/Page_Log In/header_siteHeader' is visible

2018-10-24 23:23:33 - [TEST_STEP][PASSED] - verifyTextPresent: Text 'Do you already have an account on one of these sites? Click the logo to' is present on page 

2018-10-24 23:23:33 - [MESSAGE][PASSED] - Text 'Do you already have an account on one of these sites? Click the logo to' is present on page 

2018-10-24 23:23:33 - [TEST_STEP][PASSED] - verifyElementPresent: Object 'Object Repository/Test Objects/Pages/Page_Log In/a_stack_exchange openid_large_' is present

2018-10-24 23:23:33 - [MESSAGE][PASSED] - Object 'Object Repository/Test Objects/Pages/Page_Log In/a_stack_exchange openid_large_' is present

2018-10-24 23:23:33 - [TEST_STEP][PASSED] - verifyElementPresent: Object 'Object Repository/Test Objects/Pages/Page_Log In/a_google openid_large_btn' is present

2018-10-24 23:23:33 - [MESSAGE][PASSED] - Object 'Object Repository/Test Objects/Pages/Page_Log In/a_google openid_large_btn' is present

2018-10-24 23:23:33 - [TEST_STEP][PASSED] - verifyElementPresent: Object 'Object Repository/Test Objects/Pages/Page_Log In/a_facebook openid_large_btn' is present

2018-10-24 23:23:33 - [MESSAGE][PASSED] - Object 'Object Repository/Test Objects/Pages/Page_Log In/a_facebook openid_large_btn' is present

2018-10-24 23:23:33 - [TEST_STEP][PASSED] - verifyElementPresent: Object 'Object Repository/Test Objects/Pages/Page_Log In/a_yahoo openid_large_btn' is present

2018-10-24 23:23:33 - [MESSAGE][PASSED] - Object 'Object Repository/Test Objects/Pages/Page_Log In/a_yahoo openid_large_btn' is present

2018-10-24 23:23:33 - [TEST_STEP][PASSED] - verifyTextPresent: Text 'click here to sign up' is present on page 

2018-10-24 23:23:34 - [MESSAGE][PASSED] - Text 'click here to sign up' is present on page 

2018-10-24 23:23:34 - [TEST_STEP][PASSED] - takeScreenshot: Taking screenshot successfully

2018-10-24 23:23:34 - [MESSAGE][PASSED] - Taking screenshot successfully
[[ATTACHMENT|C:\\Users\\Ronnachai C\\Katalon Studio\\StackexchangeDemo\\Reports\\Login\\Login Test Suite\\20181024_232032\\1540398214269.png]]

2018-10-24 23:23:34 - [MESSAGE][PASSED] - Call Test Case 'Test Cases/Pages/02_Log In Page/The Log In Page is loaded successfully' successfully

2018-10-24 23:23:34 - [TEST_STEP][PASSED] - callTestCase: Call Test Case 'Test Cases/Pages/02_Log In Page/To click the log in with stackexchange' successfully

2018-10-24 23:23:34 - [TEST_CASE][PASSED] - Test Cases/Pages/02_Log In Page/To click the log in with stackexchange: Test Cases/Pages/02_Log In Page/To click the log in with stackexchange

2018-10-24 23:23:34 - [TEST_STEP][PASSED] - waitForElementVisible: Object 'Object Repository/Test Objects/Pages/Page_Log In/header_siteHeader' is visible

2018-10-24 23:23:34 - [MESSAGE][PASSED] - Object 'Object Repository/Test Objects/Pages/Page_Log In/header_siteHeader' is visible

2018-10-24 23:23:34 - [TEST_STEP][PASSED] - click: Object: 'Object Repository/Test Objects/Pages/Page_Log In/a_stack_exchange openid_large_' is clicked on

2018-10-24 23:23:35 - [MESSAGE][PASSED] - Object: 'Object Repository/Test Objects/Pages/Page_Log In/a_stack_exchange openid_large_' is clicked on

2018-10-24 23:23:35 - [TEST_STEP][PASSED] - delay: Delayed 5 second(s)

2018-10-24 23:23:40 - [MESSAGE][PASSED] - Delayed 5 second(s)

2018-10-24 23:23:40 - [MESSAGE][PASSED] - Call Test Case 'Test Cases/Pages/02_Log In Page/To click the log in with stackexchange' successfully

2018-10-24 23:23:40 - [TEST_STEP][PASSED] - switchToFrame: Switched to iframe: 'Object Repository/Test Objects/Pages/Page_Log In/iFrame/Page_Log In/iframeaffiliate-signin-iframe'

2018-10-24 23:23:40 - [TEST_STEP][PASSED] - setText: Text 'charnjaroen@gmail.com' is set on object 'Object Repository/Test Objects/Pages/Page_Log In/iFrame/Page_Log In/input_email'

2018-10-24 23:23:41 - [MESSAGE][PASSED] - Text 'charnjaroen@gmail.com' is set on object 'Object Repository/Test Objects/Pages/Page_Log In/iFrame/Page_Log In/input_email'

2018-10-24 23:23:41 - [TEST_STEP][PASSED] - setEncryptedText: Text ****** has been set on object 'Object Repository/Test Objects/Pages/Page_Log In/iFrame/Page_Log In/input_password'

2018-10-24 23:23:41 - [MESSAGE][PASSED] - Text ****** has been set on object 'Object Repository/Test Objects/Pages/Page_Log In/iFrame/Page_Log In/input_password'

2018-10-24 23:23:41 - [TEST_STEP][PASSED] - click: Object: 'Object Repository/Test Objects/Pages/Page_Log In/iFrame/Page_Log In/input_affiliate-button' is clicked on

2018-10-24 23:23:41 - [MESSAGE][PASSED] - Object: 'Object Repository/Test Objects/Pages/Page_Log In/iFrame/Page_Log In/input_affiliate-button' is clicked on

2018-10-24 23:23:41 - [TEST_STEP][PASSED] - delay: Delayed 10 second(s)

2018-10-24 23:23:51 - [MESSAGE][PASSED] - Delayed 10 second(s)

2018-10-24 23:23:51 - [TEST_STEP][PASSED] - switchToDefaultContent: Switching to default content

2018-10-24 23:23:52 - [TEST_STEP][PASSED] - callTestCase: Call Test Case 'Test Cases/Pages/03_Dashboard Page/The Dashboard Page is loaded successfully' successfully

2018-10-24 23:23:52 - [TEST_CASE][PASSED] - Test Cases/Pages/03_Dashboard Page/The Dashboard Page is loaded successfully: Test Cases/Pages/03_Dashboard Page/The Dashboard Page is loaded successfully

2018-10-24 23:23:52 - [TEST_STEP][PASSED] - waitForElementVisible: Object 'Object Repository/Test Objects/Pages/Page_LoginSuccess_Stack Exchange/header_Stack Exchange' is visible

2018-10-24 23:23:52 - [MESSAGE][PASSED] - Object 'Object Repository/Test Objects/Pages/Page_LoginSuccess_Stack Exchange/header_Stack Exchange' is visible

2018-10-24 23:23:52 - [TEST_STEP][PASSED] - verifyTextPresent: Text 'Tour' is present on page 

2018-10-24 23:23:53 - [MESSAGE][PASSED] - Text 'Tour' is present on page 

2018-10-24 23:23:53 - [TEST_STEP][PASSED] - verifyTextPresent: Text 'About Us' is present on page 

2018-10-24 23:23:54 - [MESSAGE][PASSED] - Text 'About Us' is present on page 

2018-10-24 23:23:54 - [TEST_STEP][PASSED] - verifyTextPresent: Text 'Meta' is present on page 

2018-10-24 23:23:55 - [MESSAGE][PASSED] - Text 'Meta' is present on page 

2018-10-24 23:23:55 - [TEST_STEP][PASSED] - verifyElementVisible: Object 'Object Repository/Test Objects/Pages/Page_LoginSuccess_Stack Exchange/a_Meta_my-profile js-gps-track' is visible

2018-10-24 23:23:55 - [MESSAGE][PASSED] - Object 'Object Repository/Test Objects/Pages/Page_LoginSuccess_Stack Exchange/a_Meta_my-profile js-gps-track' is visible

2018-10-24 23:23:55 - [TEST_STEP][PASSED] - verifyElementVisible: Object 'Object Repository/Test Objects/Pages/Page_LoginSuccess_Stack Exchange/a_Meta_-link js-inbox-button' is visible

2018-10-24 23:23:55 - [MESSAGE][PASSED] - Object 'Object Repository/Test Objects/Pages/Page_LoginSuccess_Stack Exchange/a_Meta_-link js-inbox-button' is visible

2018-10-24 23:23:55 - [TEST_STEP][PASSED] - verifyElementVisible: Object 'Object Repository/Test Objects/Pages/Page_LoginSuccess_Stack Exchange/a_Meta_-link js-achievements-b' is visible

2018-10-24 23:23:56 - [MESSAGE][PASSED] - Object 'Object Repository/Test Objects/Pages/Page_LoginSuccess_Stack Exchange/a_Meta_-link js-achievements-b' is visible

2018-10-24 23:23:56 - [TEST_STEP][PASSED] - verifyElementVisible: Object 'Object Repository/Test Objects/Pages/Page_LoginSuccess_Stack Exchange/a_Meta_-link js-site-switcher-' is visible

2018-10-24 23:23:56 - [MESSAGE][PASSED] - Object 'Object Repository/Test Objects/Pages/Page_LoginSuccess_Stack Exchange/a_Meta_-link js-site-switcher-' is visible

2018-10-24 23:23:56 - [TEST_STEP][PASSED] - takeScreenshot: Taking screenshot successfully

2018-10-24 23:23:56 - [MESSAGE][PASSED] - Taking screenshot successfully
[[ATTACHMENT|C:\\Users\\Ronnachai C\\Katalon Studio\\StackexchangeDemo\\Reports\\Login\\Login Test Suite\\20181024_232032\\1540398236148.png]]

2018-10-24 23:23:56 - [MESSAGE][PASSED] - Call Test Case 'Test Cases/Pages/03_Dashboard Page/The Dashboard Page is loaded successfully' successfully

2018-10-24 23:23:56 - [TEST_STEP][PASSED] - callTestCase: Call Test Case 'Test Cases/Pages/03_Dashboard Page/To click the user profile' successfully

2018-10-24 23:23:56 - [TEST_CASE][PASSED] - Test Cases/Pages/03_Dashboard Page/To click the user profile: Test Cases/Pages/03_Dashboard Page/To click the user profile

2018-10-24 23:23:57 - [TEST_STEP][PASSED] - waitForElementVisible: Object 'Object Repository/Test Objects/Pages/Page_LoginSuccess_Stack Exchange/header_Stack Exchange' is visible

2018-10-24 23:23:57 - [MESSAGE][PASSED] - Object 'Object Repository/Test Objects/Pages/Page_LoginSuccess_Stack Exchange/header_Stack Exchange' is visible

2018-10-24 23:23:57 - [TEST_STEP][PASSED] - click: Object: 'Object Repository/Test Objects/Pages/Page_LoginSuccess_Stack Exchange/a_Meta_my-profile js-gps-track' is clicked on

2018-10-24 23:23:58 - [MESSAGE][PASSED] - Object: 'Object Repository/Test Objects/Pages/Page_LoginSuccess_Stack Exchange/a_Meta_my-profile js-gps-track' is clicked on

2018-10-24 23:23:58 - [TEST_STEP][PASSED] - delay: Delayed 5 second(s)

2018-10-24 23:24:03 - [MESSAGE][PASSED] - Delayed 5 second(s)

2018-10-24 23:24:03 - [TEST_STEP][PASSED] - verifyElementVisible: Object 'Object Repository/Test Objects/Pages/Page_User_Stack Exchange/a_account14581415' is visible

2018-10-24 23:24:03 - [MESSAGE][PASSED] - Object 'Object Repository/Test Objects/Pages/Page_User_Stack Exchange/a_account14581415' is visible

2018-10-24 23:24:03 - [TEST_STEP][PASSED] - takeScreenshot: Taking screenshot successfully

2018-10-24 23:24:03 - [MESSAGE][PASSED] - Taking screenshot successfully
[[ATTACHMENT|C:\\Users\\Ronnachai C\\Katalon Studio\\StackexchangeDemo\\Reports\\Login\\Login Test Suite\\20181024_232032\\1540398243319.png]]

2018-10-24 23:24:03 - [MESSAGE][PASSED] - Call Test Case 'Test Cases/Pages/03_Dashboard Page/To click the user profile' successfully

2018-10-24 23:24:03 - [TEST_STEP][PASSED] - callTestCase: Call Test Case 'Test Cases/Pages/03_Dashboard Page/To click the logout link' successfully

2018-10-24 23:24:03 - [TEST_CASE][PASSED] - Test Cases/Pages/03_Dashboard Page/To click the logout link: Test Cases/Pages/03_Dashboard Page/To click the logout link

2018-10-24 23:24:04 - [TEST_STEP][PASSED] - waitForElementVisible: Object 'Object Repository/Test Objects/Pages/Page_LoginSuccess_Stack Exchange/header_Stack Exchange' is visible

2018-10-24 23:24:04 - [MESSAGE][PASSED] - Object 'Object Repository/Test Objects/Pages/Page_LoginSuccess_Stack Exchange/header_Stack Exchange' is visible

2018-10-24 23:24:04 - [TEST_STEP][PASSED] - click: Object: 'Object Repository/Test Objects/Pages/Page_LoginSuccess_Stack Exchange/a_Meta_-link js-site-switcher-' is clicked on

2018-10-24 23:24:04 - [MESSAGE][PASSED] - Object: 'Object Repository/Test Objects/Pages/Page_LoginSuccess_Stack Exchange/a_Meta_-link js-site-switcher-' is clicked on

2018-10-24 23:24:04 - [TEST_STEP][PASSED] - delay: Delayed 10 second(s)

2018-10-24 23:24:14 - [MESSAGE][PASSED] - Delayed 10 second(s)

2018-10-24 23:24:14 - [TEST_STEP][PASSED] - click: Object: 'Object Repository/Test Objects/Pages/Page_Log Out/a_log out' is clicked on

2018-10-24 23:24:16 - [MESSAGE][PASSED] - Object: 'Object Repository/Test Objects/Pages/Page_Log Out/a_log out' is clicked on

2018-10-24 23:24:16 - [TEST_STEP][NOT_RUN] - delay: NOT_RUN: delay

2018-10-24 23:24:16 - [MESSAGE][NOT_RUN] - NOT_RUN: delay

2018-10-24 23:24:16 - [TEST_STEP][PASSED] - click: Object: 'Object Repository/Test Objects/Pages/Page_Log Out/input_superuser.com_everywhere' is clicked on

2018-10-24 23:24:16 - [MESSAGE][PASSED] - Object: 'Object Repository/Test Objects/Pages/Page_Log Out/input_superuser.com_everywhere' is clicked on

2018-10-24 23:24:16 - [TEST_STEP][PASSED] - click: Object: 'Object Repository/Test Objects/Pages/Page_Log Out/input_cancel_fr' is clicked on

2018-10-24 23:24:18 - [MESSAGE][PASSED] - Object: 'Object Repository/Test Objects/Pages/Page_Log Out/input_cancel_fr' is clicked on

2018-10-24 23:24:18 - [TEST_STEP][PASSED] - delay: Delayed 15 second(s)

2018-10-24 23:24:33 - [MESSAGE][PASSED] - Delayed 15 second(s)

2018-10-24 23:24:33 - [MESSAGE][PASSED] - Call Test Case 'Test Cases/Pages/03_Dashboard Page/To click the logout link' successfully

2018-10-24 23:24:33 - [TEST_STEP][PASSED] - Start listener action : afterTestcase: Browser is closed

2018-10-24 23:24:33 - [TEST_STEP][PASSED] - closeBrowser: Browser is closed

2018-10-24 23:24:34 - [MESSAGE][PASSED] - Browser is closed]]></system-out>
         <system-err><![CDATA[]]></system-err>
      </testcase>
      <system-out><![CDATA[2018-10-24 23:20:39 - [TEST_SUITE][PASSED] - Login Test Suite: Test Cases/Tests/Log In/TC-SIN-006 Check for valid username and password via stackexchange]]></system-out>
      <system-err><![CDATA[]]></system-err>
   </testsuite>
</testsuites>
