<?xml version="1.0" encoding="UTF-8"?>
<testsuites name="Login Test Suite" time="390" tests="6" failures="0" errors="0">
   <testsuite name="Login Test Suite" tests="6" failures="0" errors="0" time="390" timestamp="2018-10-23 17:28:21" hostname="Ronnachai C - DESKTOP-0PTJ8Q3" id="Test Suites/Login/Login Test Suite">
      <properties>
         <property name="deviceName" value=""/>
         <property name="devicePlatform" value=""/>
         <property name="logFolder" value="C:\\Users\\Ronnachai C\\Katalon Studio\\StackexchangeDemo\\Reports\\Login\\Login Test Suite\\20181023_172117"/>
         <property name="logFiles" value="C:\\Users\\Ronnachai C\\Katalon Studio\\StackexchangeDemo\\Reports\\Login\\Login Test Suite\\20181023_172117\\execution0.log"/>
         <property name="attachments" value="C:\\Users\\Ronnachai C\\Katalon Studio\\StackexchangeDemo\\Reports\\Login\\Login Test Suite\\20181023_172117\\1540290540809.png, C:\\Users\\Ronnachai C\\Katalon Studio\\StackexchangeDemo\\Reports\\Login\\Login Test Suite\\20181023_172117\\1540290545970.png, C:\\Users\\Ronnachai C\\Katalon Studio\\StackexchangeDemo\\Reports\\Login\\Login Test Suite\\20181023_172117\\1540290552616.png, C:\\Users\\Ronnachai C\\Katalon Studio\\StackexchangeDemo\\Reports\\Login\\Login Test Suite\\20181023_172117\\1540290595806.png, C:\\Users\\Ronnachai C\\Katalon Studio\\StackexchangeDemo\\Reports\\Login\\Login Test Suite\\20181023_172117\\1540290599927.png, C:\\Users\\Ronnachai C\\Katalon Studio\\StackexchangeDemo\\Reports\\Login\\Login Test Suite\\20181023_172117\\1540290606499.png, C:\\Users\\Ronnachai C\\Katalon Studio\\StackexchangeDemo\\Reports\\Login\\Login Test Suite\\20181023_172117\\1540290649689.png, C:\\Users\\Ronnachai C\\Katalon Studio\\StackexchangeDemo\\Reports\\Login\\Login Test Suite\\20181023_172117\\1540290653057.png, C:\\Users\\Ronnachai C\\Katalon Studio\\StackexchangeDemo\\Reports\\Login\\Login Test Suite\\20181023_172117\\1540290659548.png, C:\\Users\\Ronnachai C\\Katalon Studio\\StackexchangeDemo\\Reports\\Login\\Login Test Suite\\20181023_172117\\1540290703742.png, C:\\Users\\Ronnachai C\\Katalon Studio\\StackexchangeDemo\\Reports\\Login\\Login Test Suite\\20181023_172117\\1540290707550.png, C:\\Users\\Ronnachai C\\Katalon Studio\\StackexchangeDemo\\Reports\\Login\\Login Test Suite\\20181023_172117\\1540290713874.png, C:\\Users\\Ronnachai C\\Katalon Studio\\StackexchangeDemo\\Reports\\Login\\Login Test Suite\\20181023_172117\\1540290759683.png, C:\\Users\\Ronnachai C\\Katalon Studio\\StackexchangeDemo\\Reports\\Login\\Login Test Suite\\20181023_172117\\1540290763160.png, C:\\Users\\Ronnachai C\\Katalon Studio\\StackexchangeDemo\\Reports\\Login\\Login Test Suite\\20181023_172117\\1540290769870.png, C:\\Users\\Ronnachai C\\Katalon Studio\\StackexchangeDemo\\Reports\\Login\\Login Test Suite\\20181023_172117\\1540290812242.png, C:\\Users\\Ronnachai C\\Katalon Studio\\StackexchangeDemo\\Reports\\Login\\Login Test Suite\\20181023_172117\\1540290815672.png, C:\\Users\\Ronnachai C\\Katalon Studio\\StackexchangeDemo\\Reports\\Login\\Login Test Suite\\20181023_172117\\1540290844643.png, C:\\Users\\Ronnachai C\\Katalon Studio\\StackexchangeDemo\\Reports\\Login\\Login Test Suite\\20181023_172117\\1540290851494.png"/>
         <property name="hostName" value="Ronnachai C - DESKTOP-0PTJ8Q3"/>
         <property name="os" value="Windows 10 64bit"/>
         <property name="katalonVersion" value="5.8.0.1"/>
         <property name="browser" value="Firefox 62.0"/>
         <property name="hostAddress" value="192.168.43.170"/>
         <property name="sessionId" value="0d08fd21-7b66-4cdb-95c7-45c410ca4b71"/>
         <property name="seleniumVersion" value="3.7.1"/>
         <property name="proxyInformation" value="ProxyInformation{proxyOption=NO_PROXY, proxyServerType=HTTP, password=, proxyServerAddress=, proxyServerPort=0}"/>
         <property name="platform" value="Windows 10"/>
      </properties>
      <testcase name="Test Cases/Tests/Log In/TC-SIN-001 Check for empty username and password" classname="Test Cases/Tests/Log In/TC-SIN-001 Check for empty username and password" status="PASSED">
         <system-out><![CDATA[2018-10-23 17:28:22 - [TEST_CASE][PASSED] - Test Cases/Tests/Log In/TC-SIN-001 Check for empty username and password: Test Cases/Tests/Log In/TC-SIN-001 Check for empty username and password

2018-10-23 17:28:22 - [TEST_STEP][PASSED] - Start listener action : beforeTestcase: Navigate to 'https://stackexchange.com/' successfully

2018-10-23 17:28:22 - [TEST_STEP][PASSED] - openBrowser: Browser is opened with url: ''

2018-10-23 17:28:32 - [MESSAGE][PASSED] - Browser is opened with url: ''

2018-10-23 17:28:32 - [TEST_STEP][PASSED] - maximizeWindow: Current window maximized

2018-10-23 17:28:35 - [MESSAGE][PASSED] - Current window maximized

2018-10-23 17:28:35 - [TEST_STEP][PASSED] - navigateToUrl: Navigate to 'https://stackexchange.com/' successfully

2018-10-23 17:28:39 - [MESSAGE][PASSED] - Navigate to 'https://stackexchange.com/' successfully

2018-10-23 17:28:39 - [TEST_STEP][PASSED] - callTestCase: Call Test Case 'Test Cases/Pages/01_Stack Exchage Homepage/The Homepage is loaded successfully' successfully

2018-10-23 17:28:39 - [TEST_CASE][PASSED] - Test Cases/Pages/01_Stack Exchage Homepage/The Homepage is loaded successfully: Test Cases/Pages/01_Stack Exchage Homepage/The Homepage is loaded successfully

2018-10-23 17:28:40 - [TEST_STEP][PASSED] - waitForElementVisible: Object 'Object Repository/Test Objects/Pages/Page_StackExchangeHome/header_top-bar js-top-bar' is visible

2018-10-23 17:28:40 - [MESSAGE][PASSED] - Object 'Object Repository/Test Objects/Pages/Page_StackExchangeHome/header_top-bar js-top-bar' is visible

2018-10-23 17:28:40 - [TEST_STEP][PASSED] - waitForElementVisible: Object 'Object Repository/Test Objects/Pages/Page_StackExchangeHome/header_siteHeader' is visible

2018-10-23 17:28:40 - [MESSAGE][PASSED] - Object 'Object Repository/Test Objects/Pages/Page_StackExchangeHome/header_siteHeader' is visible

2018-10-23 17:28:40 - [TEST_STEP][PASSED] - verifyElementPresent: Object 'Object Repository/Test Objects/Pages/Page_StackExchangeHome/a_-logo js-gps-track' is present

2018-10-23 17:28:40 - [MESSAGE][PASSED] - Object 'Object Repository/Test Objects/Pages/Page_StackExchangeHome/a_-logo js-gps-track' is present

2018-10-23 17:28:40 - [TEST_STEP][PASSED] - verifyTextPresent: Text 'Tour' is present on page 

2018-10-23 17:28:44 - [MESSAGE][PASSED] - Text 'Tour' is present on page 

2018-10-23 17:28:44 - [TEST_STEP][PASSED] - verifyTextPresent: Text 'About Us' is present on page 

2018-10-23 17:28:47 - [MESSAGE][PASSED] - Text 'About Us' is present on page 

2018-10-23 17:28:47 - [TEST_STEP][PASSED] - verifyTextPresent: Text 'Meta' is present on page 

2018-10-23 17:28:50 - [MESSAGE][PASSED] - Text 'Meta' is present on page 

2018-10-23 17:28:50 - [TEST_STEP][PASSED] - verifyElementPresent: Object 'Object Repository/Test Objects/Pages/Page_StackExchangeHome/input_q' is present

2018-10-23 17:28:50 - [MESSAGE][PASSED] - Object 'Object Repository/Test Objects/Pages/Page_StackExchangeHome/input_q' is present

2018-10-23 17:28:50 - [TEST_STEP][PASSED] - verifyTextPresent: Text 'Log In' is present on page 

2018-10-23 17:28:54 - [MESSAGE][PASSED] - Text 'Log In' is present on page 

2018-10-23 17:28:54 - [TEST_STEP][PASSED] - verifyTextPresent: Text 'Sign Up' is present on page 

2018-10-23 17:28:57 - [MESSAGE][PASSED] - Text 'Sign Up' is present on page 

2018-10-23 17:28:57 - [TEST_STEP][PASSED] - verifyElementPresent: Object 'Object Repository/Test Objects/Pages/Page_StackExchangeHome/sectioncontent' is present

2018-10-23 17:28:57 - [MESSAGE][PASSED] - Object 'Object Repository/Test Objects/Pages/Page_StackExchangeHome/sectioncontent' is present

2018-10-23 17:28:57 - [TEST_STEP][PASSED] - verifyTextPresent: Text 'Stack Exchange' is present on page 

2018-10-23 17:29:00 - [MESSAGE][PASSED] - Text 'Stack Exchange' is present on page 

2018-10-23 17:29:00 - [TEST_STEP][PASSED] - takeScreenshot: Taking screenshot successfully

2018-10-23 17:29:01 - [MESSAGE][PASSED] - Taking screenshot successfully
[[ATTACHMENT|C:\\Users\\Ronnachai C\\Katalon Studio\\StackexchangeDemo\\Reports\\Login\\Login Test Suite\\20181023_172117\\1540290540809.png]]

2018-10-23 17:29:01 - [MESSAGE][PASSED] - Call Test Case 'Test Cases/Pages/01_Stack Exchage Homepage/The Homepage is loaded successfully' successfully

2018-10-23 17:29:01 - [TEST_STEP][PASSED] - callTestCase: Call Test Case 'Test Cases/Pages/01_Stack Exchage Homepage/To click the login link' successfully

2018-10-23 17:29:01 - [TEST_CASE][PASSED] - Test Cases/Pages/01_Stack Exchage Homepage/To click the login link: Test Cases/Pages/01_Stack Exchage Homepage/To click the login link

2018-10-23 17:29:01 - [TEST_STEP][PASSED] - waitForElementVisible: Object 'Object Repository/Test Objects/Pages/Page_StackExchangeHome/header_siteHeader' is visible

2018-10-23 17:29:02 - [MESSAGE][PASSED] - Object 'Object Repository/Test Objects/Pages/Page_StackExchangeHome/header_siteHeader' is visible

2018-10-23 17:29:02 - [TEST_STEP][PASSED] - click: Object: 'Object Repository/Test Objects/Pages/Page_StackExchangeHome/a_Log In' is clicked on

2018-10-23 17:29:03 - [MESSAGE][PASSED] - Object: 'Object Repository/Test Objects/Pages/Page_StackExchangeHome/a_Log In' is clicked on

2018-10-23 17:29:03 - [MESSAGE][PASSED] - Call Test Case 'Test Cases/Pages/01_Stack Exchage Homepage/To click the login link' successfully

2018-10-23 17:29:03 - [TEST_STEP][PASSED] - callTestCase: Call Test Case 'Test Cases/Pages/02_Log In Page/The Log In Page is loaded successfully' successfully

2018-10-23 17:29:03 - [TEST_CASE][PASSED] - Test Cases/Pages/02_Log In Page/The Log In Page is loaded successfully: Test Cases/Pages/02_Log In Page/The Log In Page is loaded successfully

2018-10-23 17:29:04 - [TEST_STEP][PASSED] - waitForElementVisible: Object 'Object Repository/Test Objects/Pages/Page_Log In/header_siteHeader' is visible

2018-10-23 17:29:04 - [MESSAGE][PASSED] - Object 'Object Repository/Test Objects/Pages/Page_Log In/header_siteHeader' is visible

2018-10-23 17:29:04 - [TEST_STEP][PASSED] - verifyTextPresent: Text 'Do you already have an account on one of these sites? Click the logo to' is present on page 

2018-10-23 17:29:04 - [MESSAGE][PASSED] - Text 'Do you already have an account on one of these sites? Click the logo to' is present on page 

2018-10-23 17:29:04 - [TEST_STEP][PASSED] - verifyElementPresent: Object 'Object Repository/Test Objects/Pages/Page_Log In/a_stack_exchange openid_large_' is present

2018-10-23 17:29:04 - [MESSAGE][PASSED] - Object 'Object Repository/Test Objects/Pages/Page_Log In/a_stack_exchange openid_large_' is present

2018-10-23 17:29:04 - [TEST_STEP][PASSED] - verifyElementPresent: Object 'Object Repository/Test Objects/Pages/Page_Log In/a_google openid_large_btn' is present

2018-10-23 17:29:05 - [MESSAGE][PASSED] - Object 'Object Repository/Test Objects/Pages/Page_Log In/a_google openid_large_btn' is present

2018-10-23 17:29:05 - [TEST_STEP][PASSED] - verifyElementPresent: Object 'Object Repository/Test Objects/Pages/Page_Log In/a_facebook openid_large_btn' is present

2018-10-23 17:29:05 - [MESSAGE][PASSED] - Object 'Object Repository/Test Objects/Pages/Page_Log In/a_facebook openid_large_btn' is present

2018-10-23 17:29:05 - [TEST_STEP][PASSED] - verifyElementPresent: Object 'Object Repository/Test Objects/Pages/Page_Log In/a_yahoo openid_large_btn' is present

2018-10-23 17:29:05 - [MESSAGE][PASSED] - Object 'Object Repository/Test Objects/Pages/Page_Log In/a_yahoo openid_large_btn' is present

2018-10-23 17:29:05 - [TEST_STEP][PASSED] - verifyTextPresent: Text 'click here to sign up' is present on page 

2018-10-23 17:29:05 - [MESSAGE][PASSED] - Text 'click here to sign up' is present on page 

2018-10-23 17:29:05 - [TEST_STEP][PASSED] - takeScreenshot: Taking screenshot successfully

2018-10-23 17:29:06 - [MESSAGE][PASSED] - Taking screenshot successfully
[[ATTACHMENT|C:\\Users\\Ronnachai C\\Katalon Studio\\StackexchangeDemo\\Reports\\Login\\Login Test Suite\\20181023_172117\\1540290545970.png]]

2018-10-23 17:29:06 - [MESSAGE][PASSED] - Call Test Case 'Test Cases/Pages/02_Log In Page/The Log In Page is loaded successfully' successfully

2018-10-23 17:29:06 - [TEST_STEP][PASSED] - callTestCase: Call Test Case 'Test Cases/Pages/02_Log In Page/To click the log in with stackexchange' successfully

2018-10-23 17:29:06 - [TEST_CASE][PASSED] - Test Cases/Pages/02_Log In Page/To click the log in with stackexchange: Test Cases/Pages/02_Log In Page/To click the log in with stackexchange

2018-10-23 17:29:06 - [TEST_STEP][PASSED] - waitForElementVisible: Object 'Object Repository/Test Objects/Pages/Page_Log In/header_siteHeader' is visible

2018-10-23 17:29:06 - [MESSAGE][PASSED] - Object 'Object Repository/Test Objects/Pages/Page_Log In/header_siteHeader' is visible

2018-10-23 17:29:06 - [TEST_STEP][PASSED] - click: Object: 'Object Repository/Test Objects/Pages/Page_Log In/a_stack_exchange openid_large_' is clicked on

2018-10-23 17:29:06 - [MESSAGE][PASSED] - Object: 'Object Repository/Test Objects/Pages/Page_Log In/a_stack_exchange openid_large_' is clicked on

2018-10-23 17:29:06 - [TEST_STEP][PASSED] - delay: Delayed 5 second(s)

2018-10-23 17:29:11 - [MESSAGE][PASSED] - Delayed 5 second(s)

2018-10-23 17:29:11 - [MESSAGE][PASSED] - Call Test Case 'Test Cases/Pages/02_Log In Page/To click the log in with stackexchange' successfully

2018-10-23 17:29:11 - [TEST_STEP][PASSED] - switchToFrame: Switched to iframe: 'Object Repository/Test Objects/Pages/Page_Log In/iFrame/Page_Log In/iframeaffiliate-signin-iframe'

2018-10-23 17:29:11 - [TEST_STEP][PASSED] - click: Object: 'Object Repository/Test Objects/Pages/Page_Log In/iFrame/Page_Log In/input_affiliate-button' is clicked on

2018-10-23 17:29:12 - [MESSAGE][PASSED] - Object: 'Object Repository/Test Objects/Pages/Page_Log In/iFrame/Page_Log In/input_affiliate-button' is clicked on

2018-10-23 17:29:12 - [TEST_STEP][PASSED] - verifyElementPresent: Object 'Object Repository/Test Objects/Pages/Page_Log In/iFrame/Page_Log In/p_Invalid email address' is present

2018-10-23 17:29:12 - [MESSAGE][PASSED] - Object 'Object Repository/Test Objects/Pages/Page_Log In/iFrame/Page_Log In/p_Invalid email address' is present

2018-10-23 17:29:12 - [TEST_STEP][PASSED] - takeScreenshot: Taking screenshot successfully

2018-10-23 17:29:12 - [MESSAGE][PASSED] - Taking screenshot successfully
[[ATTACHMENT|C:\\Users\\Ronnachai C\\Katalon Studio\\StackexchangeDemo\\Reports\\Login\\Login Test Suite\\20181023_172117\\1540290552616.png]]

2018-10-23 17:29:12 - [TEST_STEP][PASSED] - Start listener action : afterTestcase: Browser is closed

2018-10-23 17:29:12 - [TEST_STEP][PASSED] - closeBrowser: Browser is closed

2018-10-23 17:29:21 - [MESSAGE][PASSED] - Browser is closed]]></system-out>
         <system-err><![CDATA[]]></system-err>
      </testcase>
      <testcase name="Test Cases/Tests/Log In/TC-SIN-002 Check for empty username" classname="Test Cases/Tests/Log In/TC-SIN-002 Check for empty username" status="PASSED">
         <system-out><![CDATA[2018-10-23 17:29:23 - [TEST_CASE][PASSED] - Test Cases/Tests/Log In/TC-SIN-002 Check for empty username: Test Cases/Tests/Log In/TC-SIN-002 Check for empty username

2018-10-23 17:29:23 - [TEST_STEP][PASSED] - Start listener action : beforeTestcase: Navigate to 'https://stackexchange.com/' successfully

2018-10-23 17:29:23 - [TEST_STEP][PASSED] - openBrowser: Browser is opened with url: ''

2018-10-23 17:29:30 - [MESSAGE][PASSED] - Browser is opened with url: ''

2018-10-23 17:29:30 - [TEST_STEP][PASSED] - maximizeWindow: Current window maximized

2018-10-23 17:29:33 - [MESSAGE][PASSED] - Current window maximized

2018-10-23 17:29:33 - [TEST_STEP][PASSED] - navigateToUrl: Navigate to 'https://stackexchange.com/' successfully

2018-10-23 17:29:36 - [MESSAGE][PASSED] - Navigate to 'https://stackexchange.com/' successfully

2018-10-23 17:29:37 - [TEST_STEP][PASSED] - callTestCase: Call Test Case 'Test Cases/Pages/01_Stack Exchage Homepage/The Homepage is loaded successfully' successfully

2018-10-23 17:29:37 - [TEST_CASE][PASSED] - Test Cases/Pages/01_Stack Exchage Homepage/The Homepage is loaded successfully: Test Cases/Pages/01_Stack Exchage Homepage/The Homepage is loaded successfully

2018-10-23 17:29:37 - [TEST_STEP][PASSED] - waitForElementVisible: Object 'Object Repository/Test Objects/Pages/Page_StackExchangeHome/header_top-bar js-top-bar' is visible

2018-10-23 17:29:37 - [MESSAGE][PASSED] - Object 'Object Repository/Test Objects/Pages/Page_StackExchangeHome/header_top-bar js-top-bar' is visible

2018-10-23 17:29:37 - [TEST_STEP][PASSED] - waitForElementVisible: Object 'Object Repository/Test Objects/Pages/Page_StackExchangeHome/header_siteHeader' is visible

2018-10-23 17:29:37 - [MESSAGE][PASSED] - Object 'Object Repository/Test Objects/Pages/Page_StackExchangeHome/header_siteHeader' is visible

2018-10-23 17:29:37 - [TEST_STEP][PASSED] - verifyElementPresent: Object 'Object Repository/Test Objects/Pages/Page_StackExchangeHome/a_-logo js-gps-track' is present

2018-10-23 17:29:37 - [MESSAGE][PASSED] - Object 'Object Repository/Test Objects/Pages/Page_StackExchangeHome/a_-logo js-gps-track' is present

2018-10-23 17:29:37 - [TEST_STEP][PASSED] - verifyTextPresent: Text 'Tour' is present on page 

2018-10-23 17:29:40 - [MESSAGE][PASSED] - Text 'Tour' is present on page 

2018-10-23 17:29:40 - [TEST_STEP][PASSED] - verifyTextPresent: Text 'About Us' is present on page 

2018-10-23 17:29:43 - [MESSAGE][PASSED] - Text 'About Us' is present on page 

2018-10-23 17:29:43 - [TEST_STEP][PASSED] - verifyTextPresent: Text 'Meta' is present on page 

2018-10-23 17:29:46 - [MESSAGE][PASSED] - Text 'Meta' is present on page 

2018-10-23 17:29:46 - [TEST_STEP][PASSED] - verifyElementPresent: Object 'Object Repository/Test Objects/Pages/Page_StackExchangeHome/input_q' is present

2018-10-23 17:29:46 - [MESSAGE][PASSED] - Object 'Object Repository/Test Objects/Pages/Page_StackExchangeHome/input_q' is present

2018-10-23 17:29:46 - [TEST_STEP][PASSED] - verifyTextPresent: Text 'Log In' is present on page 

2018-10-23 17:29:49 - [MESSAGE][PASSED] - Text 'Log In' is present on page 

2018-10-23 17:29:49 - [TEST_STEP][PASSED] - verifyTextPresent: Text 'Sign Up' is present on page 

2018-10-23 17:29:52 - [MESSAGE][PASSED] - Text 'Sign Up' is present on page 

2018-10-23 17:29:52 - [TEST_STEP][PASSED] - verifyElementPresent: Object 'Object Repository/Test Objects/Pages/Page_StackExchangeHome/sectioncontent' is present

2018-10-23 17:29:52 - [MESSAGE][PASSED] - Object 'Object Repository/Test Objects/Pages/Page_StackExchangeHome/sectioncontent' is present

2018-10-23 17:29:52 - [TEST_STEP][PASSED] - verifyTextPresent: Text 'Stack Exchange' is present on page 

2018-10-23 17:29:55 - [MESSAGE][PASSED] - Text 'Stack Exchange' is present on page 

2018-10-23 17:29:55 - [TEST_STEP][PASSED] - takeScreenshot: Taking screenshot successfully

2018-10-23 17:29:55 - [MESSAGE][PASSED] - Taking screenshot successfully
[[ATTACHMENT|C:\\Users\\Ronnachai C\\Katalon Studio\\StackexchangeDemo\\Reports\\Login\\Login Test Suite\\20181023_172117\\1540290595806.png]]

2018-10-23 17:29:55 - [MESSAGE][PASSED] - Call Test Case 'Test Cases/Pages/01_Stack Exchage Homepage/The Homepage is loaded successfully' successfully

2018-10-23 17:29:55 - [TEST_STEP][PASSED] - callTestCase: Call Test Case 'Test Cases/Pages/01_Stack Exchage Homepage/To click the login link' successfully

2018-10-23 17:29:56 - [TEST_CASE][PASSED] - Test Cases/Pages/01_Stack Exchage Homepage/To click the login link: Test Cases/Pages/01_Stack Exchage Homepage/To click the login link

2018-10-23 17:29:56 - [TEST_STEP][PASSED] - waitForElementVisible: Object 'Object Repository/Test Objects/Pages/Page_StackExchangeHome/header_siteHeader' is visible

2018-10-23 17:29:56 - [MESSAGE][PASSED] - Object 'Object Repository/Test Objects/Pages/Page_StackExchangeHome/header_siteHeader' is visible

2018-10-23 17:29:56 - [TEST_STEP][PASSED] - click: Object: 'Object Repository/Test Objects/Pages/Page_StackExchangeHome/a_Log In' is clicked on

2018-10-23 17:29:58 - [MESSAGE][PASSED] - Object: 'Object Repository/Test Objects/Pages/Page_StackExchangeHome/a_Log In' is clicked on

2018-10-23 17:29:58 - [MESSAGE][PASSED] - Call Test Case 'Test Cases/Pages/01_Stack Exchage Homepage/To click the login link' successfully

2018-10-23 17:29:58 - [TEST_STEP][PASSED] - callTestCase: Call Test Case 'Test Cases/Pages/02_Log In Page/The Log In Page is loaded successfully' successfully

2018-10-23 17:29:58 - [TEST_CASE][PASSED] - Test Cases/Pages/02_Log In Page/The Log In Page is loaded successfully: Test Cases/Pages/02_Log In Page/The Log In Page is loaded successfully

2018-10-23 17:29:58 - [TEST_STEP][PASSED] - waitForElementVisible: Object 'Object Repository/Test Objects/Pages/Page_Log In/header_siteHeader' is visible

2018-10-23 17:29:58 - [MESSAGE][PASSED] - Object 'Object Repository/Test Objects/Pages/Page_Log In/header_siteHeader' is visible

2018-10-23 17:29:58 - [TEST_STEP][PASSED] - verifyTextPresent: Text 'Do you already have an account on one of these sites? Click the logo to' is present on page 

2018-10-23 17:29:59 - [MESSAGE][PASSED] - Text 'Do you already have an account on one of these sites? Click the logo to' is present on page 

2018-10-23 17:29:59 - [TEST_STEP][PASSED] - verifyElementPresent: Object 'Object Repository/Test Objects/Pages/Page_Log In/a_stack_exchange openid_large_' is present

2018-10-23 17:29:59 - [MESSAGE][PASSED] - Object 'Object Repository/Test Objects/Pages/Page_Log In/a_stack_exchange openid_large_' is present

2018-10-23 17:29:59 - [TEST_STEP][PASSED] - verifyElementPresent: Object 'Object Repository/Test Objects/Pages/Page_Log In/a_google openid_large_btn' is present

2018-10-23 17:29:59 - [MESSAGE][PASSED] - Object 'Object Repository/Test Objects/Pages/Page_Log In/a_google openid_large_btn' is present

2018-10-23 17:29:59 - [TEST_STEP][PASSED] - verifyElementPresent: Object 'Object Repository/Test Objects/Pages/Page_Log In/a_facebook openid_large_btn' is present

2018-10-23 17:29:59 - [MESSAGE][PASSED] - Object 'Object Repository/Test Objects/Pages/Page_Log In/a_facebook openid_large_btn' is present

2018-10-23 17:29:59 - [TEST_STEP][PASSED] - verifyElementPresent: Object 'Object Repository/Test Objects/Pages/Page_Log In/a_yahoo openid_large_btn' is present

2018-10-23 17:29:59 - [MESSAGE][PASSED] - Object 'Object Repository/Test Objects/Pages/Page_Log In/a_yahoo openid_large_btn' is present

2018-10-23 17:29:59 - [TEST_STEP][PASSED] - verifyTextPresent: Text 'click here to sign up' is present on page 

2018-10-23 17:29:59 - [MESSAGE][PASSED] - Text 'click here to sign up' is present on page 

2018-10-23 17:29:59 - [TEST_STEP][PASSED] - takeScreenshot: Taking screenshot successfully

2018-10-23 17:30:00 - [MESSAGE][PASSED] - Taking screenshot successfully
[[ATTACHMENT|C:\\Users\\Ronnachai C\\Katalon Studio\\StackexchangeDemo\\Reports\\Login\\Login Test Suite\\20181023_172117\\1540290599927.png]]

2018-10-23 17:30:00 - [MESSAGE][PASSED] - Call Test Case 'Test Cases/Pages/02_Log In Page/The Log In Page is loaded successfully' successfully

2018-10-23 17:30:00 - [TEST_STEP][PASSED] - callTestCase: Call Test Case 'Test Cases/Pages/02_Log In Page/To click the log in with stackexchange' successfully

2018-10-23 17:30:00 - [TEST_CASE][PASSED] - Test Cases/Pages/02_Log In Page/To click the log in with stackexchange: Test Cases/Pages/02_Log In Page/To click the log in with stackexchange

2018-10-23 17:30:00 - [TEST_STEP][PASSED] - waitForElementVisible: Object 'Object Repository/Test Objects/Pages/Page_Log In/header_siteHeader' is visible

2018-10-23 17:30:00 - [MESSAGE][PASSED] - Object 'Object Repository/Test Objects/Pages/Page_Log In/header_siteHeader' is visible

2018-10-23 17:30:00 - [TEST_STEP][PASSED] - click: Object: 'Object Repository/Test Objects/Pages/Page_Log In/a_stack_exchange openid_large_' is clicked on

2018-10-23 17:30:00 - [MESSAGE][PASSED] - Object: 'Object Repository/Test Objects/Pages/Page_Log In/a_stack_exchange openid_large_' is clicked on

2018-10-23 17:30:00 - [TEST_STEP][PASSED] - delay: Delayed 5 second(s)

2018-10-23 17:30:05 - [MESSAGE][PASSED] - Delayed 5 second(s)

2018-10-23 17:30:05 - [MESSAGE][PASSED] - Call Test Case 'Test Cases/Pages/02_Log In Page/To click the log in with stackexchange' successfully

2018-10-23 17:30:05 - [TEST_STEP][PASSED] - switchToFrame: Switched to iframe: 'Object Repository/Test Objects/Pages/Page_Log In/iFrame/Page_Log In/iframeaffiliate-signin-iframe'

2018-10-23 17:30:05 - [TEST_STEP][PASSED] - setEncryptedText: Text ****** has been set on object 'Object Repository/Test Objects/Pages/Page_Log In/iFrame/Page_Log In/input_password'

2018-10-23 17:30:05 - [MESSAGE][PASSED] - Text ****** has been set on object 'Object Repository/Test Objects/Pages/Page_Log In/iFrame/Page_Log In/input_password'

2018-10-23 17:30:05 - [TEST_STEP][PASSED] - click: Object: 'Object Repository/Test Objects/Pages/Page_Log In/iFrame/Page_Log In/input_affiliate-button' is clicked on

2018-10-23 17:30:06 - [MESSAGE][PASSED] - Object: 'Object Repository/Test Objects/Pages/Page_Log In/iFrame/Page_Log In/input_affiliate-button' is clicked on

2018-10-23 17:30:06 - [TEST_STEP][PASSED] - verifyElementPresent: Object 'Object Repository/Test Objects/Pages/Page_Log In/iFrame/Page_Log In/p_Invalid email address' is present

2018-10-23 17:30:06 - [MESSAGE][PASSED] - Object 'Object Repository/Test Objects/Pages/Page_Log In/iFrame/Page_Log In/p_Invalid email address' is present

2018-10-23 17:30:06 - [TEST_STEP][PASSED] - takeScreenshot: Taking screenshot successfully

2018-10-23 17:30:06 - [MESSAGE][PASSED] - Taking screenshot successfully
[[ATTACHMENT|C:\\Users\\Ronnachai C\\Katalon Studio\\StackexchangeDemo\\Reports\\Login\\Login Test Suite\\20181023_172117\\1540290606499.png]]

2018-10-23 17:30:06 - [TEST_STEP][PASSED] - Start listener action : afterTestcase: Browser is closed

2018-10-23 17:30:06 - [TEST_STEP][PASSED] - closeBrowser: Browser is closed

2018-10-23 17:30:15 - [MESSAGE][PASSED] - Browser is closed]]></system-out>
         <system-err><![CDATA[]]></system-err>
      </testcase>
      <testcase name="Test Cases/Tests/Log In/TC-SIN-003 Check for empty password" classname="Test Cases/Tests/Log In/TC-SIN-003 Check for empty password" status="PASSED">
         <system-out><![CDATA[2018-10-23 17:30:17 - [TEST_CASE][PASSED] - Test Cases/Tests/Log In/TC-SIN-003 Check for empty password: Test Cases/Tests/Log In/TC-SIN-003 Check for empty password

2018-10-23 17:30:17 - [TEST_STEP][PASSED] - Start listener action : beforeTestcase: Navigate to 'https://stackexchange.com/' successfully

2018-10-23 17:30:17 - [TEST_STEP][PASSED] - openBrowser: Browser is opened with url: ''

2018-10-23 17:30:24 - [MESSAGE][PASSED] - Browser is opened with url: ''

2018-10-23 17:30:24 - [TEST_STEP][PASSED] - maximizeWindow: Current window maximized

2018-10-23 17:30:27 - [MESSAGE][PASSED] - Current window maximized

2018-10-23 17:30:27 - [TEST_STEP][PASSED] - navigateToUrl: Navigate to 'https://stackexchange.com/' successfully

2018-10-23 17:30:31 - [MESSAGE][PASSED] - Navigate to 'https://stackexchange.com/' successfully

2018-10-23 17:30:31 - [TEST_STEP][PASSED] - callTestCase: Call Test Case 'Test Cases/Pages/01_Stack Exchage Homepage/The Homepage is loaded successfully' successfully

2018-10-23 17:30:31 - [TEST_CASE][PASSED] - Test Cases/Pages/01_Stack Exchage Homepage/The Homepage is loaded successfully: Test Cases/Pages/01_Stack Exchage Homepage/The Homepage is loaded successfully

2018-10-23 17:30:31 - [TEST_STEP][PASSED] - waitForElementVisible: Object 'Object Repository/Test Objects/Pages/Page_StackExchangeHome/header_top-bar js-top-bar' is visible

2018-10-23 17:30:31 - [MESSAGE][PASSED] - Object 'Object Repository/Test Objects/Pages/Page_StackExchangeHome/header_top-bar js-top-bar' is visible

2018-10-23 17:30:31 - [TEST_STEP][PASSED] - waitForElementVisible: Object 'Object Repository/Test Objects/Pages/Page_StackExchangeHome/header_siteHeader' is visible

2018-10-23 17:30:32 - [MESSAGE][PASSED] - Object 'Object Repository/Test Objects/Pages/Page_StackExchangeHome/header_siteHeader' is visible

2018-10-23 17:30:32 - [TEST_STEP][PASSED] - verifyElementPresent: Object 'Object Repository/Test Objects/Pages/Page_StackExchangeHome/a_-logo js-gps-track' is present

2018-10-23 17:30:32 - [MESSAGE][PASSED] - Object 'Object Repository/Test Objects/Pages/Page_StackExchangeHome/a_-logo js-gps-track' is present

2018-10-23 17:30:32 - [TEST_STEP][PASSED] - verifyTextPresent: Text 'Tour' is present on page 

2018-10-23 17:30:34 - [MESSAGE][PASSED] - Text 'Tour' is present on page 

2018-10-23 17:30:34 - [TEST_STEP][PASSED] - verifyTextPresent: Text 'About Us' is present on page 

2018-10-23 17:30:36 - [MESSAGE][PASSED] - Text 'About Us' is present on page 

2018-10-23 17:30:36 - [TEST_STEP][PASSED] - verifyTextPresent: Text 'Meta' is present on page 

2018-10-23 17:30:39 - [MESSAGE][PASSED] - Text 'Meta' is present on page 

2018-10-23 17:30:39 - [TEST_STEP][PASSED] - verifyElementPresent: Object 'Object Repository/Test Objects/Pages/Page_StackExchangeHome/input_q' is present

2018-10-23 17:30:39 - [MESSAGE][PASSED] - Object 'Object Repository/Test Objects/Pages/Page_StackExchangeHome/input_q' is present

2018-10-23 17:30:39 - [TEST_STEP][PASSED] - verifyTextPresent: Text 'Log In' is present on page 

2018-10-23 17:30:42 - [MESSAGE][PASSED] - Text 'Log In' is present on page 

2018-10-23 17:30:42 - [TEST_STEP][PASSED] - verifyTextPresent: Text 'Sign Up' is present on page 

2018-10-23 17:30:46 - [MESSAGE][PASSED] - Text 'Sign Up' is present on page 

2018-10-23 17:30:46 - [TEST_STEP][PASSED] - verifyElementPresent: Object 'Object Repository/Test Objects/Pages/Page_StackExchangeHome/sectioncontent' is present

2018-10-23 17:30:46 - [MESSAGE][PASSED] - Object 'Object Repository/Test Objects/Pages/Page_StackExchangeHome/sectioncontent' is present

2018-10-23 17:30:46 - [TEST_STEP][PASSED] - verifyTextPresent: Text 'Stack Exchange' is present on page 

2018-10-23 17:30:49 - [MESSAGE][PASSED] - Text 'Stack Exchange' is present on page 

2018-10-23 17:30:49 - [TEST_STEP][PASSED] - takeScreenshot: Taking screenshot successfully

2018-10-23 17:30:49 - [MESSAGE][PASSED] - Taking screenshot successfully
[[ATTACHMENT|C:\\Users\\Ronnachai C\\Katalon Studio\\StackexchangeDemo\\Reports\\Login\\Login Test Suite\\20181023_172117\\1540290649689.png]]

2018-10-23 17:30:49 - [MESSAGE][PASSED] - Call Test Case 'Test Cases/Pages/01_Stack Exchage Homepage/The Homepage is loaded successfully' successfully

2018-10-23 17:30:49 - [TEST_STEP][PASSED] - callTestCase: Call Test Case 'Test Cases/Pages/01_Stack Exchage Homepage/To click the login link' successfully

2018-10-23 17:30:49 - [TEST_CASE][PASSED] - Test Cases/Pages/01_Stack Exchage Homepage/To click the login link: Test Cases/Pages/01_Stack Exchage Homepage/To click the login link

2018-10-23 17:30:49 - [TEST_STEP][PASSED] - waitForElementVisible: Object 'Object Repository/Test Objects/Pages/Page_StackExchangeHome/header_siteHeader' is visible

2018-10-23 17:30:50 - [MESSAGE][PASSED] - Object 'Object Repository/Test Objects/Pages/Page_StackExchangeHome/header_siteHeader' is visible

2018-10-23 17:30:50 - [TEST_STEP][PASSED] - click: Object: 'Object Repository/Test Objects/Pages/Page_StackExchangeHome/a_Log In' is clicked on

2018-10-23 17:30:51 - [MESSAGE][PASSED] - Object: 'Object Repository/Test Objects/Pages/Page_StackExchangeHome/a_Log In' is clicked on

2018-10-23 17:30:51 - [MESSAGE][PASSED] - Call Test Case 'Test Cases/Pages/01_Stack Exchage Homepage/To click the login link' successfully

2018-10-23 17:30:51 - [TEST_STEP][PASSED] - callTestCase: Call Test Case 'Test Cases/Pages/02_Log In Page/The Log In Page is loaded successfully' successfully

2018-10-23 17:30:51 - [TEST_CASE][PASSED] - Test Cases/Pages/02_Log In Page/The Log In Page is loaded successfully: Test Cases/Pages/02_Log In Page/The Log In Page is loaded successfully

2018-10-23 17:30:51 - [TEST_STEP][PASSED] - waitForElementVisible: Object 'Object Repository/Test Objects/Pages/Page_Log In/header_siteHeader' is visible

2018-10-23 17:30:51 - [MESSAGE][PASSED] - Object 'Object Repository/Test Objects/Pages/Page_Log In/header_siteHeader' is visible

2018-10-23 17:30:51 - [TEST_STEP][PASSED] - verifyTextPresent: Text 'Do you already have an account on one of these sites? Click the logo to' is present on page 

2018-10-23 17:30:52 - [MESSAGE][PASSED] - Text 'Do you already have an account on one of these sites? Click the logo to' is present on page 

2018-10-23 17:30:52 - [TEST_STEP][PASSED] - verifyElementPresent: Object 'Object Repository/Test Objects/Pages/Page_Log In/a_stack_exchange openid_large_' is present

2018-10-23 17:30:52 - [MESSAGE][PASSED] - Object 'Object Repository/Test Objects/Pages/Page_Log In/a_stack_exchange openid_large_' is present

2018-10-23 17:30:52 - [TEST_STEP][PASSED] - verifyElementPresent: Object 'Object Repository/Test Objects/Pages/Page_Log In/a_google openid_large_btn' is present

2018-10-23 17:30:52 - [MESSAGE][PASSED] - Object 'Object Repository/Test Objects/Pages/Page_Log In/a_google openid_large_btn' is present

2018-10-23 17:30:52 - [TEST_STEP][PASSED] - verifyElementPresent: Object 'Object Repository/Test Objects/Pages/Page_Log In/a_facebook openid_large_btn' is present

2018-10-23 17:30:52 - [MESSAGE][PASSED] - Object 'Object Repository/Test Objects/Pages/Page_Log In/a_facebook openid_large_btn' is present

2018-10-23 17:30:52 - [TEST_STEP][PASSED] - verifyElementPresent: Object 'Object Repository/Test Objects/Pages/Page_Log In/a_yahoo openid_large_btn' is present

2018-10-23 17:30:52 - [MESSAGE][PASSED] - Object 'Object Repository/Test Objects/Pages/Page_Log In/a_yahoo openid_large_btn' is present

2018-10-23 17:30:52 - [TEST_STEP][PASSED] - verifyTextPresent: Text 'click here to sign up' is present on page 

2018-10-23 17:30:53 - [MESSAGE][PASSED] - Text 'click here to sign up' is present on page 

2018-10-23 17:30:53 - [TEST_STEP][PASSED] - takeScreenshot: Taking screenshot successfully

2018-10-23 17:30:53 - [MESSAGE][PASSED] - Taking screenshot successfully
[[ATTACHMENT|C:\\Users\\Ronnachai C\\Katalon Studio\\StackexchangeDemo\\Reports\\Login\\Login Test Suite\\20181023_172117\\1540290653057.png]]

2018-10-23 17:30:53 - [MESSAGE][PASSED] - Call Test Case 'Test Cases/Pages/02_Log In Page/The Log In Page is loaded successfully' successfully

2018-10-23 17:30:53 - [TEST_STEP][PASSED] - callTestCase: Call Test Case 'Test Cases/Pages/02_Log In Page/To click the log in with stackexchange' successfully

2018-10-23 17:30:53 - [TEST_CASE][PASSED] - Test Cases/Pages/02_Log In Page/To click the log in with stackexchange: Test Cases/Pages/02_Log In Page/To click the log in with stackexchange

2018-10-23 17:30:53 - [TEST_STEP][PASSED] - waitForElementVisible: Object 'Object Repository/Test Objects/Pages/Page_Log In/header_siteHeader' is visible

2018-10-23 17:30:53 - [MESSAGE][PASSED] - Object 'Object Repository/Test Objects/Pages/Page_Log In/header_siteHeader' is visible

2018-10-23 17:30:53 - [TEST_STEP][PASSED] - click: Object: 'Object Repository/Test Objects/Pages/Page_Log In/a_stack_exchange openid_large_' is clicked on

2018-10-23 17:30:53 - [MESSAGE][PASSED] - Object: 'Object Repository/Test Objects/Pages/Page_Log In/a_stack_exchange openid_large_' is clicked on

2018-10-23 17:30:53 - [TEST_STEP][PASSED] - delay: Delayed 5 second(s)

2018-10-23 17:30:58 - [MESSAGE][PASSED] - Delayed 5 second(s)

2018-10-23 17:30:58 - [MESSAGE][PASSED] - Call Test Case 'Test Cases/Pages/02_Log In Page/To click the log in with stackexchange' successfully

2018-10-23 17:30:58 - [TEST_STEP][PASSED] - switchToFrame: Switched to iframe: 'Object Repository/Test Objects/Pages/Page_Log In/iFrame/Page_Log In/iframeaffiliate-signin-iframe'

2018-10-23 17:30:58 - [TEST_STEP][PASSED] - setText: Text 'charnjaroen@gmail.com' is set on object 'Object Repository/Test Objects/Pages/Page_Log In/iFrame/Page_Log In/input_email'

2018-10-23 17:30:58 - [MESSAGE][PASSED] - Text 'charnjaroen@gmail.com' is set on object 'Object Repository/Test Objects/Pages/Page_Log In/iFrame/Page_Log In/input_email'

2018-10-23 17:30:58 - [TEST_STEP][PASSED] - click: Object: 'Object Repository/Test Objects/Pages/Page_Log In/iFrame/Page_Log In/input_affiliate-button' is clicked on

2018-10-23 17:30:59 - [MESSAGE][PASSED] - Object: 'Object Repository/Test Objects/Pages/Page_Log In/iFrame/Page_Log In/input_affiliate-button' is clicked on

2018-10-23 17:30:59 - [TEST_STEP][PASSED] - verifyElementPresent: Object 'Object Repository/Test Objects/Pages/Page_Log In/iFrame/Page_Log In/p_Invalid email address' is present

2018-10-23 17:30:59 - [MESSAGE][WARNING] - Timeout '0' is invalid. Using default page load timeout: '30'

2018-10-23 17:30:59 - [MESSAGE][PASSED] - Object 'Object Repository/Test Objects/Pages/Page_Log In/iFrame/Page_Log In/p_Invalid email address' is present

2018-10-23 17:30:59 - [TEST_STEP][PASSED] - takeScreenshot: Taking screenshot successfully

2018-10-23 17:30:59 - [MESSAGE][PASSED] - Taking screenshot successfully
[[ATTACHMENT|C:\\Users\\Ronnachai C\\Katalon Studio\\StackexchangeDemo\\Reports\\Login\\Login Test Suite\\20181023_172117\\1540290659548.png]]

2018-10-23 17:30:59 - [TEST_STEP][PASSED] - Start listener action : afterTestcase: Browser is closed

2018-10-23 17:30:59 - [TEST_STEP][PASSED] - closeBrowser: Browser is closed

2018-10-23 17:31:09 - [MESSAGE][PASSED] - Browser is closed]]></system-out>
         <system-err><![CDATA[]]></system-err>
      </testcase>
      <testcase name="Test Cases/Tests/Log In/TC-SIN-004 Check for invalid username" classname="Test Cases/Tests/Log In/TC-SIN-004 Check for invalid username" status="PASSED">
         <system-out><![CDATA[2018-10-23 17:31:11 - [TEST_CASE][PASSED] - Test Cases/Tests/Log In/TC-SIN-004 Check for invalid username: Test Cases/Tests/Log In/TC-SIN-004 Check for invalid username

2018-10-23 17:31:11 - [TEST_STEP][PASSED] - Start listener action : beforeTestcase: Navigate to 'https://stackexchange.com/' successfully

2018-10-23 17:31:11 - [TEST_STEP][PASSED] - openBrowser: Browser is opened with url: ''

2018-10-23 17:31:17 - [MESSAGE][PASSED] - Browser is opened with url: ''

2018-10-23 17:31:17 - [TEST_STEP][PASSED] - maximizeWindow: Current window maximized

2018-10-23 17:31:21 - [MESSAGE][PASSED] - Current window maximized

2018-10-23 17:31:21 - [TEST_STEP][PASSED] - navigateToUrl: Navigate to 'https://stackexchange.com/' successfully

2018-10-23 17:31:23 - [MESSAGE][PASSED] - Navigate to 'https://stackexchange.com/' successfully

2018-10-23 17:31:24 - [TEST_STEP][PASSED] - callTestCase: Call Test Case 'Test Cases/Pages/01_Stack Exchage Homepage/The Homepage is loaded successfully' successfully

2018-10-23 17:31:24 - [TEST_CASE][PASSED] - Test Cases/Pages/01_Stack Exchage Homepage/The Homepage is loaded successfully: Test Cases/Pages/01_Stack Exchage Homepage/The Homepage is loaded successfully

2018-10-23 17:31:24 - [TEST_STEP][PASSED] - waitForElementVisible: Object 'Object Repository/Test Objects/Pages/Page_StackExchangeHome/header_top-bar js-top-bar' is visible

2018-10-23 17:31:24 - [MESSAGE][PASSED] - Object 'Object Repository/Test Objects/Pages/Page_StackExchangeHome/header_top-bar js-top-bar' is visible

2018-10-23 17:31:24 - [TEST_STEP][PASSED] - waitForElementVisible: Object 'Object Repository/Test Objects/Pages/Page_StackExchangeHome/header_siteHeader' is visible

2018-10-23 17:31:24 - [MESSAGE][PASSED] - Object 'Object Repository/Test Objects/Pages/Page_StackExchangeHome/header_siteHeader' is visible

2018-10-23 17:31:24 - [TEST_STEP][PASSED] - verifyElementPresent: Object 'Object Repository/Test Objects/Pages/Page_StackExchangeHome/a_-logo js-gps-track' is present

2018-10-23 17:31:24 - [MESSAGE][PASSED] - Object 'Object Repository/Test Objects/Pages/Page_StackExchangeHome/a_-logo js-gps-track' is present

2018-10-23 17:31:24 - [TEST_STEP][PASSED] - verifyTextPresent: Text 'Tour' is present on page 

2018-10-23 17:31:27 - [MESSAGE][PASSED] - Text 'Tour' is present on page 

2018-10-23 17:31:27 - [TEST_STEP][PASSED] - verifyTextPresent: Text 'About Us' is present on page 

2018-10-23 17:31:30 - [MESSAGE][PASSED] - Text 'About Us' is present on page 

2018-10-23 17:31:30 - [TEST_STEP][PASSED] - verifyTextPresent: Text 'Meta' is present on page 

2018-10-23 17:31:33 - [MESSAGE][PASSED] - Text 'Meta' is present on page 

2018-10-23 17:31:33 - [TEST_STEP][PASSED] - verifyElementPresent: Object 'Object Repository/Test Objects/Pages/Page_StackExchangeHome/input_q' is present

2018-10-23 17:31:33 - [MESSAGE][PASSED] - Object 'Object Repository/Test Objects/Pages/Page_StackExchangeHome/input_q' is present

2018-10-23 17:31:33 - [TEST_STEP][PASSED] - verifyTextPresent: Text 'Log In' is present on page 

2018-10-23 17:31:36 - [MESSAGE][PASSED] - Text 'Log In' is present on page 

2018-10-23 17:31:36 - [TEST_STEP][PASSED] - verifyTextPresent: Text 'Sign Up' is present on page 

2018-10-23 17:31:40 - [MESSAGE][PASSED] - Text 'Sign Up' is present on page 

2018-10-23 17:31:40 - [TEST_STEP][PASSED] - verifyElementPresent: Object 'Object Repository/Test Objects/Pages/Page_StackExchangeHome/sectioncontent' is present

2018-10-23 17:31:40 - [MESSAGE][PASSED] - Object 'Object Repository/Test Objects/Pages/Page_StackExchangeHome/sectioncontent' is present

2018-10-23 17:31:40 - [TEST_STEP][PASSED] - verifyTextPresent: Text 'Stack Exchange' is present on page 

2018-10-23 17:31:43 - [MESSAGE][PASSED] - Text 'Stack Exchange' is present on page 

2018-10-23 17:31:43 - [TEST_STEP][PASSED] - takeScreenshot: Taking screenshot successfully

2018-10-23 17:31:43 - [MESSAGE][PASSED] - Taking screenshot successfully
[[ATTACHMENT|C:\\Users\\Ronnachai C\\Katalon Studio\\StackexchangeDemo\\Reports\\Login\\Login Test Suite\\20181023_172117\\1540290703742.png]]

2018-10-23 17:31:43 - [MESSAGE][PASSED] - Call Test Case 'Test Cases/Pages/01_Stack Exchage Homepage/The Homepage is loaded successfully' successfully

2018-10-23 17:31:43 - [TEST_STEP][PASSED] - callTestCase: Call Test Case 'Test Cases/Pages/01_Stack Exchage Homepage/To click the login link' successfully

2018-10-23 17:31:43 - [TEST_CASE][PASSED] - Test Cases/Pages/01_Stack Exchage Homepage/To click the login link: Test Cases/Pages/01_Stack Exchage Homepage/To click the login link

2018-10-23 17:31:43 - [TEST_STEP][PASSED] - waitForElementVisible: Object 'Object Repository/Test Objects/Pages/Page_StackExchangeHome/header_siteHeader' is visible

2018-10-23 17:31:44 - [MESSAGE][PASSED] - Object 'Object Repository/Test Objects/Pages/Page_StackExchangeHome/header_siteHeader' is visible

2018-10-23 17:31:44 - [TEST_STEP][PASSED] - click: Object: 'Object Repository/Test Objects/Pages/Page_StackExchangeHome/a_Log In' is clicked on

2018-10-23 17:31:45 - [MESSAGE][PASSED] - Object: 'Object Repository/Test Objects/Pages/Page_StackExchangeHome/a_Log In' is clicked on

2018-10-23 17:31:45 - [MESSAGE][PASSED] - Call Test Case 'Test Cases/Pages/01_Stack Exchage Homepage/To click the login link' successfully

2018-10-23 17:31:45 - [TEST_STEP][PASSED] - callTestCase: Call Test Case 'Test Cases/Pages/02_Log In Page/The Log In Page is loaded successfully' successfully

2018-10-23 17:31:45 - [TEST_CASE][PASSED] - Test Cases/Pages/02_Log In Page/The Log In Page is loaded successfully: Test Cases/Pages/02_Log In Page/The Log In Page is loaded successfully

2018-10-23 17:31:45 - [TEST_STEP][PASSED] - waitForElementVisible: Object 'Object Repository/Test Objects/Pages/Page_Log In/header_siteHeader' is visible

2018-10-23 17:31:45 - [MESSAGE][PASSED] - Object 'Object Repository/Test Objects/Pages/Page_Log In/header_siteHeader' is visible

2018-10-23 17:31:45 - [TEST_STEP][PASSED] - verifyTextPresent: Text 'Do you already have an account on one of these sites? Click the logo to' is present on page 

2018-10-23 17:31:46 - [MESSAGE][PASSED] - Text 'Do you already have an account on one of these sites? Click the logo to' is present on page 

2018-10-23 17:31:46 - [TEST_STEP][PASSED] - verifyElementPresent: Object 'Object Repository/Test Objects/Pages/Page_Log In/a_stack_exchange openid_large_' is present

2018-10-23 17:31:46 - [MESSAGE][PASSED] - Object 'Object Repository/Test Objects/Pages/Page_Log In/a_stack_exchange openid_large_' is present

2018-10-23 17:31:46 - [TEST_STEP][PASSED] - verifyElementPresent: Object 'Object Repository/Test Objects/Pages/Page_Log In/a_google openid_large_btn' is present

2018-10-23 17:31:46 - [MESSAGE][PASSED] - Object 'Object Repository/Test Objects/Pages/Page_Log In/a_google openid_large_btn' is present

2018-10-23 17:31:46 - [TEST_STEP][PASSED] - verifyElementPresent: Object 'Object Repository/Test Objects/Pages/Page_Log In/a_facebook openid_large_btn' is present

2018-10-23 17:31:46 - [MESSAGE][PASSED] - Object 'Object Repository/Test Objects/Pages/Page_Log In/a_facebook openid_large_btn' is present

2018-10-23 17:31:46 - [TEST_STEP][PASSED] - verifyElementPresent: Object 'Object Repository/Test Objects/Pages/Page_Log In/a_yahoo openid_large_btn' is present

2018-10-23 17:31:46 - [MESSAGE][PASSED] - Object 'Object Repository/Test Objects/Pages/Page_Log In/a_yahoo openid_large_btn' is present

2018-10-23 17:31:46 - [TEST_STEP][PASSED] - verifyTextPresent: Text 'click here to sign up' is present on page 

2018-10-23 17:31:47 - [MESSAGE][PASSED] - Text 'click here to sign up' is present on page 

2018-10-23 17:31:47 - [TEST_STEP][PASSED] - takeScreenshot: Taking screenshot successfully

2018-10-23 17:31:47 - [MESSAGE][PASSED] - Taking screenshot successfully
[[ATTACHMENT|C:\\Users\\Ronnachai C\\Katalon Studio\\StackexchangeDemo\\Reports\\Login\\Login Test Suite\\20181023_172117\\1540290707550.png]]

2018-10-23 17:31:47 - [MESSAGE][PASSED] - Call Test Case 'Test Cases/Pages/02_Log In Page/The Log In Page is loaded successfully' successfully

2018-10-23 17:31:47 - [TEST_STEP][PASSED] - callTestCase: Call Test Case 'Test Cases/Pages/02_Log In Page/To click the log in with stackexchange' successfully

2018-10-23 17:31:47 - [TEST_CASE][PASSED] - Test Cases/Pages/02_Log In Page/To click the log in with stackexchange: Test Cases/Pages/02_Log In Page/To click the log in with stackexchange

2018-10-23 17:31:47 - [TEST_STEP][PASSED] - waitForElementVisible: Object 'Object Repository/Test Objects/Pages/Page_Log In/header_siteHeader' is visible

2018-10-23 17:31:47 - [MESSAGE][PASSED] - Object 'Object Repository/Test Objects/Pages/Page_Log In/header_siteHeader' is visible

2018-10-23 17:31:47 - [TEST_STEP][PASSED] - click: Object: 'Object Repository/Test Objects/Pages/Page_Log In/a_stack_exchange openid_large_' is clicked on

2018-10-23 17:31:47 - [MESSAGE][PASSED] - Object: 'Object Repository/Test Objects/Pages/Page_Log In/a_stack_exchange openid_large_' is clicked on

2018-10-23 17:31:47 - [TEST_STEP][PASSED] - delay: Delayed 5 second(s)

2018-10-23 17:31:52 - [MESSAGE][PASSED] - Delayed 5 second(s)

2018-10-23 17:31:52 - [MESSAGE][PASSED] - Call Test Case 'Test Cases/Pages/02_Log In Page/To click the log in with stackexchange' successfully

2018-10-23 17:31:52 - [TEST_STEP][PASSED] - switchToFrame: Timeout '0' is invalid. Using default page load timeout: '30'

2018-10-23 17:31:52 - [MESSAGE][WARNING] - Timeout '0' is invalid. Using default page load timeout: '30'

2018-10-23 17:31:52 - [TEST_STEP][PASSED] - setText: Text 'charnjaroen' is set on object 'Object Repository/Test Objects/Pages/Page_Log In/iFrame/Page_Log In/input_email'

2018-10-23 17:31:53 - [MESSAGE][PASSED] - Text 'charnjaroen' is set on object 'Object Repository/Test Objects/Pages/Page_Log In/iFrame/Page_Log In/input_email'

2018-10-23 17:31:53 - [TEST_STEP][PASSED] - setEncryptedText: Text ****** has been set on object 'Object Repository/Test Objects/Pages/Page_Log In/iFrame/Page_Log In/input_password'

2018-10-23 17:31:53 - [MESSAGE][PASSED] - Text ****** has been set on object 'Object Repository/Test Objects/Pages/Page_Log In/iFrame/Page_Log In/input_password'

2018-10-23 17:31:53 - [TEST_STEP][PASSED] - click: Object: 'Object Repository/Test Objects/Pages/Page_Log In/iFrame/Page_Log In/input_affiliate-button' is clicked on

2018-10-23 17:31:53 - [MESSAGE][PASSED] - Object: 'Object Repository/Test Objects/Pages/Page_Log In/iFrame/Page_Log In/input_affiliate-button' is clicked on

2018-10-23 17:31:53 - [TEST_STEP][PASSED] - verifyElementPresent: Object 'Object Repository/Test Objects/Pages/Page_Log In/iFrame/Page_Log In/p_Invalid email address' is present

2018-10-23 17:31:53 - [MESSAGE][PASSED] - Object 'Object Repository/Test Objects/Pages/Page_Log In/iFrame/Page_Log In/p_Invalid email address' is present

2018-10-23 17:31:53 - [TEST_STEP][PASSED] - takeScreenshot: Taking screenshot successfully

2018-10-23 17:31:53 - [MESSAGE][PASSED] - Taking screenshot successfully
[[ATTACHMENT|C:\\Users\\Ronnachai C\\Katalon Studio\\StackexchangeDemo\\Reports\\Login\\Login Test Suite\\20181023_172117\\1540290713874.png]]

2018-10-23 17:31:53 - [TEST_STEP][PASSED] - Start listener action : afterTestcase: Browser is closed

2018-10-23 17:31:53 - [TEST_STEP][PASSED] - closeBrowser: Browser is closed

2018-10-23 17:32:03 - [MESSAGE][PASSED] - Browser is closed]]></system-out>
         <system-err><![CDATA[]]></system-err>
      </testcase>
      <testcase name="Test Cases/Tests/Log In/TC-SIN-005 Check for invalid password" classname="Test Cases/Tests/Log In/TC-SIN-005 Check for invalid password" status="PASSED">
         <system-out><![CDATA[2018-10-23 17:32:05 - [TEST_CASE][PASSED] - Test Cases/Tests/Log In/TC-SIN-005 Check for invalid password: Test Cases/Tests/Log In/TC-SIN-005 Check for invalid password

2018-10-23 17:32:05 - [TEST_STEP][PASSED] - Start listener action : beforeTestcase: Navigate to 'https://stackexchange.com/' successfully

2018-10-23 17:32:05 - [TEST_STEP][PASSED] - openBrowser: Browser is opened with url: ''

2018-10-23 17:32:12 - [MESSAGE][PASSED] - Browser is opened with url: ''

2018-10-23 17:32:12 - [TEST_STEP][PASSED] - maximizeWindow: Current window maximized

2018-10-23 17:32:16 - [MESSAGE][PASSED] - Current window maximized

2018-10-23 17:32:16 - [TEST_STEP][PASSED] - navigateToUrl: Navigate to 'https://stackexchange.com/' successfully

2018-10-23 17:32:19 - [MESSAGE][PASSED] - Navigate to 'https://stackexchange.com/' successfully

2018-10-23 17:32:20 - [TEST_STEP][PASSED] - callTestCase: Call Test Case 'Test Cases/Pages/01_Stack Exchage Homepage/The Homepage is loaded successfully' successfully

2018-10-23 17:32:20 - [TEST_CASE][PASSED] - Test Cases/Pages/01_Stack Exchage Homepage/The Homepage is loaded successfully: Test Cases/Pages/01_Stack Exchage Homepage/The Homepage is loaded successfully

2018-10-23 17:32:20 - [TEST_STEP][PASSED] - waitForElementVisible: Object 'Object Repository/Test Objects/Pages/Page_StackExchangeHome/header_top-bar js-top-bar' is visible

2018-10-23 17:32:20 - [MESSAGE][PASSED] - Object 'Object Repository/Test Objects/Pages/Page_StackExchangeHome/header_top-bar js-top-bar' is visible

2018-10-23 17:32:20 - [TEST_STEP][PASSED] - waitForElementVisible: Object 'Object Repository/Test Objects/Pages/Page_StackExchangeHome/header_siteHeader' is visible

2018-10-23 17:32:20 - [MESSAGE][PASSED] - Object 'Object Repository/Test Objects/Pages/Page_StackExchangeHome/header_siteHeader' is visible

2018-10-23 17:32:20 - [TEST_STEP][PASSED] - verifyElementPresent: Object 'Object Repository/Test Objects/Pages/Page_StackExchangeHome/a_-logo js-gps-track' is present

2018-10-23 17:32:20 - [MESSAGE][PASSED] - Object 'Object Repository/Test Objects/Pages/Page_StackExchangeHome/a_-logo js-gps-track' is present

2018-10-23 17:32:20 - [TEST_STEP][PASSED] - verifyTextPresent: Text 'Tour' is present on page 

2018-10-23 17:32:23 - [MESSAGE][PASSED] - Text 'Tour' is present on page 

2018-10-23 17:32:23 - [TEST_STEP][PASSED] - verifyTextPresent: Text 'About Us' is present on page 

2018-10-23 17:32:27 - [MESSAGE][PASSED] - Text 'About Us' is present on page 

2018-10-23 17:32:27 - [TEST_STEP][PASSED] - verifyTextPresent: Text 'Meta' is present on page 

2018-10-23 17:32:29 - [MESSAGE][PASSED] - Text 'Meta' is present on page 

2018-10-23 17:32:29 - [TEST_STEP][PASSED] - verifyElementPresent: Object 'Object Repository/Test Objects/Pages/Page_StackExchangeHome/input_q' is present

2018-10-23 17:32:29 - [MESSAGE][PASSED] - Object 'Object Repository/Test Objects/Pages/Page_StackExchangeHome/input_q' is present

2018-10-23 17:32:29 - [TEST_STEP][PASSED] - verifyTextPresent: Text 'Log In' is present on page 

2018-10-23 17:32:32 - [MESSAGE][PASSED] - Text 'Log In' is present on page 

2018-10-23 17:32:32 - [TEST_STEP][PASSED] - verifyTextPresent: Text 'Sign Up' is present on page 

2018-10-23 17:32:35 - [MESSAGE][PASSED] - Text 'Sign Up' is present on page 

2018-10-23 17:32:35 - [TEST_STEP][PASSED] - verifyElementPresent: Object 'Object Repository/Test Objects/Pages/Page_StackExchangeHome/sectioncontent' is present

2018-10-23 17:32:35 - [MESSAGE][PASSED] - Object 'Object Repository/Test Objects/Pages/Page_StackExchangeHome/sectioncontent' is present

2018-10-23 17:32:35 - [TEST_STEP][PASSED] - verifyTextPresent: Text 'Stack Exchange' is present on page 

2018-10-23 17:32:39 - [MESSAGE][PASSED] - Text 'Stack Exchange' is present on page 

2018-10-23 17:32:39 - [TEST_STEP][PASSED] - takeScreenshot: Taking screenshot successfully

2018-10-23 17:32:39 - [MESSAGE][PASSED] - Taking screenshot successfully
[[ATTACHMENT|C:\\Users\\Ronnachai C\\Katalon Studio\\StackexchangeDemo\\Reports\\Login\\Login Test Suite\\20181023_172117\\1540290759683.png]]

2018-10-23 17:32:39 - [MESSAGE][PASSED] - Call Test Case 'Test Cases/Pages/01_Stack Exchage Homepage/The Homepage is loaded successfully' successfully

2018-10-23 17:32:39 - [TEST_STEP][PASSED] - callTestCase: Call Test Case 'Test Cases/Pages/01_Stack Exchage Homepage/To click the login link' successfully

2018-10-23 17:32:39 - [TEST_CASE][PASSED] - Test Cases/Pages/01_Stack Exchage Homepage/To click the login link: Test Cases/Pages/01_Stack Exchage Homepage/To click the login link

2018-10-23 17:32:39 - [TEST_STEP][PASSED] - waitForElementVisible: Object 'Object Repository/Test Objects/Pages/Page_StackExchangeHome/header_siteHeader' is visible

2018-10-23 17:32:40 - [MESSAGE][PASSED] - Object 'Object Repository/Test Objects/Pages/Page_StackExchangeHome/header_siteHeader' is visible

2018-10-23 17:32:40 - [TEST_STEP][PASSED] - click: Object: 'Object Repository/Test Objects/Pages/Page_StackExchangeHome/a_Log In' is clicked on

2018-10-23 17:32:41 - [MESSAGE][PASSED] - Object: 'Object Repository/Test Objects/Pages/Page_StackExchangeHome/a_Log In' is clicked on

2018-10-23 17:32:41 - [MESSAGE][PASSED] - Call Test Case 'Test Cases/Pages/01_Stack Exchage Homepage/To click the login link' successfully

2018-10-23 17:32:41 - [TEST_STEP][PASSED] - callTestCase: Call Test Case 'Test Cases/Pages/02_Log In Page/The Log In Page is loaded successfully' successfully

2018-10-23 17:32:41 - [TEST_CASE][PASSED] - Test Cases/Pages/02_Log In Page/The Log In Page is loaded successfully: Test Cases/Pages/02_Log In Page/The Log In Page is loaded successfully

2018-10-23 17:32:41 - [TEST_STEP][PASSED] - waitForElementVisible: Object 'Object Repository/Test Objects/Pages/Page_Log In/header_siteHeader' is visible

2018-10-23 17:32:41 - [MESSAGE][PASSED] - Object 'Object Repository/Test Objects/Pages/Page_Log In/header_siteHeader' is visible

2018-10-23 17:32:41 - [TEST_STEP][PASSED] - verifyTextPresent: Text 'Do you already have an account on one of these sites? Click the logo to' is present on page 

2018-10-23 17:32:42 - [MESSAGE][PASSED] - Text 'Do you already have an account on one of these sites? Click the logo to' is present on page 

2018-10-23 17:32:42 - [TEST_STEP][PASSED] - verifyElementPresent: Object 'Object Repository/Test Objects/Pages/Page_Log In/a_stack_exchange openid_large_' is present

2018-10-23 17:32:42 - [MESSAGE][PASSED] - Object 'Object Repository/Test Objects/Pages/Page_Log In/a_stack_exchange openid_large_' is present

2018-10-23 17:32:42 - [TEST_STEP][PASSED] - verifyElementPresent: Object 'Object Repository/Test Objects/Pages/Page_Log In/a_google openid_large_btn' is present

2018-10-23 17:32:42 - [MESSAGE][PASSED] - Object 'Object Repository/Test Objects/Pages/Page_Log In/a_google openid_large_btn' is present

2018-10-23 17:32:42 - [TEST_STEP][PASSED] - verifyElementPresent: Object 'Object Repository/Test Objects/Pages/Page_Log In/a_facebook openid_large_btn' is present

2018-10-23 17:32:42 - [MESSAGE][PASSED] - Object 'Object Repository/Test Objects/Pages/Page_Log In/a_facebook openid_large_btn' is present

2018-10-23 17:32:42 - [TEST_STEP][PASSED] - verifyElementPresent: Object 'Object Repository/Test Objects/Pages/Page_Log In/a_yahoo openid_large_btn' is present

2018-10-23 17:32:42 - [MESSAGE][PASSED] - Object 'Object Repository/Test Objects/Pages/Page_Log In/a_yahoo openid_large_btn' is present

2018-10-23 17:32:42 - [TEST_STEP][PASSED] - verifyTextPresent: Text 'click here to sign up' is present on page 

2018-10-23 17:32:43 - [MESSAGE][PASSED] - Text 'click here to sign up' is present on page 

2018-10-23 17:32:43 - [TEST_STEP][PASSED] - takeScreenshot: Taking screenshot successfully

2018-10-23 17:32:43 - [MESSAGE][PASSED] - Taking screenshot successfully
[[ATTACHMENT|C:\\Users\\Ronnachai C\\Katalon Studio\\StackexchangeDemo\\Reports\\Login\\Login Test Suite\\20181023_172117\\1540290763160.png]]

2018-10-23 17:32:43 - [MESSAGE][PASSED] - Call Test Case 'Test Cases/Pages/02_Log In Page/The Log In Page is loaded successfully' successfully

2018-10-23 17:32:43 - [TEST_STEP][PASSED] - callTestCase: Call Test Case 'Test Cases/Pages/02_Log In Page/To click the log in with stackexchange' successfully

2018-10-23 17:32:43 - [TEST_CASE][PASSED] - Test Cases/Pages/02_Log In Page/To click the log in with stackexchange: Test Cases/Pages/02_Log In Page/To click the log in with stackexchange

2018-10-23 17:32:43 - [TEST_STEP][PASSED] - waitForElementVisible: Object 'Object Repository/Test Objects/Pages/Page_Log In/header_siteHeader' is visible

2018-10-23 17:32:43 - [MESSAGE][PASSED] - Object 'Object Repository/Test Objects/Pages/Page_Log In/header_siteHeader' is visible

2018-10-23 17:32:43 - [TEST_STEP][PASSED] - click: Object: 'Object Repository/Test Objects/Pages/Page_Log In/a_stack_exchange openid_large_' is clicked on

2018-10-23 17:32:43 - [MESSAGE][PASSED] - Object: 'Object Repository/Test Objects/Pages/Page_Log In/a_stack_exchange openid_large_' is clicked on

2018-10-23 17:32:43 - [TEST_STEP][PASSED] - delay: Delayed 5 second(s)

2018-10-23 17:32:48 - [MESSAGE][PASSED] - Delayed 5 second(s)

2018-10-23 17:32:48 - [MESSAGE][PASSED] - Call Test Case 'Test Cases/Pages/02_Log In Page/To click the log in with stackexchange' successfully

2018-10-23 17:32:48 - [TEST_STEP][PASSED] - switchToFrame: Switched to iframe: 'Object Repository/Test Objects/Pages/Page_Log In/iFrame/Page_Log In/iframeaffiliate-signin-iframe'

2018-10-23 17:32:48 - [TEST_STEP][PASSED] - setText: Text 'charnjaroen@gmail.com' is set on object 'Object Repository/Test Objects/Pages/Page_Log In/iFrame/Page_Log In/input_email'

2018-10-23 17:32:48 - [MESSAGE][PASSED] - Text 'charnjaroen@gmail.com' is set on object 'Object Repository/Test Objects/Pages/Page_Log In/iFrame/Page_Log In/input_email'

2018-10-23 17:32:48 - [TEST_STEP][PASSED] - setEncryptedText: Text ****** has been set on object 'Object Repository/Test Objects/Pages/Page_Log In/iFrame/Page_Log In/input_password'

2018-10-23 17:32:48 - [MESSAGE][PASSED] - Text ****** has been set on object 'Object Repository/Test Objects/Pages/Page_Log In/iFrame/Page_Log In/input_password'

2018-10-23 17:32:48 - [TEST_STEP][PASSED] - click: Object: 'Object Repository/Test Objects/Pages/Page_Log In/iFrame/Page_Log In/input_affiliate-button' is clicked on

2018-10-23 17:32:49 - [MESSAGE][PASSED] - Object: 'Object Repository/Test Objects/Pages/Page_Log In/iFrame/Page_Log In/input_affiliate-button' is clicked on

2018-10-23 17:32:49 - [TEST_STEP][PASSED] - verifyElementPresent: Object 'Object Repository/Test Objects/Pages/Page_Log In/iFrame/Page_Log In/p_Invalid email address' is present

2018-10-23 17:32:49 - [MESSAGE][PASSED] - Object 'Object Repository/Test Objects/Pages/Page_Log In/iFrame/Page_Log In/p_Invalid email address' is present

2018-10-23 17:32:49 - [TEST_STEP][PASSED] - takeScreenshot: Taking screenshot successfully

2018-10-23 17:32:49 - [MESSAGE][PASSED] - Taking screenshot successfully
[[ATTACHMENT|C:\\Users\\Ronnachai C\\Katalon Studio\\StackexchangeDemo\\Reports\\Login\\Login Test Suite\\20181023_172117\\1540290769870.png]]

2018-10-23 17:32:49 - [TEST_STEP][PASSED] - Start listener action : afterTestcase: Browser is closed

2018-10-23 17:32:49 - [TEST_STEP][PASSED] - closeBrowser: Browser is closed

2018-10-23 17:32:59 - [MESSAGE][PASSED] - Browser is closed]]></system-out>
         <system-err><![CDATA[]]></system-err>
      </testcase>
      <testcase name="Test Cases/Tests/Log In/TC-SIN-006 Check for valid username and password vai stackexchange - Copy" classname="Test Cases/Tests/Log In/TC-SIN-006 Check for valid username and password vai stackexchange - Copy" status="PASSED">
         <system-out><![CDATA[2018-10-23 17:33:01 - [TEST_CASE][PASSED] - Test Cases/Tests/Log In/TC-SIN-006 Check for valid username and password vai stackexchange - Copy: Test Cases/Tests/Log In/TC-SIN-006 Check for valid username and password vai stackexchange - Copy

2018-10-23 17:33:01 - [TEST_STEP][PASSED] - Start listener action : beforeTestcase: Navigate to 'https://stackexchange.com/' successfully

2018-10-23 17:33:01 - [TEST_STEP][PASSED] - openBrowser: Browser is opened with url: ''

2018-10-23 17:33:07 - [MESSAGE][PASSED] - Browser is opened with url: ''

2018-10-23 17:33:07 - [TEST_STEP][PASSED] - maximizeWindow: Current window maximized

2018-10-23 17:33:11 - [MESSAGE][PASSED] - Current window maximized

2018-10-23 17:33:11 - [TEST_STEP][PASSED] - navigateToUrl: Navigate to 'https://stackexchange.com/' successfully

2018-10-23 17:33:13 - [MESSAGE][PASSED] - Navigate to 'https://stackexchange.com/' successfully

2018-10-23 17:33:14 - [TEST_STEP][PASSED] - callTestCase: Call Test Case 'Test Cases/Pages/01_Stack Exchage Homepage/The Homepage is loaded successfully' successfully

2018-10-23 17:33:14 - [TEST_CASE][PASSED] - Test Cases/Pages/01_Stack Exchage Homepage/The Homepage is loaded successfully: Test Cases/Pages/01_Stack Exchage Homepage/The Homepage is loaded successfully

2018-10-23 17:33:14 - [TEST_STEP][PASSED] - waitForElementVisible: Object 'Object Repository/Test Objects/Pages/Page_StackExchangeHome/header_top-bar js-top-bar' is visible

2018-10-23 17:33:14 - [MESSAGE][PASSED] - Object 'Object Repository/Test Objects/Pages/Page_StackExchangeHome/header_top-bar js-top-bar' is visible

2018-10-23 17:33:14 - [TEST_STEP][PASSED] - waitForElementVisible: Object 'Object Repository/Test Objects/Pages/Page_StackExchangeHome/header_siteHeader' is visible

2018-10-23 17:33:14 - [MESSAGE][PASSED] - Object 'Object Repository/Test Objects/Pages/Page_StackExchangeHome/header_siteHeader' is visible

2018-10-23 17:33:14 - [TEST_STEP][PASSED] - verifyElementPresent: Object 'Object Repository/Test Objects/Pages/Page_StackExchangeHome/a_-logo js-gps-track' is present

2018-10-23 17:33:14 - [MESSAGE][PASSED] - Object 'Object Repository/Test Objects/Pages/Page_StackExchangeHome/a_-logo js-gps-track' is present

2018-10-23 17:33:14 - [TEST_STEP][PASSED] - verifyTextPresent: Text 'Tour' is present on page 

2018-10-23 17:33:16 - [MESSAGE][PASSED] - Text 'Tour' is present on page 

2018-10-23 17:33:16 - [TEST_STEP][PASSED] - verifyTextPresent: Text 'About Us' is present on page 

2018-10-23 17:33:19 - [MESSAGE][PASSED] - Text 'About Us' is present on page 

2018-10-23 17:33:19 - [TEST_STEP][PASSED] - verifyTextPresent: Text 'Meta' is present on page 

2018-10-23 17:33:22 - [MESSAGE][PASSED] - Text 'Meta' is present on page 

2018-10-23 17:33:22 - [TEST_STEP][PASSED] - verifyElementPresent: Object 'Object Repository/Test Objects/Pages/Page_StackExchangeHome/input_q' is present

2018-10-23 17:33:22 - [MESSAGE][PASSED] - Object 'Object Repository/Test Objects/Pages/Page_StackExchangeHome/input_q' is present

2018-10-23 17:33:22 - [TEST_STEP][PASSED] - verifyTextPresent: Text 'Log In' is present on page 

2018-10-23 17:33:25 - [MESSAGE][PASSED] - Text 'Log In' is present on page 

2018-10-23 17:33:25 - [TEST_STEP][PASSED] - verifyTextPresent: Text 'Sign Up' is present on page 

2018-10-23 17:33:28 - [MESSAGE][PASSED] - Text 'Sign Up' is present on page 

2018-10-23 17:33:28 - [TEST_STEP][PASSED] - verifyElementPresent: Object 'Object Repository/Test Objects/Pages/Page_StackExchangeHome/sectioncontent' is present

2018-10-23 17:33:29 - [MESSAGE][PASSED] - Object 'Object Repository/Test Objects/Pages/Page_StackExchangeHome/sectioncontent' is present

2018-10-23 17:33:29 - [TEST_STEP][PASSED] - verifyTextPresent: Text 'Stack Exchange' is present on page 

2018-10-23 17:33:32 - [MESSAGE][PASSED] - Text 'Stack Exchange' is present on page 

2018-10-23 17:33:32 - [TEST_STEP][PASSED] - takeScreenshot: Taking screenshot successfully

2018-10-23 17:33:32 - [MESSAGE][PASSED] - Taking screenshot successfully
[[ATTACHMENT|C:\\Users\\Ronnachai C\\Katalon Studio\\StackexchangeDemo\\Reports\\Login\\Login Test Suite\\20181023_172117\\1540290812242.png]]

2018-10-23 17:33:32 - [MESSAGE][PASSED] - Call Test Case 'Test Cases/Pages/01_Stack Exchage Homepage/The Homepage is loaded successfully' successfully

2018-10-23 17:33:32 - [TEST_STEP][PASSED] - callTestCase: Call Test Case 'Test Cases/Pages/01_Stack Exchage Homepage/To click the login link' successfully

2018-10-23 17:33:32 - [TEST_CASE][PASSED] - Test Cases/Pages/01_Stack Exchage Homepage/To click the login link: Test Cases/Pages/01_Stack Exchage Homepage/To click the login link

2018-10-23 17:33:32 - [TEST_STEP][PASSED] - waitForElementVisible: Object 'Object Repository/Test Objects/Pages/Page_StackExchangeHome/header_siteHeader' is visible

2018-10-23 17:33:32 - [MESSAGE][PASSED] - Object 'Object Repository/Test Objects/Pages/Page_StackExchangeHome/header_siteHeader' is visible

2018-10-23 17:33:32 - [TEST_STEP][PASSED] - click: Object: 'Object Repository/Test Objects/Pages/Page_StackExchangeHome/a_Log In' is clicked on

2018-10-23 17:33:33 - [MESSAGE][PASSED] - Object: 'Object Repository/Test Objects/Pages/Page_StackExchangeHome/a_Log In' is clicked on

2018-10-23 17:33:33 - [MESSAGE][PASSED] - Call Test Case 'Test Cases/Pages/01_Stack Exchage Homepage/To click the login link' successfully

2018-10-23 17:33:33 - [TEST_STEP][PASSED] - callTestCase: Call Test Case 'Test Cases/Pages/02_Log In Page/The Log In Page is loaded successfully' successfully

2018-10-23 17:33:34 - [TEST_CASE][PASSED] - Test Cases/Pages/02_Log In Page/The Log In Page is loaded successfully: Test Cases/Pages/02_Log In Page/The Log In Page is loaded successfully

2018-10-23 17:33:34 - [TEST_STEP][PASSED] - waitForElementVisible: Object 'Object Repository/Test Objects/Pages/Page_Log In/header_siteHeader' is visible

2018-10-23 17:33:34 - [MESSAGE][PASSED] - Object 'Object Repository/Test Objects/Pages/Page_Log In/header_siteHeader' is visible

2018-10-23 17:33:34 - [TEST_STEP][PASSED] - verifyTextPresent: Text 'Do you already have an account on one of these sites? Click the logo to' is present on page 

2018-10-23 17:33:34 - [MESSAGE][PASSED] - Text 'Do you already have an account on one of these sites? Click the logo to' is present on page 

2018-10-23 17:33:34 - [TEST_STEP][PASSED] - verifyElementPresent: Object 'Object Repository/Test Objects/Pages/Page_Log In/a_stack_exchange openid_large_' is present

2018-10-23 17:33:34 - [MESSAGE][PASSED] - Object 'Object Repository/Test Objects/Pages/Page_Log In/a_stack_exchange openid_large_' is present

2018-10-23 17:33:34 - [TEST_STEP][PASSED] - verifyElementPresent: Object 'Object Repository/Test Objects/Pages/Page_Log In/a_google openid_large_btn' is present

2018-10-23 17:33:34 - [MESSAGE][PASSED] - Object 'Object Repository/Test Objects/Pages/Page_Log In/a_google openid_large_btn' is present

2018-10-23 17:33:34 - [TEST_STEP][PASSED] - verifyElementPresent: Object 'Object Repository/Test Objects/Pages/Page_Log In/a_facebook openid_large_btn' is present

2018-10-23 17:33:34 - [MESSAGE][PASSED] - Object 'Object Repository/Test Objects/Pages/Page_Log In/a_facebook openid_large_btn' is present

2018-10-23 17:33:34 - [TEST_STEP][PASSED] - verifyElementPresent: Object 'Object Repository/Test Objects/Pages/Page_Log In/a_yahoo openid_large_btn' is present

2018-10-23 17:33:34 - [MESSAGE][PASSED] - Object 'Object Repository/Test Objects/Pages/Page_Log In/a_yahoo openid_large_btn' is present

2018-10-23 17:33:34 - [TEST_STEP][PASSED] - verifyTextPresent: Text 'click here to sign up' is present on page 

2018-10-23 17:33:35 - [MESSAGE][PASSED] - Text 'click here to sign up' is present on page 

2018-10-23 17:33:35 - [TEST_STEP][PASSED] - takeScreenshot: Taking screenshot successfully

2018-10-23 17:33:35 - [MESSAGE][PASSED] - Taking screenshot successfully
[[ATTACHMENT|C:\\Users\\Ronnachai C\\Katalon Studio\\StackexchangeDemo\\Reports\\Login\\Login Test Suite\\20181023_172117\\1540290815672.png]]

2018-10-23 17:33:35 - [MESSAGE][PASSED] - Call Test Case 'Test Cases/Pages/02_Log In Page/The Log In Page is loaded successfully' successfully

2018-10-23 17:33:35 - [TEST_STEP][PASSED] - callTestCase: Call Test Case 'Test Cases/Pages/02_Log In Page/To click the log in with stackexchange' successfully

2018-10-23 17:33:35 - [TEST_CASE][PASSED] - Test Cases/Pages/02_Log In Page/To click the log in with stackexchange: Test Cases/Pages/02_Log In Page/To click the log in with stackexchange

2018-10-23 17:33:35 - [TEST_STEP][PASSED] - waitForElementVisible: Object 'Object Repository/Test Objects/Pages/Page_Log In/header_siteHeader' is visible

2018-10-23 17:33:35 - [MESSAGE][PASSED] - Object 'Object Repository/Test Objects/Pages/Page_Log In/header_siteHeader' is visible

2018-10-23 17:33:35 - [TEST_STEP][PASSED] - click: Object: 'Object Repository/Test Objects/Pages/Page_Log In/a_stack_exchange openid_large_' is clicked on

2018-10-23 17:33:36 - [MESSAGE][PASSED] - Object: 'Object Repository/Test Objects/Pages/Page_Log In/a_stack_exchange openid_large_' is clicked on

2018-10-23 17:33:36 - [TEST_STEP][PASSED] - delay: Delayed 5 second(s)

2018-10-23 17:33:41 - [MESSAGE][PASSED] - Delayed 5 second(s)

2018-10-23 17:33:41 - [MESSAGE][PASSED] - Call Test Case 'Test Cases/Pages/02_Log In Page/To click the log in with stackexchange' successfully

2018-10-23 17:33:41 - [TEST_STEP][PASSED] - switchToFrame: Switched to iframe: 'Object Repository/Test Objects/Pages/Page_Log In/iFrame/Page_Log In/iframeaffiliate-signin-iframe'

2018-10-23 17:33:41 - [TEST_STEP][PASSED] - setText: Text 'charnjaroen@gmail.com' is set on object 'Object Repository/Test Objects/Pages/Page_Log In/iFrame/Page_Log In/input_email'

2018-10-23 17:33:41 - [MESSAGE][PASSED] - Text 'charnjaroen@gmail.com' is set on object 'Object Repository/Test Objects/Pages/Page_Log In/iFrame/Page_Log In/input_email'

2018-10-23 17:33:41 - [TEST_STEP][PASSED] - setEncryptedText: Text ****** has been set on object 'Object Repository/Test Objects/Pages/Page_Log In/iFrame/Page_Log In/input_password'

2018-10-23 17:33:42 - [MESSAGE][PASSED] - Text ****** has been set on object 'Object Repository/Test Objects/Pages/Page_Log In/iFrame/Page_Log In/input_password'

2018-10-23 17:33:42 - [TEST_STEP][PASSED] - click: Object: 'Object Repository/Test Objects/Pages/Page_Log In/iFrame/Page_Log In/input_affiliate-button' is clicked on

2018-10-23 17:33:45 - [MESSAGE][PASSED] - Object: 'Object Repository/Test Objects/Pages/Page_Log In/iFrame/Page_Log In/input_affiliate-button' is clicked on

2018-10-23 17:33:45 - [TEST_STEP][PASSED] - delay: Delayed 10 second(s)

2018-10-23 17:33:55 - [MESSAGE][PASSED] - Delayed 10 second(s)

2018-10-23 17:33:55 - [TEST_STEP][PASSED] - switchToDefaultContent: Switching to default content

2018-10-23 17:33:55 - [TEST_STEP][PASSED] - callTestCase: Call Test Case 'Test Cases/Pages/03_Dashboard Page/The Dashboard Page is loaded successfully' successfully

2018-10-23 17:33:55 - [TEST_CASE][PASSED] - Test Cases/Pages/03_Dashboard Page/The Dashboard Page is loaded successfully: Test Cases/Pages/03_Dashboard Page/The Dashboard Page is loaded successfully

2018-10-23 17:33:55 - [TEST_STEP][PASSED] - waitForElementVisible: Object 'Object Repository/Test Objects/Pages/Page_LoginSuccess_Stack Exchange/header_Stack Exchange' is visible

2018-10-23 17:33:55 - [MESSAGE][PASSED] - Object 'Object Repository/Test Objects/Pages/Page_LoginSuccess_Stack Exchange/header_Stack Exchange' is visible

2018-10-23 17:33:55 - [TEST_STEP][PASSED] - verifyTextPresent: Text 'Tour' is present on page 

2018-10-23 17:33:58 - [MESSAGE][PASSED] - Text 'Tour' is present on page 

2018-10-23 17:33:58 - [TEST_STEP][PASSED] - verifyTextPresent: Text 'About Us' is present on page 

2018-10-23 17:34:01 - [MESSAGE][PASSED] - Text 'About Us' is present on page 

2018-10-23 17:34:01 - [TEST_STEP][PASSED] - verifyTextPresent: Text 'Meta' is present on page 

2018-10-23 17:34:04 - [MESSAGE][PASSED] - Text 'Meta' is present on page 

2018-10-23 17:34:04 - [TEST_STEP][PASSED] - verifyElementVisible: Object 'Object Repository/Test Objects/Pages/Page_LoginSuccess_Stack Exchange/a_Meta_my-profile js-gps-track' is visible

2018-10-23 17:34:04 - [MESSAGE][PASSED] - Object 'Object Repository/Test Objects/Pages/Page_LoginSuccess_Stack Exchange/a_Meta_my-profile js-gps-track' is visible

2018-10-23 17:34:04 - [TEST_STEP][PASSED] - verifyElementVisible: Object 'Object Repository/Test Objects/Pages/Page_LoginSuccess_Stack Exchange/a_Meta_-link js-inbox-button' is visible

2018-10-23 17:34:04 - [MESSAGE][PASSED] - Object 'Object Repository/Test Objects/Pages/Page_LoginSuccess_Stack Exchange/a_Meta_-link js-inbox-button' is visible

2018-10-23 17:34:04 - [TEST_STEP][PASSED] - verifyElementVisible: Object 'Object Repository/Test Objects/Pages/Page_LoginSuccess_Stack Exchange/a_Meta_-link js-achievements-b' is visible

2018-10-23 17:34:04 - [MESSAGE][PASSED] - Object 'Object Repository/Test Objects/Pages/Page_LoginSuccess_Stack Exchange/a_Meta_-link js-achievements-b' is visible

2018-10-23 17:34:04 - [TEST_STEP][PASSED] - verifyElementVisible: Object 'Object Repository/Test Objects/Pages/Page_LoginSuccess_Stack Exchange/a_Meta_-link js-site-switcher-' is visible

2018-10-23 17:34:04 - [MESSAGE][PASSED] - Object 'Object Repository/Test Objects/Pages/Page_LoginSuccess_Stack Exchange/a_Meta_-link js-site-switcher-' is visible

2018-10-23 17:34:04 - [TEST_STEP][PASSED] - takeScreenshot: Taking screenshot successfully

2018-10-23 17:34:04 - [MESSAGE][PASSED] - Taking screenshot successfully
[[ATTACHMENT|C:\\Users\\Ronnachai C\\Katalon Studio\\StackexchangeDemo\\Reports\\Login\\Login Test Suite\\20181023_172117\\1540290844643.png]]

2018-10-23 17:34:04 - [MESSAGE][PASSED] - Call Test Case 'Test Cases/Pages/03_Dashboard Page/The Dashboard Page is loaded successfully' successfully

2018-10-23 17:34:04 - [TEST_STEP][PASSED] - callTestCase: Call Test Case 'Test Cases/Pages/03_Dashboard Page/To click the user profile' successfully

2018-10-23 17:34:04 - [TEST_CASE][PASSED] - Test Cases/Pages/03_Dashboard Page/To click the user profile: Test Cases/Pages/03_Dashboard Page/To click the user profile

2018-10-23 17:34:05 - [TEST_STEP][PASSED] - waitForElementVisible: Object 'Object Repository/Test Objects/Pages/Page_LoginSuccess_Stack Exchange/header_Stack Exchange' is visible

2018-10-23 17:34:05 - [MESSAGE][PASSED] - Object 'Object Repository/Test Objects/Pages/Page_LoginSuccess_Stack Exchange/header_Stack Exchange' is visible

2018-10-23 17:34:05 - [TEST_STEP][PASSED] - click: Object: 'Object Repository/Test Objects/Pages/Page_LoginSuccess_Stack Exchange/a_Meta_my-profile js-gps-track' is clicked on

2018-10-23 17:34:06 - [MESSAGE][PASSED] - Object: 'Object Repository/Test Objects/Pages/Page_LoginSuccess_Stack Exchange/a_Meta_my-profile js-gps-track' is clicked on

2018-10-23 17:34:06 - [TEST_STEP][PASSED] - delay: Delayed 5 second(s)

2018-10-23 17:34:11 - [MESSAGE][PASSED] - Delayed 5 second(s)

2018-10-23 17:34:11 - [TEST_STEP][PASSED] - verifyElementVisible: Object 'Object Repository/Test Objects/Pages/Page_User_Stack Exchange/a_account14581415' is visible

2018-10-23 17:34:11 - [MESSAGE][PASSED] - Object 'Object Repository/Test Objects/Pages/Page_User_Stack Exchange/a_account14581415' is visible

2018-10-23 17:34:11 - [TEST_STEP][PASSED] - takeScreenshot: Taking screenshot successfully

2018-10-23 17:34:11 - [MESSAGE][PASSED] - Taking screenshot successfully
[[ATTACHMENT|C:\\Users\\Ronnachai C\\Katalon Studio\\StackexchangeDemo\\Reports\\Login\\Login Test Suite\\20181023_172117\\1540290851494.png]]

2018-10-23 17:34:11 - [MESSAGE][PASSED] - Call Test Case 'Test Cases/Pages/03_Dashboard Page/To click the user profile' successfully

2018-10-23 17:34:11 - [TEST_STEP][PASSED] - callTestCase: Call Test Case 'Test Cases/Pages/03_Dashboard Page/To click the logout link' successfully

2018-10-23 17:34:11 - [TEST_CASE][PASSED] - Test Cases/Pages/03_Dashboard Page/To click the logout link: Test Cases/Pages/03_Dashboard Page/To click the logout link

2018-10-23 17:34:12 - [TEST_STEP][PASSED] - waitForElementVisible: Object 'Object Repository/Test Objects/Pages/Page_LoginSuccess_Stack Exchange/header_Stack Exchange' is visible

2018-10-23 17:34:12 - [MESSAGE][PASSED] - Object 'Object Repository/Test Objects/Pages/Page_LoginSuccess_Stack Exchange/header_Stack Exchange' is visible

2018-10-23 17:34:12 - [TEST_STEP][PASSED] - click: Object: 'Object Repository/Test Objects/Pages/Page_LoginSuccess_Stack Exchange/a_Meta_-link js-site-switcher-' is clicked on

2018-10-23 17:34:12 - [MESSAGE][PASSED] - Object: 'Object Repository/Test Objects/Pages/Page_LoginSuccess_Stack Exchange/a_Meta_-link js-site-switcher-' is clicked on

2018-10-23 17:34:12 - [TEST_STEP][PASSED] - delay: Delayed 10 second(s)

2018-10-23 17:34:22 - [MESSAGE][PASSED] - Delayed 10 second(s)

2018-10-23 17:34:22 - [TEST_STEP][PASSED] - click: Object: 'Object Repository/Test Objects/Pages/Page_Log Out/a_log out' is clicked on

2018-10-23 17:34:23 - [MESSAGE][PASSED] - Object: 'Object Repository/Test Objects/Pages/Page_Log Out/a_log out' is clicked on

2018-10-23 17:34:23 - [TEST_STEP][NOT_RUN] - delay: NOT_RUN: delay

2018-10-23 17:34:23 - [MESSAGE][NOT_RUN] - NOT_RUN: delay

2018-10-23 17:34:23 - [TEST_STEP][PASSED] - click: Object: 'Object Repository/Test Objects/Pages/Page_Log Out/input_superuser.com_everywhere' is clicked on

2018-10-23 17:34:24 - [MESSAGE][PASSED] - Object: 'Object Repository/Test Objects/Pages/Page_Log Out/input_superuser.com_everywhere' is clicked on

2018-10-23 17:34:24 - [TEST_STEP][PASSED] - click: Object: 'Object Repository/Test Objects/Pages/Page_Log Out/input_cancel_fr' is clicked on

2018-10-23 17:34:25 - [MESSAGE][PASSED] - Object: 'Object Repository/Test Objects/Pages/Page_Log Out/input_cancel_fr' is clicked on

2018-10-23 17:34:25 - [TEST_STEP][PASSED] - delay: Delayed 15 second(s)

2018-10-23 17:34:40 - [MESSAGE][PASSED] - Delayed 15 second(s)

2018-10-23 17:34:40 - [MESSAGE][PASSED] - Call Test Case 'Test Cases/Pages/03_Dashboard Page/To click the logout link' successfully

2018-10-23 17:34:40 - [TEST_STEP][PASSED] - Start listener action : afterTestcase: Browser is closed

2018-10-23 17:34:40 - [TEST_STEP][PASSED] - closeBrowser: Browser is closed

2018-10-23 17:34:50 - [MESSAGE][PASSED] - Browser is closed]]></system-out>
         <system-err><![CDATA[]]></system-err>
      </testcase>
      <system-out><![CDATA[2018-10-23 17:28:21 - [TEST_SUITE][PASSED] - Login Test Suite: Test Cases/Tests/Log In/TC-SIN-006 Check for valid username and password vai stackexchange - Copy]]></system-out>
      <system-err><![CDATA[]]></system-err>
   </testsuite>
</testsuites>
