<?xml version="1.0" encoding="UTF-8"?>
<testsuites name="Login Test Suite" time="288" tests="6" failures="0" errors="0">
   <testsuite name="Login Test Suite" tests="6" failures="0" errors="0" time="288" timestamp="2018-11-26 17:51:24" hostname="Ronnachai C - DESKTOP-0PTJ8Q3.mshome.net" id="Test Suites/Login/Login Test Suite">
      <properties>
         <property name="deviceName" value=""/>
         <property name="devicePlatform" value=""/>
         <property name="logFolder" value="C:\\Users\\Ronnachai C\\Katalon Studio\\StackexchangeDemo\\Reports\\Login\\Login Test Suite\\20181126_175115"/>
         <property name="logFiles" value="C:\\Users\\Ronnachai C\\Katalon Studio\\StackexchangeDemo\\Reports\\Login\\Login Test Suite\\20181126_175115\\execution0.log"/>
         <property name="attachments" value="C:\\Users\\Ronnachai C\\Katalon Studio\\StackexchangeDemo\\Reports\\Login\\Login Test Suite\\20181126_175115\\1543229518796.png, C:\\Users\\Ronnachai C\\Katalon Studio\\StackexchangeDemo\\Reports\\Login\\Login Test Suite\\20181126_175115\\1543229524421.png, C:\\Users\\Ronnachai C\\Katalon Studio\\StackexchangeDemo\\Reports\\Login\\Login Test Suite\\20181126_175115\\1543229525903.png, C:\\Users\\Ronnachai C\\Katalon Studio\\StackexchangeDemo\\Reports\\Login\\Login Test Suite\\20181126_175115\\1543229551967.png, C:\\Users\\Ronnachai C\\Katalon Studio\\StackexchangeDemo\\Reports\\Login\\Login Test Suite\\20181126_175115\\1543229557006.png, C:\\Users\\Ronnachai C\\Katalon Studio\\StackexchangeDemo\\Reports\\Login\\Login Test Suite\\20181126_175115\\1543229559066.png, C:\\Users\\Ronnachai C\\Katalon Studio\\StackexchangeDemo\\Reports\\Login\\Login Test Suite\\20181126_175115\\1543229605644.png, C:\\Users\\Ronnachai C\\Katalon Studio\\StackexchangeDemo\\Reports\\Login\\Login Test Suite\\20181126_175115\\1543229616062.png, C:\\Users\\Ronnachai C\\Katalon Studio\\StackexchangeDemo\\Reports\\Login\\Login Test Suite\\20181126_175115\\1543229620183.png, C:\\Users\\Ronnachai C\\Katalon Studio\\StackexchangeDemo\\Reports\\Login\\Login Test Suite\\20181126_175115\\1543229655450.png, C:\\Users\\Ronnachai C\\Katalon Studio\\StackexchangeDemo\\Reports\\Login\\Login Test Suite\\20181126_175115\\1543229659658.png, C:\\Users\\Ronnachai C\\Katalon Studio\\StackexchangeDemo\\Reports\\Login\\Login Test Suite\\20181126_175115\\1543229663564.png, C:\\Users\\Ronnachai C\\Katalon Studio\\StackexchangeDemo\\Reports\\Login\\Login Test Suite\\20181126_175115\\1543229695368.png, C:\\Users\\Ronnachai C\\Katalon Studio\\StackexchangeDemo\\Reports\\Login\\Login Test Suite\\20181126_175115\\1543229699747.png, C:\\Users\\Ronnachai C\\Katalon Studio\\StackexchangeDemo\\Reports\\Login\\Login Test Suite\\20181126_175115\\1543229703483.png, C:\\Users\\Ronnachai C\\Katalon Studio\\StackexchangeDemo\\Reports\\Login\\Login Test Suite\\20181126_175115\\1543229730441.png, C:\\Users\\Ronnachai C\\Katalon Studio\\StackexchangeDemo\\Reports\\Login\\Login Test Suite\\20181126_175115\\1543229734446.png, C:\\Users\\Ronnachai C\\Katalon Studio\\StackexchangeDemo\\Reports\\Login\\Login Test Suite\\20181126_175115\\1543229753809.png"/>
         <property name="hostName" value="Ronnachai C - DESKTOP-0PTJ8Q3.mshome.net"/>
         <property name="os" value="Windows 10 64bit"/>
         <property name="katalonVersion" value="5.8.0.1"/>
         <property name="browser" value="Chrome 70.0.3538.110"/>
         <property name="hostAddress" value="192.168.77.177"/>
         <property name="sessionId" value="425822f9a92f72bc5a84310e21b86099"/>
         <property name="seleniumVersion" value="3.7.1"/>
         <property name="proxyInformation" value="ProxyInformation{proxyOption=NO_PROXY, proxyServerType=HTTP, password=, proxyServerAddress=, proxyServerPort=0}"/>
         <property name="platform" value="Windows 10"/>
      </properties>
      <testcase name="Test Cases/Tests/Log In/TC-SIN-001 Check for empty username and password" classname="Test Cases/Tests/Log In/TC-SIN-001 Check for empty username and password" status="PASSED">
         <system-out><![CDATA[2018-11-26 17:51:26 - [TEST_CASE][PASSED] - Test Cases/Tests/Log In/TC-SIN-001 Check for empty username and password: Test Cases/Tests/Log In/TC-SIN-001 Check for empty username and password

2018-11-26 17:51:26 - [TEST_STEP][PASSED] - Start listener action : beforeTestcase: Navigate to 'https://stackexchange.com/' successfully

2018-11-26 17:51:27 - [TEST_STEP][PASSED] - openBrowser: Browser is opened with url: ''

2018-11-26 17:51:35 - [MESSAGE][PASSED] - Browser is opened with url: ''

2018-11-26 17:51:35 - [TEST_STEP][PASSED] - maximizeWindow: Current window maximized

2018-11-26 17:51:36 - [MESSAGE][PASSED] - Current window maximized

2018-11-26 17:51:36 - [TEST_STEP][PASSED] - navigateToUrl: Navigate to 'https://stackexchange.com/' successfully

2018-11-26 17:51:40 - [MESSAGE][PASSED] - Navigate to 'https://stackexchange.com/' successfully

2018-11-26 17:51:42 - [TEST_STEP][PASSED] - callTestCase: Call Test Case 'Test Cases/Pages/01_Stack Exchage Homepage/The Homepage is loaded successfully' successfully

2018-11-26 17:51:42 - [TEST_CASE][PASSED] - Test Cases/Pages/01_Stack Exchage Homepage/The Homepage is loaded successfully: Test Cases/Pages/01_Stack Exchage Homepage/The Homepage is loaded successfully

2018-11-26 17:51:43 - [TEST_STEP][PASSED] - Statement - actual_pagetitle = com.kms.katalon.core.webui.keyword.WebUiBuiltInKeywords.getWindowTitle(): Current window's title is: 'Hot Questions - Stack Exchange'

2018-11-26 17:51:43 - [MESSAGE][PASSED] - Current window's title is: 'Hot Questions - Stack Exchange'

2018-11-26 17:51:43 - [TEST_STEP][PASSED] - verifyMatch: Actual text 'Hot Questions - Stack Exchange' and expected text 'Hot Questions - Stack Exchange' are matched 

2018-11-26 17:51:43 - [MESSAGE][PASSED] - Actual text 'Hot Questions - Stack Exchange' and expected text 'Hot Questions - Stack Exchange' are matched 

2018-11-26 17:51:43 - [TEST_STEP][PASSED] - verifyElementVisible: Object 'Object Repository/Test Objects/Pages/Page_Hot Questions - Stack Exchange/header_Stack Exchange' is visible

2018-11-26 17:51:43 - [MESSAGE][PASSED] - Object 'Object Repository/Test Objects/Pages/Page_Hot Questions - Stack Exchange/header_Stack Exchange' is visible

2018-11-26 17:51:43 - [TEST_STEP][PASSED] - verifyTextPresent: Text 'Tour' is present on page 

2018-11-26 17:51:45 - [MESSAGE][PASSED] - Text 'Tour' is present on page 

2018-11-26 17:51:45 - [TEST_STEP][PASSED] - verifyTextPresent: Text 'About Us' is present on page 

2018-11-26 17:51:47 - [MESSAGE][PASSED] - Text 'About Us' is present on page 

2018-11-26 17:51:47 - [TEST_STEP][PASSED] - verifyTextPresent: Text 'Meta' is present on page 

2018-11-26 17:51:49 - [MESSAGE][PASSED] - Text 'Meta' is present on page 

2018-11-26 17:51:49 - [TEST_STEP][PASSED] - verifyElementPresent: Object 'Object Repository/Test Objects/Pages/Page_Hot Questions - Stack Exchange/input_Meta_q' is present

2018-11-26 17:51:50 - [MESSAGE][PASSED] - Object 'Object Repository/Test Objects/Pages/Page_Hot Questions - Stack Exchange/input_Meta_q' is present

2018-11-26 17:51:50 - [TEST_STEP][PASSED] - verifyTextPresent: Text 'All Sites' is present on page 

2018-11-26 17:51:52 - [MESSAGE][PASSED] - Text 'All Sites' is present on page 

2018-11-26 17:51:52 - [TEST_STEP][PASSED] - verifyTextPresent: Text 'Top Users' is present on page 

2018-11-26 17:51:53 - [MESSAGE][PASSED] - Text 'Top Users' is present on page 

2018-11-26 17:51:53 - [TEST_STEP][PASSED] - verifyTextPresent: Text 'Newsletters' is present on page 

2018-11-26 17:51:55 - [MESSAGE][PASSED] - Text 'Newsletters' is present on page 

2018-11-26 17:51:55 - [TEST_STEP][PASSED] - verifyTextPresent: Text 'Log In' is present on page 

2018-11-26 17:51:56 - [MESSAGE][PASSED] - Text 'Log In' is present on page 

2018-11-26 17:51:57 - [TEST_STEP][PASSED] - verifyTextPresent: Text 'Stack Exchange' is present on page 

2018-11-26 17:51:58 - [MESSAGE][PASSED] - Text 'Stack Exchange' is present on page 

2018-11-26 17:51:58 - [TEST_STEP][PASSED] - takeScreenshot: Taking screenshot successfully

2018-11-26 17:51:59 - [MESSAGE][PASSED] - Taking screenshot successfully
[[ATTACHMENT|C:\\Users\\Ronnachai C\\Katalon Studio\\StackexchangeDemo\\Reports\\Login\\Login Test Suite\\20181126_175115\\1543229518796.png]]

2018-11-26 17:51:59 - [MESSAGE][PASSED] - Call Test Case 'Test Cases/Pages/01_Stack Exchage Homepage/The Homepage is loaded successfully' successfully

2018-11-26 17:51:59 - [TEST_STEP][PASSED] - callTestCase: Call Test Case 'Test Cases/Pages/01_Stack Exchage Homepage/To click the login link' successfully

2018-11-26 17:51:59 - [TEST_CASE][PASSED] - Test Cases/Pages/01_Stack Exchage Homepage/To click the login link: Test Cases/Pages/01_Stack Exchage Homepage/To click the login link

2018-11-26 17:51:59 - [TEST_STEP][PASSED] - waitForElementVisible: Object 'Object Repository/Test Objects/Pages/Page_Hot Questions - Stack Exchange/header_Stack Exchange' is visible

2018-11-26 17:52:00 - [MESSAGE][PASSED] - Object 'Object Repository/Test Objects/Pages/Page_Hot Questions - Stack Exchange/header_Stack Exchange' is visible

2018-11-26 17:52:00 - [TEST_STEP][PASSED] - click: Object: 'Object Repository/Test Objects/Pages/Page_Hot Questions - Stack Exchange/a_Log In' is clicked on

2018-11-26 17:52:02 - [MESSAGE][PASSED] - Object: 'Object Repository/Test Objects/Pages/Page_Hot Questions - Stack Exchange/a_Log In' is clicked on

2018-11-26 17:52:02 - [MESSAGE][PASSED] - Call Test Case 'Test Cases/Pages/01_Stack Exchage Homepage/To click the login link' successfully

2018-11-26 17:52:02 - [TEST_STEP][PASSED] - callTestCase: Call Test Case 'Test Cases/Pages/02_Log In Page/The Log In Page is loaded successfully' successfully

2018-11-26 17:52:03 - [TEST_CASE][PASSED] - Test Cases/Pages/02_Log In Page/The Log In Page is loaded successfully: Test Cases/Pages/02_Log In Page/The Log In Page is loaded successfully

2018-11-26 17:52:03 - [TEST_STEP][PASSED] - Statement - actual_pagetitle = com.kms.katalon.core.webui.keyword.WebUiBuiltInKeywords.getWindowTitle(): Current window's title is: 'Log In - Meta Stack Exchange'

2018-11-26 17:52:03 - [MESSAGE][PASSED] - Current window's title is: 'Log In - Meta Stack Exchange'

2018-11-26 17:52:03 - [TEST_STEP][PASSED] - verifyMatch: Actual text 'Log In - Meta Stack Exchange' and expected text 'Log In - Meta Stack Exchange' are matched 

2018-11-26 17:52:03 - [MESSAGE][PASSED] - Actual text 'Log In - Meta Stack Exchange' and expected text 'Log In - Meta Stack Exchange' are matched 

2018-11-26 17:52:03 - [TEST_STEP][PASSED] - verifyElementPresent: Object 'Object Repository/Test Objects/Pages/Page_Log In - Meta Stack Exchange/div_Log in to the  network of' is present

2018-11-26 17:52:03 - [MESSAGE][PASSED] - Object 'Object Repository/Test Objects/Pages/Page_Log In - Meta Stack Exchange/div_Log in to the  network of' is present

2018-11-26 17:52:03 - [TEST_STEP][PASSED] - verifyElementPresent: Object 'Object Repository/Test Objects/Pages/Page_Log In - Meta Stack Exchange/div_Google' is present

2018-11-26 17:52:03 - [MESSAGE][PASSED] - Object 'Object Repository/Test Objects/Pages/Page_Log In - Meta Stack Exchange/div_Google' is present

2018-11-26 17:52:03 - [TEST_STEP][PASSED] - verifyElementPresent: Object 'Object Repository/Test Objects/Pages/Page_Log In - Meta Stack Exchange/div_Facebook' is present

2018-11-26 17:52:03 - [MESSAGE][PASSED] - Object 'Object Repository/Test Objects/Pages/Page_Log In - Meta Stack Exchange/div_Facebook' is present

2018-11-26 17:52:03 - [TEST_STEP][PASSED] - verifyElementPresent: Object 'Object Repository/Test Objects/Pages/Page_Log In - Meta Stack Exchange/input_Email_email' is present

2018-11-26 17:52:04 - [MESSAGE][PASSED] - Object 'Object Repository/Test Objects/Pages/Page_Log In - Meta Stack Exchange/input_Email_email' is present

2018-11-26 17:52:04 - [TEST_STEP][PASSED] - verifyElementPresent: Object 'Object Repository/Test Objects/Pages/Page_Log In - Meta Stack Exchange/input_Password_password' is present

2018-11-26 17:52:04 - [MESSAGE][PASSED] - Object 'Object Repository/Test Objects/Pages/Page_Log In - Meta Stack Exchange/input_Password_password' is present

2018-11-26 17:52:04 - [TEST_STEP][PASSED] - verifyTextPresent: Text 'forgot?' is present on page 

2018-11-26 17:52:04 - [MESSAGE][PASSED] - Text 'forgot?' is present on page 

2018-11-26 17:52:04 - [TEST_STEP][PASSED] - takeScreenshot: Taking screenshot successfully

2018-11-26 17:52:04 - [MESSAGE][PASSED] - Taking screenshot successfully
[[ATTACHMENT|C:\\Users\\Ronnachai C\\Katalon Studio\\StackexchangeDemo\\Reports\\Login\\Login Test Suite\\20181126_175115\\1543229524421.png]]

2018-11-26 17:52:04 - [MESSAGE][PASSED] - Call Test Case 'Test Cases/Pages/02_Log In Page/The Log In Page is loaded successfully' successfully

2018-11-26 17:52:04 - [TEST_STEP][PASSED] - click: Object: 'Object Repository/Test Objects/Pages/Page_Log In - Meta Stack Exchange/button_Log in' is clicked on

2018-11-26 17:52:05 - [MESSAGE][PASSED] - Object: 'Object Repository/Test Objects/Pages/Page_Log In - Meta Stack Exchange/button_Log in' is clicked on

2018-11-26 17:52:05 - [TEST_STEP][PASSED] - verifyElementPresent: Object 'Object Repository/Test Objects/Pages/Page_Log In - Meta Stack Exchange/Data Validation/div_Email cannot be empty.' is present

2018-11-26 17:52:05 - [MESSAGE][PASSED] - Object 'Object Repository/Test Objects/Pages/Page_Log In - Meta Stack Exchange/Data Validation/div_Email cannot be empty.' is present

2018-11-26 17:52:05 - [TEST_STEP][PASSED] - verifyElementPresent: Object 'Object Repository/Test Objects/Pages/Page_Log In - Meta Stack Exchange/Data Validation/div_Password cannot be empty.' is present

2018-11-26 17:52:05 - [MESSAGE][PASSED] - Object 'Object Repository/Test Objects/Pages/Page_Log In - Meta Stack Exchange/Data Validation/div_Password cannot be empty.' is present

2018-11-26 17:52:05 - [TEST_STEP][PASSED] - takeScreenshot: Taking screenshot successfully

2018-11-26 17:52:06 - [MESSAGE][PASSED] - Taking screenshot successfully
[[ATTACHMENT|C:\\Users\\Ronnachai C\\Katalon Studio\\StackexchangeDemo\\Reports\\Login\\Login Test Suite\\20181126_175115\\1543229525903.png]]

2018-11-26 17:52:06 - [TEST_STEP][PASSED] - Start listener action : afterTestcase: Browser is closed

2018-11-26 17:52:06 - [TEST_STEP][PASSED] - closeBrowser: Browser is closed

2018-11-26 17:52:07 - [MESSAGE][PASSED] - Browser is closed]]></system-out>
         <system-err><![CDATA[]]></system-err>
      </testcase>
      <testcase name="Test Cases/Tests/Log In/TC-SIN-002 Check for empty username" classname="Test Cases/Tests/Log In/TC-SIN-002 Check for empty username" status="PASSED">
         <system-out><![CDATA[2018-11-26 17:52:09 - [TEST_CASE][PASSED] - Test Cases/Tests/Log In/TC-SIN-002 Check for empty username: Test Cases/Tests/Log In/TC-SIN-002 Check for empty username

2018-11-26 17:52:09 - [TEST_STEP][PASSED] - Start listener action : beforeTestcase: Navigate to 'https://stackexchange.com/' successfully

2018-11-26 17:52:09 - [TEST_STEP][PASSED] - openBrowser: Browser is opened with url: ''

2018-11-26 17:52:12 - [MESSAGE][PASSED] - Browser is opened with url: ''

2018-11-26 17:52:12 - [TEST_STEP][PASSED] - maximizeWindow: Current window maximized

2018-11-26 17:52:13 - [MESSAGE][PASSED] - Current window maximized

2018-11-26 17:52:13 - [TEST_STEP][PASSED] - navigateToUrl: Navigate to 'https://stackexchange.com/' successfully

2018-11-26 17:52:16 - [MESSAGE][PASSED] - Navigate to 'https://stackexchange.com/' successfully

2018-11-26 17:52:17 - [TEST_STEP][PASSED] - callTestCase: Call Test Case 'Test Cases/Pages/01_Stack Exchage Homepage/The Homepage is loaded successfully' successfully

2018-11-26 17:52:17 - [TEST_CASE][PASSED] - Test Cases/Pages/01_Stack Exchage Homepage/The Homepage is loaded successfully: Test Cases/Pages/01_Stack Exchage Homepage/The Homepage is loaded successfully

2018-11-26 17:52:17 - [TEST_STEP][PASSED] - Statement - actual_pagetitle = com.kms.katalon.core.webui.keyword.WebUiBuiltInKeywords.getWindowTitle(): Current window's title is: 'Hot Questions - Stack Exchange'

2018-11-26 17:52:17 - [MESSAGE][PASSED] - Current window's title is: 'Hot Questions - Stack Exchange'

2018-11-26 17:52:17 - [TEST_STEP][PASSED] - verifyMatch: Actual text 'Hot Questions - Stack Exchange' and expected text 'Hot Questions - Stack Exchange' are matched 

2018-11-26 17:52:17 - [MESSAGE][PASSED] - Actual text 'Hot Questions - Stack Exchange' and expected text 'Hot Questions - Stack Exchange' are matched 

2018-11-26 17:52:17 - [TEST_STEP][PASSED] - verifyElementVisible: Object 'Object Repository/Test Objects/Pages/Page_Hot Questions - Stack Exchange/header_Stack Exchange' is visible

2018-11-26 17:52:17 - [MESSAGE][PASSED] - Object 'Object Repository/Test Objects/Pages/Page_Hot Questions - Stack Exchange/header_Stack Exchange' is visible

2018-11-26 17:52:17 - [TEST_STEP][PASSED] - verifyTextPresent: Text 'Tour' is present on page 

2018-11-26 17:52:19 - [MESSAGE][PASSED] - Text 'Tour' is present on page 

2018-11-26 17:52:19 - [TEST_STEP][PASSED] - verifyTextPresent: Text 'About Us' is present on page 

2018-11-26 17:52:21 - [MESSAGE][PASSED] - Text 'About Us' is present on page 

2018-11-26 17:52:21 - [TEST_STEP][PASSED] - verifyTextPresent: Text 'Meta' is present on page 

2018-11-26 17:52:23 - [MESSAGE][PASSED] - Text 'Meta' is present on page 

2018-11-26 17:52:23 - [TEST_STEP][PASSED] - verifyElementPresent: Object 'Object Repository/Test Objects/Pages/Page_Hot Questions - Stack Exchange/input_Meta_q' is present

2018-11-26 17:52:23 - [MESSAGE][PASSED] - Object 'Object Repository/Test Objects/Pages/Page_Hot Questions - Stack Exchange/input_Meta_q' is present

2018-11-26 17:52:23 - [TEST_STEP][PASSED] - verifyTextPresent: Text 'All Sites' is present on page 

2018-11-26 17:52:25 - [MESSAGE][PASSED] - Text 'All Sites' is present on page 

2018-11-26 17:52:25 - [TEST_STEP][PASSED] - verifyTextPresent: Text 'Top Users' is present on page 

2018-11-26 17:52:27 - [MESSAGE][PASSED] - Text 'Top Users' is present on page 

2018-11-26 17:52:27 - [TEST_STEP][PASSED] - verifyTextPresent: Text 'Newsletters' is present on page 

2018-11-26 17:52:28 - [MESSAGE][PASSED] - Text 'Newsletters' is present on page 

2018-11-26 17:52:28 - [TEST_STEP][PASSED] - verifyTextPresent: Text 'Log In' is present on page 

2018-11-26 17:52:30 - [MESSAGE][PASSED] - Text 'Log In' is present on page 

2018-11-26 17:52:30 - [TEST_STEP][PASSED] - verifyTextPresent: Text 'Stack Exchange' is present on page 

2018-11-26 17:52:31 - [MESSAGE][PASSED] - Text 'Stack Exchange' is present on page 

2018-11-26 17:52:31 - [TEST_STEP][PASSED] - takeScreenshot: Taking screenshot successfully

2018-11-26 17:52:32 - [MESSAGE][PASSED] - Taking screenshot successfully
[[ATTACHMENT|C:\\Users\\Ronnachai C\\Katalon Studio\\StackexchangeDemo\\Reports\\Login\\Login Test Suite\\20181126_175115\\1543229551967.png]]

2018-11-26 17:52:32 - [MESSAGE][PASSED] - Call Test Case 'Test Cases/Pages/01_Stack Exchage Homepage/The Homepage is loaded successfully' successfully

2018-11-26 17:52:32 - [TEST_STEP][PASSED] - callTestCase: Call Test Case 'Test Cases/Pages/01_Stack Exchage Homepage/To click the login link' successfully

2018-11-26 17:52:32 - [TEST_CASE][PASSED] - Test Cases/Pages/01_Stack Exchage Homepage/To click the login link: Test Cases/Pages/01_Stack Exchage Homepage/To click the login link

2018-11-26 17:52:32 - [TEST_STEP][PASSED] - waitForElementVisible: Object 'Object Repository/Test Objects/Pages/Page_Hot Questions - Stack Exchange/header_Stack Exchange' is visible

2018-11-26 17:52:32 - [MESSAGE][PASSED] - Object 'Object Repository/Test Objects/Pages/Page_Hot Questions - Stack Exchange/header_Stack Exchange' is visible

2018-11-26 17:52:32 - [TEST_STEP][PASSED] - click: Object: 'Object Repository/Test Objects/Pages/Page_Hot Questions - Stack Exchange/a_Log In' is clicked on

2018-11-26 17:52:35 - [MESSAGE][PASSED] - Object: 'Object Repository/Test Objects/Pages/Page_Hot Questions - Stack Exchange/a_Log In' is clicked on

2018-11-26 17:52:35 - [MESSAGE][PASSED] - Call Test Case 'Test Cases/Pages/01_Stack Exchage Homepage/To click the login link' successfully

2018-11-26 17:52:35 - [TEST_STEP][PASSED] - callTestCase: Call Test Case 'Test Cases/Pages/02_Log In Page/The Log In Page is loaded successfully' successfully

2018-11-26 17:52:35 - [TEST_CASE][PASSED] - Test Cases/Pages/02_Log In Page/The Log In Page is loaded successfully: Test Cases/Pages/02_Log In Page/The Log In Page is loaded successfully

2018-11-26 17:52:35 - [TEST_STEP][PASSED] - Statement - actual_pagetitle = com.kms.katalon.core.webui.keyword.WebUiBuiltInKeywords.getWindowTitle(): Current window's title is: 'Log In - Meta Stack Exchange'

2018-11-26 17:52:35 - [MESSAGE][PASSED] - Current window's title is: 'Log In - Meta Stack Exchange'

2018-11-26 17:52:35 - [TEST_STEP][PASSED] - verifyMatch: Actual text 'Log In - Meta Stack Exchange' and expected text 'Log In - Meta Stack Exchange' are matched 

2018-11-26 17:52:35 - [MESSAGE][PASSED] - Actual text 'Log In - Meta Stack Exchange' and expected text 'Log In - Meta Stack Exchange' are matched 

2018-11-26 17:52:35 - [TEST_STEP][PASSED] - verifyElementPresent: Object 'Object Repository/Test Objects/Pages/Page_Log In - Meta Stack Exchange/div_Log in to the  network of' is present

2018-11-26 17:52:36 - [MESSAGE][PASSED] - Object 'Object Repository/Test Objects/Pages/Page_Log In - Meta Stack Exchange/div_Log in to the  network of' is present

2018-11-26 17:52:36 - [TEST_STEP][PASSED] - verifyElementPresent: Object 'Object Repository/Test Objects/Pages/Page_Log In - Meta Stack Exchange/div_Google' is present

2018-11-26 17:52:36 - [MESSAGE][PASSED] - Object 'Object Repository/Test Objects/Pages/Page_Log In - Meta Stack Exchange/div_Google' is present

2018-11-26 17:52:36 - [TEST_STEP][PASSED] - verifyElementPresent: Object 'Object Repository/Test Objects/Pages/Page_Log In - Meta Stack Exchange/div_Facebook' is present

2018-11-26 17:52:36 - [MESSAGE][PASSED] - Object 'Object Repository/Test Objects/Pages/Page_Log In - Meta Stack Exchange/div_Facebook' is present

2018-11-26 17:52:36 - [TEST_STEP][PASSED] - verifyElementPresent: Object 'Object Repository/Test Objects/Pages/Page_Log In - Meta Stack Exchange/input_Email_email' is present

2018-11-26 17:52:36 - [MESSAGE][PASSED] - Object 'Object Repository/Test Objects/Pages/Page_Log In - Meta Stack Exchange/input_Email_email' is present

2018-11-26 17:52:36 - [TEST_STEP][PASSED] - verifyElementPresent: Object 'Object Repository/Test Objects/Pages/Page_Log In - Meta Stack Exchange/input_Password_password' is present

2018-11-26 17:52:36 - [MESSAGE][PASSED] - Object 'Object Repository/Test Objects/Pages/Page_Log In - Meta Stack Exchange/input_Password_password' is present

2018-11-26 17:52:36 - [TEST_STEP][PASSED] - verifyTextPresent: Text 'forgot?' is present on page 

2018-11-26 17:52:36 - [MESSAGE][PASSED] - Text 'forgot?' is present on page 

2018-11-26 17:52:36 - [TEST_STEP][PASSED] - takeScreenshot: Taking screenshot successfully

2018-11-26 17:52:37 - [MESSAGE][PASSED] - Taking screenshot successfully
[[ATTACHMENT|C:\\Users\\Ronnachai C\\Katalon Studio\\StackexchangeDemo\\Reports\\Login\\Login Test Suite\\20181126_175115\\1543229557006.png]]

2018-11-26 17:52:37 - [MESSAGE][PASSED] - Call Test Case 'Test Cases/Pages/02_Log In Page/The Log In Page is loaded successfully' successfully

2018-11-26 17:52:37 - [TEST_STEP][PASSED] - setEncryptedText: Text ****** has been set on object 'Object Repository/Test Objects/Pages/Page_Log In - Meta Stack Exchange/input_Password_password'

2018-11-26 17:52:38 - [MESSAGE][PASSED] - Text ****** has been set on object 'Object Repository/Test Objects/Pages/Page_Log In - Meta Stack Exchange/input_Password_password'

2018-11-26 17:52:38 - [TEST_STEP][PASSED] - click: Object: 'Object Repository/Test Objects/Pages/Page_Log In - Meta Stack Exchange/button_Log in' is clicked on

2018-11-26 17:52:38 - [MESSAGE][PASSED] - Object: 'Object Repository/Test Objects/Pages/Page_Log In - Meta Stack Exchange/button_Log in' is clicked on

2018-11-26 17:52:38 - [TEST_STEP][PASSED] - verifyElementPresent: Object 'Object Repository/Test Objects/Pages/Page_Log In - Meta Stack Exchange/Data Validation/div_Email cannot be empty.' is present

2018-11-26 17:52:39 - [MESSAGE][PASSED] - Object 'Object Repository/Test Objects/Pages/Page_Log In - Meta Stack Exchange/Data Validation/div_Email cannot be empty.' is present

2018-11-26 17:52:39 - [TEST_STEP][PASSED] - takeScreenshot: Taking screenshot successfully

2018-11-26 17:52:39 - [MESSAGE][PASSED] - Taking screenshot successfully
[[ATTACHMENT|C:\\Users\\Ronnachai C\\Katalon Studio\\StackexchangeDemo\\Reports\\Login\\Login Test Suite\\20181126_175115\\1543229559066.png]]

2018-11-26 17:52:39 - [TEST_STEP][PASSED] - Start listener action : afterTestcase: Browser is closed

2018-11-26 17:52:39 - [TEST_STEP][PASSED] - closeBrowser: Browser is closed

2018-11-26 17:52:40 - [MESSAGE][PASSED] - Browser is closed]]></system-out>
         <system-err><![CDATA[]]></system-err>
      </testcase>
      <testcase name="Test Cases/Tests/Log In/TC-SIN-003 Check for empty password" classname="Test Cases/Tests/Log In/TC-SIN-003 Check for empty password" status="PASSED">
         <system-out><![CDATA[2018-11-26 17:52:42 - [TEST_CASE][PASSED] - Test Cases/Tests/Log In/TC-SIN-003 Check for empty password: Test Cases/Tests/Log In/TC-SIN-003 Check for empty password

2018-11-26 17:52:42 - [TEST_STEP][PASSED] - Start listener action : beforeTestcase: Navigate to 'https://stackexchange.com/' successfully

2018-11-26 17:52:42 - [TEST_STEP][PASSED] - openBrowser: Browser is opened with url: ''

2018-11-26 17:52:46 - [MESSAGE][PASSED] - Browser is opened with url: ''

2018-11-26 17:52:46 - [TEST_STEP][PASSED] - maximizeWindow: Current window maximized

2018-11-26 17:52:47 - [MESSAGE][PASSED] - Current window maximized

2018-11-26 17:52:47 - [TEST_STEP][PASSED] - navigateToUrl: Navigate to 'https://stackexchange.com/' successfully

2018-11-26 17:52:51 - [MESSAGE][PASSED] - Navigate to 'https://stackexchange.com/' successfully

2018-11-26 17:52:52 - [TEST_STEP][PASSED] - callTestCase: Call Test Case 'Test Cases/Pages/01_Stack Exchage Homepage/The Homepage is loaded successfully' successfully

2018-11-26 17:52:52 - [TEST_CASE][PASSED] - Test Cases/Pages/01_Stack Exchage Homepage/The Homepage is loaded successfully: Test Cases/Pages/01_Stack Exchage Homepage/The Homepage is loaded successfully

2018-11-26 17:52:52 - [TEST_STEP][PASSED] - Statement - actual_pagetitle = com.kms.katalon.core.webui.keyword.WebUiBuiltInKeywords.getWindowTitle(): Current window's title is: 'Hot Questions - Stack Exchange'

2018-11-26 17:52:52 - [MESSAGE][PASSED] - Current window's title is: 'Hot Questions - Stack Exchange'

2018-11-26 17:52:52 - [TEST_STEP][PASSED] - verifyMatch: Actual text 'Hot Questions - Stack Exchange' and expected text 'Hot Questions - Stack Exchange' are matched 

2018-11-26 17:52:52 - [MESSAGE][PASSED] - Actual text 'Hot Questions - Stack Exchange' and expected text 'Hot Questions - Stack Exchange' are matched 

2018-11-26 17:52:52 - [TEST_STEP][PASSED] - verifyElementVisible: Object 'Object Repository/Test Objects/Pages/Page_Hot Questions - Stack Exchange/header_Stack Exchange' is visible

2018-11-26 17:52:52 - [MESSAGE][PASSED] - Object 'Object Repository/Test Objects/Pages/Page_Hot Questions - Stack Exchange/header_Stack Exchange' is visible

2018-11-26 17:52:52 - [TEST_STEP][PASSED] - verifyTextPresent: Text 'Tour' is present on page 

2018-11-26 17:52:54 - [MESSAGE][PASSED] - Text 'Tour' is present on page 

2018-11-26 17:52:54 - [TEST_STEP][PASSED] - verifyTextPresent: Text 'About Us' is present on page 

2018-11-26 17:52:57 - [MESSAGE][PASSED] - Text 'About Us' is present on page 

2018-11-26 17:52:57 - [TEST_STEP][PASSED] - verifyTextPresent: Text 'Meta' is present on page 

2018-11-26 17:53:02 - [MESSAGE][PASSED] - Text 'Meta' is present on page 

2018-11-26 17:53:02 - [TEST_STEP][PASSED] - verifyElementPresent: Object 'Object Repository/Test Objects/Pages/Page_Hot Questions - Stack Exchange/input_Meta_q' is present

2018-11-26 17:53:02 - [MESSAGE][PASSED] - Object 'Object Repository/Test Objects/Pages/Page_Hot Questions - Stack Exchange/input_Meta_q' is present

2018-11-26 17:53:02 - [TEST_STEP][PASSED] - verifyTextPresent: Text 'All Sites' is present on page 

2018-11-26 17:53:07 - [MESSAGE][PASSED] - Text 'All Sites' is present on page 

2018-11-26 17:53:07 - [TEST_STEP][PASSED] - verifyTextPresent: Text 'Top Users' is present on page 

2018-11-26 17:53:12 - [MESSAGE][PASSED] - Text 'Top Users' is present on page 

2018-11-26 17:53:12 - [TEST_STEP][PASSED] - verifyTextPresent: Text 'Newsletters' is present on page 

2018-11-26 17:53:19 - [MESSAGE][PASSED] - Text 'Newsletters' is present on page 

2018-11-26 17:53:19 - [TEST_STEP][PASSED] - verifyTextPresent: Text 'Log In' is present on page 

2018-11-26 17:53:22 - [MESSAGE][PASSED] - Text 'Log In' is present on page 

2018-11-26 17:53:22 - [TEST_STEP][PASSED] - verifyTextPresent: Text 'Stack Exchange' is present on page 

2018-11-26 17:53:25 - [MESSAGE][PASSED] - Text 'Stack Exchange' is present on page 

2018-11-26 17:53:25 - [TEST_STEP][PASSED] - takeScreenshot: Taking screenshot successfully

2018-11-26 17:53:26 - [MESSAGE][PASSED] - Taking screenshot successfully
[[ATTACHMENT|C:\\Users\\Ronnachai C\\Katalon Studio\\StackexchangeDemo\\Reports\\Login\\Login Test Suite\\20181126_175115\\1543229605644.png]]

2018-11-26 17:53:26 - [MESSAGE][PASSED] - Call Test Case 'Test Cases/Pages/01_Stack Exchage Homepage/The Homepage is loaded successfully' successfully

2018-11-26 17:53:26 - [TEST_STEP][PASSED] - callTestCase: Call Test Case 'Test Cases/Pages/01_Stack Exchage Homepage/To click the login link' successfully

2018-11-26 17:53:26 - [TEST_CASE][PASSED] - Test Cases/Pages/01_Stack Exchage Homepage/To click the login link: Test Cases/Pages/01_Stack Exchage Homepage/To click the login link

2018-11-26 17:53:26 - [TEST_STEP][PASSED] - waitForElementVisible: Object 'Object Repository/Test Objects/Pages/Page_Hot Questions - Stack Exchange/header_Stack Exchange' is visible

2018-11-26 17:53:26 - [MESSAGE][PASSED] - Object 'Object Repository/Test Objects/Pages/Page_Hot Questions - Stack Exchange/header_Stack Exchange' is visible

2018-11-26 17:53:26 - [TEST_STEP][PASSED] - click: Object: 'Object Repository/Test Objects/Pages/Page_Hot Questions - Stack Exchange/a_Log In' is clicked on

2018-11-26 17:53:32 - [MESSAGE][PASSED] - Object: 'Object Repository/Test Objects/Pages/Page_Hot Questions - Stack Exchange/a_Log In' is clicked on

2018-11-26 17:53:32 - [MESSAGE][PASSED] - Call Test Case 'Test Cases/Pages/01_Stack Exchage Homepage/To click the login link' successfully

2018-11-26 17:53:32 - [TEST_STEP][PASSED] - callTestCase: Call Test Case 'Test Cases/Pages/02_Log In Page/The Log In Page is loaded successfully' successfully

2018-11-26 17:53:32 - [TEST_CASE][PASSED] - Test Cases/Pages/02_Log In Page/The Log In Page is loaded successfully: Test Cases/Pages/02_Log In Page/The Log In Page is loaded successfully

2018-11-26 17:53:32 - [TEST_STEP][PASSED] - Statement - actual_pagetitle = com.kms.katalon.core.webui.keyword.WebUiBuiltInKeywords.getWindowTitle(): Current window's title is: 'Log In - Meta Stack Exchange'

2018-11-26 17:53:32 - [MESSAGE][PASSED] - Current window's title is: 'Log In - Meta Stack Exchange'

2018-11-26 17:53:32 - [TEST_STEP][PASSED] - verifyMatch: Actual text 'Log In - Meta Stack Exchange' and expected text 'Log In - Meta Stack Exchange' are matched 

2018-11-26 17:53:32 - [MESSAGE][PASSED] - Actual text 'Log In - Meta Stack Exchange' and expected text 'Log In - Meta Stack Exchange' are matched 

2018-11-26 17:53:32 - [TEST_STEP][PASSED] - verifyElementPresent: Object 'Object Repository/Test Objects/Pages/Page_Log In - Meta Stack Exchange/div_Log in to the  network of' is present

2018-11-26 17:53:33 - [MESSAGE][PASSED] - Object 'Object Repository/Test Objects/Pages/Page_Log In - Meta Stack Exchange/div_Log in to the  network of' is present

2018-11-26 17:53:33 - [TEST_STEP][PASSED] - verifyElementPresent: Object 'Object Repository/Test Objects/Pages/Page_Log In - Meta Stack Exchange/div_Google' is present

2018-11-26 17:53:33 - [MESSAGE][PASSED] - Object 'Object Repository/Test Objects/Pages/Page_Log In - Meta Stack Exchange/div_Google' is present

2018-11-26 17:53:33 - [TEST_STEP][PASSED] - verifyElementPresent: Object 'Object Repository/Test Objects/Pages/Page_Log In - Meta Stack Exchange/div_Facebook' is present

2018-11-26 17:53:33 - [MESSAGE][PASSED] - Object 'Object Repository/Test Objects/Pages/Page_Log In - Meta Stack Exchange/div_Facebook' is present

2018-11-26 17:53:33 - [TEST_STEP][PASSED] - verifyElementPresent: Object 'Object Repository/Test Objects/Pages/Page_Log In - Meta Stack Exchange/input_Email_email' is present

2018-11-26 17:53:33 - [MESSAGE][PASSED] - Object 'Object Repository/Test Objects/Pages/Page_Log In - Meta Stack Exchange/input_Email_email' is present

2018-11-26 17:53:33 - [TEST_STEP][PASSED] - verifyElementPresent: Object 'Object Repository/Test Objects/Pages/Page_Log In - Meta Stack Exchange/input_Password_password' is present

2018-11-26 17:53:33 - [MESSAGE][PASSED] - Object 'Object Repository/Test Objects/Pages/Page_Log In - Meta Stack Exchange/input_Password_password' is present

2018-11-26 17:53:33 - [TEST_STEP][PASSED] - verifyTextPresent: Text 'forgot?' is present on page 

2018-11-26 17:53:34 - [MESSAGE][PASSED] - Text 'forgot?' is present on page 

2018-11-26 17:53:34 - [TEST_STEP][PASSED] - takeScreenshot: Taking screenshot successfully

2018-11-26 17:53:36 - [MESSAGE][PASSED] - Taking screenshot successfully
[[ATTACHMENT|C:\\Users\\Ronnachai C\\Katalon Studio\\StackexchangeDemo\\Reports\\Login\\Login Test Suite\\20181126_175115\\1543229616062.png]]

2018-11-26 17:53:36 - [MESSAGE][PASSED] - Call Test Case 'Test Cases/Pages/02_Log In Page/The Log In Page is loaded successfully' successfully

2018-11-26 17:53:36 - [TEST_STEP][PASSED] - setText: Text 'charnjaroen@gmail.com' is set on object 'Object Repository/Test Objects/Pages/Page_Log In - Meta Stack Exchange/input_Email_email'

2018-11-26 17:53:38 - [MESSAGE][PASSED] - Text 'charnjaroen@gmail.com' is set on object 'Object Repository/Test Objects/Pages/Page_Log In - Meta Stack Exchange/input_Email_email'

2018-11-26 17:53:38 - [TEST_STEP][PASSED] - click: Object: 'Object Repository/Test Objects/Pages/Page_Log In - Meta Stack Exchange/button_Log in' is clicked on

2018-11-26 17:53:39 - [MESSAGE][PASSED] - Object: 'Object Repository/Test Objects/Pages/Page_Log In - Meta Stack Exchange/button_Log in' is clicked on

2018-11-26 17:53:39 - [TEST_STEP][PASSED] - verifyElementPresent: Object 'Object Repository/Test Objects/Pages/Page_Log In - Meta Stack Exchange/Data Validation/div_Password cannot be empty.' is present

2018-11-26 17:53:40 - [MESSAGE][PASSED] - Object 'Object Repository/Test Objects/Pages/Page_Log In - Meta Stack Exchange/Data Validation/div_Password cannot be empty.' is present

2018-11-26 17:53:40 - [TEST_STEP][PASSED] - takeScreenshot: Taking screenshot successfully

2018-11-26 17:53:40 - [MESSAGE][PASSED] - Taking screenshot successfully
[[ATTACHMENT|C:\\Users\\Ronnachai C\\Katalon Studio\\StackexchangeDemo\\Reports\\Login\\Login Test Suite\\20181126_175115\\1543229620183.png]]

2018-11-26 17:53:40 - [TEST_STEP][PASSED] - Start listener action : afterTestcase: Browser is closed

2018-11-26 17:53:40 - [TEST_STEP][PASSED] - closeBrowser: Browser is closed

2018-11-26 17:53:41 - [MESSAGE][PASSED] - Browser is closed]]></system-out>
         <system-err><![CDATA[]]></system-err>
      </testcase>
      <testcase name="Test Cases/Tests/Log In/TC-SIN-004 Check for invalid username" classname="Test Cases/Tests/Log In/TC-SIN-004 Check for invalid username" status="PASSED">
         <system-out><![CDATA[2018-11-26 17:53:44 - [TEST_CASE][PASSED] - Test Cases/Tests/Log In/TC-SIN-004 Check for invalid username: Test Cases/Tests/Log In/TC-SIN-004 Check for invalid username

2018-11-26 17:53:44 - [TEST_STEP][PASSED] - Start listener action : beforeTestcase: Navigate to 'https://stackexchange.com/' successfully

2018-11-26 17:53:44 - [TEST_STEP][PASSED] - openBrowser: Browser is opened with url: ''

2018-11-26 17:53:47 - [MESSAGE][PASSED] - Browser is opened with url: ''

2018-11-26 17:53:47 - [TEST_STEP][PASSED] - maximizeWindow: Current window maximized

2018-11-26 17:53:48 - [MESSAGE][PASSED] - Current window maximized

2018-11-26 17:53:48 - [TEST_STEP][PASSED] - navigateToUrl: Navigate to 'https://stackexchange.com/' successfully

2018-11-26 17:53:58 - [MESSAGE][PASSED] - Navigate to 'https://stackexchange.com/' successfully

2018-11-26 17:53:59 - [TEST_STEP][PASSED] - callTestCase: Call Test Case 'Test Cases/Pages/01_Stack Exchage Homepage/The Homepage is loaded successfully' successfully

2018-11-26 17:53:59 - [TEST_CASE][PASSED] - Test Cases/Pages/01_Stack Exchage Homepage/The Homepage is loaded successfully: Test Cases/Pages/01_Stack Exchage Homepage/The Homepage is loaded successfully

2018-11-26 17:53:59 - [TEST_STEP][PASSED] - Statement - actual_pagetitle = com.kms.katalon.core.webui.keyword.WebUiBuiltInKeywords.getWindowTitle(): Current window's title is: 'Hot Questions - Stack Exchange'

2018-11-26 17:53:59 - [MESSAGE][PASSED] - Current window's title is: 'Hot Questions - Stack Exchange'

2018-11-26 17:53:59 - [TEST_STEP][PASSED] - verifyMatch: Actual text 'Hot Questions - Stack Exchange' and expected text 'Hot Questions - Stack Exchange' are matched 

2018-11-26 17:53:59 - [MESSAGE][PASSED] - Actual text 'Hot Questions - Stack Exchange' and expected text 'Hot Questions - Stack Exchange' are matched 

2018-11-26 17:53:59 - [TEST_STEP][PASSED] - verifyElementVisible: Object 'Object Repository/Test Objects/Pages/Page_Hot Questions - Stack Exchange/header_Stack Exchange' is visible

2018-11-26 17:53:59 - [MESSAGE][PASSED] - Object 'Object Repository/Test Objects/Pages/Page_Hot Questions - Stack Exchange/header_Stack Exchange' is visible

2018-11-26 17:53:59 - [TEST_STEP][PASSED] - verifyTextPresent: Text 'Tour' is present on page 

2018-11-26 17:54:01 - [MESSAGE][PASSED] - Text 'Tour' is present on page 

2018-11-26 17:54:01 - [TEST_STEP][PASSED] - verifyTextPresent: Text 'About Us' is present on page 

2018-11-26 17:54:03 - [MESSAGE][PASSED] - Text 'About Us' is present on page 

2018-11-26 17:54:03 - [TEST_STEP][PASSED] - verifyTextPresent: Text 'Meta' is present on page 

2018-11-26 17:54:05 - [MESSAGE][PASSED] - Text 'Meta' is present on page 

2018-11-26 17:54:05 - [TEST_STEP][PASSED] - verifyElementPresent: Object 'Object Repository/Test Objects/Pages/Page_Hot Questions - Stack Exchange/input_Meta_q' is present

2018-11-26 17:54:05 - [MESSAGE][PASSED] - Object 'Object Repository/Test Objects/Pages/Page_Hot Questions - Stack Exchange/input_Meta_q' is present

2018-11-26 17:54:05 - [TEST_STEP][PASSED] - verifyTextPresent: Text 'All Sites' is present on page 

2018-11-26 17:54:07 - [MESSAGE][PASSED] - Text 'All Sites' is present on page 

2018-11-26 17:54:07 - [TEST_STEP][PASSED] - verifyTextPresent: Text 'Top Users' is present on page 

2018-11-26 17:54:09 - [MESSAGE][PASSED] - Text 'Top Users' is present on page 

2018-11-26 17:54:09 - [TEST_STEP][PASSED] - verifyTextPresent: Text 'Newsletters' is present on page 

2018-11-26 17:54:11 - [MESSAGE][PASSED] - Text 'Newsletters' is present on page 

2018-11-26 17:54:11 - [TEST_STEP][PASSED] - verifyTextPresent: Text 'Log In' is present on page 

2018-11-26 17:54:13 - [MESSAGE][PASSED] - Text 'Log In' is present on page 

2018-11-26 17:54:13 - [TEST_STEP][PASSED] - verifyTextPresent: Text 'Stack Exchange' is present on page 

2018-11-26 17:54:15 - [MESSAGE][PASSED] - Text 'Stack Exchange' is present on page 

2018-11-26 17:54:15 - [TEST_STEP][PASSED] - takeScreenshot: Taking screenshot successfully

2018-11-26 17:54:15 - [MESSAGE][PASSED] - Taking screenshot successfully
[[ATTACHMENT|C:\\Users\\Ronnachai C\\Katalon Studio\\StackexchangeDemo\\Reports\\Login\\Login Test Suite\\20181126_175115\\1543229655450.png]]

2018-11-26 17:54:15 - [MESSAGE][PASSED] - Call Test Case 'Test Cases/Pages/01_Stack Exchage Homepage/The Homepage is loaded successfully' successfully

2018-11-26 17:54:15 - [TEST_STEP][PASSED] - callTestCase: Call Test Case 'Test Cases/Pages/01_Stack Exchage Homepage/To click the login link' successfully

2018-11-26 17:54:15 - [TEST_CASE][PASSED] - Test Cases/Pages/01_Stack Exchage Homepage/To click the login link: Test Cases/Pages/01_Stack Exchage Homepage/To click the login link

2018-11-26 17:54:15 - [TEST_STEP][PASSED] - waitForElementVisible: Object 'Object Repository/Test Objects/Pages/Page_Hot Questions - Stack Exchange/header_Stack Exchange' is visible

2018-11-26 17:54:16 - [MESSAGE][PASSED] - Object 'Object Repository/Test Objects/Pages/Page_Hot Questions - Stack Exchange/header_Stack Exchange' is visible

2018-11-26 17:54:16 - [TEST_STEP][PASSED] - click: Object: 'Object Repository/Test Objects/Pages/Page_Hot Questions - Stack Exchange/a_Log In' is clicked on

2018-11-26 17:54:18 - [MESSAGE][PASSED] - Object: 'Object Repository/Test Objects/Pages/Page_Hot Questions - Stack Exchange/a_Log In' is clicked on

2018-11-26 17:54:18 - [MESSAGE][PASSED] - Call Test Case 'Test Cases/Pages/01_Stack Exchage Homepage/To click the login link' successfully

2018-11-26 17:54:18 - [TEST_STEP][PASSED] - callTestCase: Call Test Case 'Test Cases/Pages/02_Log In Page/The Log In Page is loaded successfully' successfully

2018-11-26 17:54:18 - [TEST_CASE][PASSED] - Test Cases/Pages/02_Log In Page/The Log In Page is loaded successfully: Test Cases/Pages/02_Log In Page/The Log In Page is loaded successfully

2018-11-26 17:54:18 - [TEST_STEP][PASSED] - Statement - actual_pagetitle = com.kms.katalon.core.webui.keyword.WebUiBuiltInKeywords.getWindowTitle(): Current window's title is: 'Log In - Meta Stack Exchange'

2018-11-26 17:54:18 - [MESSAGE][PASSED] - Current window's title is: 'Log In - Meta Stack Exchange'

2018-11-26 17:54:18 - [TEST_STEP][PASSED] - verifyMatch: Actual text 'Log In - Meta Stack Exchange' and expected text 'Log In - Meta Stack Exchange' are matched 

2018-11-26 17:54:18 - [MESSAGE][PASSED] - Actual text 'Log In - Meta Stack Exchange' and expected text 'Log In - Meta Stack Exchange' are matched 

2018-11-26 17:54:18 - [TEST_STEP][PASSED] - verifyElementPresent: Object 'Object Repository/Test Objects/Pages/Page_Log In - Meta Stack Exchange/div_Log in to the  network of' is present

2018-11-26 17:54:19 - [MESSAGE][PASSED] - Object 'Object Repository/Test Objects/Pages/Page_Log In - Meta Stack Exchange/div_Log in to the  network of' is present

2018-11-26 17:54:19 - [TEST_STEP][PASSED] - verifyElementPresent: Object 'Object Repository/Test Objects/Pages/Page_Log In - Meta Stack Exchange/div_Google' is present

2018-11-26 17:54:19 - [MESSAGE][PASSED] - Object 'Object Repository/Test Objects/Pages/Page_Log In - Meta Stack Exchange/div_Google' is present

2018-11-26 17:54:19 - [TEST_STEP][PASSED] - verifyElementPresent: Object 'Object Repository/Test Objects/Pages/Page_Log In - Meta Stack Exchange/div_Facebook' is present

2018-11-26 17:54:19 - [MESSAGE][PASSED] - Object 'Object Repository/Test Objects/Pages/Page_Log In - Meta Stack Exchange/div_Facebook' is present

2018-11-26 17:54:19 - [TEST_STEP][PASSED] - verifyElementPresent: Object 'Object Repository/Test Objects/Pages/Page_Log In - Meta Stack Exchange/input_Email_email' is present

2018-11-26 17:54:19 - [MESSAGE][PASSED] - Object 'Object Repository/Test Objects/Pages/Page_Log In - Meta Stack Exchange/input_Email_email' is present

2018-11-26 17:54:19 - [TEST_STEP][PASSED] - verifyElementPresent: Object 'Object Repository/Test Objects/Pages/Page_Log In - Meta Stack Exchange/input_Password_password' is present

2018-11-26 17:54:19 - [MESSAGE][PASSED] - Object 'Object Repository/Test Objects/Pages/Page_Log In - Meta Stack Exchange/input_Password_password' is present

2018-11-26 17:54:19 - [TEST_STEP][PASSED] - verifyTextPresent: Text 'forgot?' is present on page 

2018-11-26 17:54:19 - [MESSAGE][PASSED] - Text 'forgot?' is present on page 

2018-11-26 17:54:19 - [TEST_STEP][PASSED] - takeScreenshot: Taking screenshot successfully

2018-11-26 17:54:20 - [MESSAGE][PASSED] - Taking screenshot successfully
[[ATTACHMENT|C:\\Users\\Ronnachai C\\Katalon Studio\\StackexchangeDemo\\Reports\\Login\\Login Test Suite\\20181126_175115\\1543229659658.png]]

2018-11-26 17:54:20 - [MESSAGE][PASSED] - Call Test Case 'Test Cases/Pages/02_Log In Page/The Log In Page is loaded successfully' successfully

2018-11-26 17:54:20 - [TEST_STEP][PASSED] - setText: Text 'charnjaroen' is set on object 'Object Repository/Test Objects/Pages/Page_Log In - Meta Stack Exchange/input_Email_email'

2018-11-26 17:54:20 - [MESSAGE][PASSED] - Text 'charnjaroen' is set on object 'Object Repository/Test Objects/Pages/Page_Log In - Meta Stack Exchange/input_Email_email'

2018-11-26 17:54:20 - [TEST_STEP][PASSED] - setEncryptedText: Text ****** has been set on object 'Object Repository/Test Objects/Pages/Page_Log In - Meta Stack Exchange/input_Password_password'

2018-11-26 17:54:21 - [MESSAGE][PASSED] - Text ****** has been set on object 'Object Repository/Test Objects/Pages/Page_Log In - Meta Stack Exchange/input_Password_password'

2018-11-26 17:54:21 - [TEST_STEP][PASSED] - click: Object: 'Object Repository/Test Objects/Pages/Page_Log In - Meta Stack Exchange/button_Log in' is clicked on

2018-11-26 17:54:21 - [MESSAGE][PASSED] - Object: 'Object Repository/Test Objects/Pages/Page_Log In - Meta Stack Exchange/button_Log in' is clicked on

2018-11-26 17:54:21 - [TEST_STEP][PASSED] - verifyElementPresent: Object 'Object Repository/Test Objects/Pages/Page_Log In - Meta Stack Exchange/Data Validation/div_The email is not a valid e' is present

2018-11-26 17:54:23 - [MESSAGE][PASSED] - Object 'Object Repository/Test Objects/Pages/Page_Log In - Meta Stack Exchange/Data Validation/div_The email is not a valid e' is present

2018-11-26 17:54:23 - [TEST_STEP][PASSED] - takeScreenshot: Taking screenshot successfully

2018-11-26 17:54:24 - [MESSAGE][PASSED] - Taking screenshot successfully
[[ATTACHMENT|C:\\Users\\Ronnachai C\\Katalon Studio\\StackexchangeDemo\\Reports\\Login\\Login Test Suite\\20181126_175115\\1543229663564.png]]

2018-11-26 17:54:24 - [TEST_STEP][PASSED] - Start listener action : afterTestcase: Browser is closed

2018-11-26 17:54:24 - [TEST_STEP][PASSED] - closeBrowser: Browser is closed

2018-11-26 17:54:26 - [MESSAGE][PASSED] - Browser is closed]]></system-out>
         <system-err><![CDATA[]]></system-err>
      </testcase>
      <testcase name="Test Cases/Tests/Log In/TC-SIN-005 Check for invalid password" classname="Test Cases/Tests/Log In/TC-SIN-005 Check for invalid password" status="PASSED">
         <system-out><![CDATA[2018-11-26 17:54:28 - [TEST_CASE][PASSED] - Test Cases/Tests/Log In/TC-SIN-005 Check for invalid password: Test Cases/Tests/Log In/TC-SIN-005 Check for invalid password

2018-11-26 17:54:28 - [TEST_STEP][PASSED] - Start listener action : beforeTestcase: Navigate to 'https://stackexchange.com/' successfully

2018-11-26 17:54:28 - [TEST_STEP][PASSED] - openBrowser: Browser is opened with url: ''

2018-11-26 17:54:32 - [MESSAGE][PASSED] - Browser is opened with url: ''

2018-11-26 17:54:32 - [TEST_STEP][PASSED] - maximizeWindow: Current window maximized

2018-11-26 17:54:33 - [MESSAGE][PASSED] - Current window maximized

2018-11-26 17:54:33 - [TEST_STEP][PASSED] - navigateToUrl: Navigate to 'https://stackexchange.com/' successfully

2018-11-26 17:54:37 - [MESSAGE][PASSED] - Navigate to 'https://stackexchange.com/' successfully

2018-11-26 17:54:38 - [TEST_STEP][PASSED] - callTestCase: Call Test Case 'Test Cases/Pages/01_Stack Exchage Homepage/The Homepage is loaded successfully' successfully

2018-11-26 17:54:38 - [TEST_CASE][PASSED] - Test Cases/Pages/01_Stack Exchage Homepage/The Homepage is loaded successfully: Test Cases/Pages/01_Stack Exchage Homepage/The Homepage is loaded successfully

2018-11-26 17:54:38 - [TEST_STEP][PASSED] - Statement - actual_pagetitle = com.kms.katalon.core.webui.keyword.WebUiBuiltInKeywords.getWindowTitle(): Current window's title is: 'Hot Questions - Stack Exchange'

2018-11-26 17:54:38 - [MESSAGE][PASSED] - Current window's title is: 'Hot Questions - Stack Exchange'

2018-11-26 17:54:38 - [TEST_STEP][PASSED] - verifyMatch: Actual text 'Hot Questions - Stack Exchange' and expected text 'Hot Questions - Stack Exchange' are matched 

2018-11-26 17:54:38 - [MESSAGE][PASSED] - Actual text 'Hot Questions - Stack Exchange' and expected text 'Hot Questions - Stack Exchange' are matched 

2018-11-26 17:54:38 - [TEST_STEP][PASSED] - verifyElementVisible: Object 'Object Repository/Test Objects/Pages/Page_Hot Questions - Stack Exchange/header_Stack Exchange' is visible

2018-11-26 17:54:38 - [MESSAGE][PASSED] - Object 'Object Repository/Test Objects/Pages/Page_Hot Questions - Stack Exchange/header_Stack Exchange' is visible

2018-11-26 17:54:38 - [TEST_STEP][PASSED] - verifyTextPresent: Text 'Tour' is present on page 

2018-11-26 17:54:40 - [MESSAGE][PASSED] - Text 'Tour' is present on page 

2018-11-26 17:54:40 - [TEST_STEP][PASSED] - verifyTextPresent: Text 'About Us' is present on page 

2018-11-26 17:54:42 - [MESSAGE][PASSED] - Text 'About Us' is present on page 

2018-11-26 17:54:42 - [TEST_STEP][PASSED] - verifyTextPresent: Text 'Meta' is present on page 

2018-11-26 17:54:44 - [MESSAGE][PASSED] - Text 'Meta' is present on page 

2018-11-26 17:54:44 - [TEST_STEP][PASSED] - verifyElementPresent: Object 'Object Repository/Test Objects/Pages/Page_Hot Questions - Stack Exchange/input_Meta_q' is present

2018-11-26 17:54:44 - [MESSAGE][PASSED] - Object 'Object Repository/Test Objects/Pages/Page_Hot Questions - Stack Exchange/input_Meta_q' is present

2018-11-26 17:54:44 - [TEST_STEP][PASSED] - verifyTextPresent: Text 'All Sites' is present on page 

2018-11-26 17:54:46 - [MESSAGE][PASSED] - Text 'All Sites' is present on page 

2018-11-26 17:54:46 - [TEST_STEP][PASSED] - verifyTextPresent: Text 'Top Users' is present on page 

2018-11-26 17:54:49 - [MESSAGE][PASSED] - Text 'Top Users' is present on page 

2018-11-26 17:54:49 - [TEST_STEP][PASSED] - verifyTextPresent: Text 'Newsletters' is present on page 

2018-11-26 17:54:51 - [MESSAGE][PASSED] - Text 'Newsletters' is present on page 

2018-11-26 17:54:51 - [TEST_STEP][PASSED] - verifyTextPresent: Text 'Log In' is present on page 

2018-11-26 17:54:53 - [MESSAGE][PASSED] - Text 'Log In' is present on page 

2018-11-26 17:54:53 - [TEST_STEP][PASSED] - verifyTextPresent: Text 'Stack Exchange' is present on page 

2018-11-26 17:54:55 - [MESSAGE][PASSED] - Text 'Stack Exchange' is present on page 

2018-11-26 17:54:55 - [TEST_STEP][PASSED] - takeScreenshot: Taking screenshot successfully

2018-11-26 17:54:55 - [MESSAGE][PASSED] - Taking screenshot successfully
[[ATTACHMENT|C:\\Users\\Ronnachai C\\Katalon Studio\\StackexchangeDemo\\Reports\\Login\\Login Test Suite\\20181126_175115\\1543229695368.png]]

2018-11-26 17:54:55 - [MESSAGE][PASSED] - Call Test Case 'Test Cases/Pages/01_Stack Exchage Homepage/The Homepage is loaded successfully' successfully

2018-11-26 17:54:55 - [TEST_STEP][PASSED] - callTestCase: Call Test Case 'Test Cases/Pages/01_Stack Exchage Homepage/To click the login link' successfully

2018-11-26 17:54:55 - [TEST_CASE][PASSED] - Test Cases/Pages/01_Stack Exchage Homepage/To click the login link: Test Cases/Pages/01_Stack Exchage Homepage/To click the login link

2018-11-26 17:54:55 - [TEST_STEP][PASSED] - waitForElementVisible: Object 'Object Repository/Test Objects/Pages/Page_Hot Questions - Stack Exchange/header_Stack Exchange' is visible

2018-11-26 17:54:56 - [MESSAGE][PASSED] - Object 'Object Repository/Test Objects/Pages/Page_Hot Questions - Stack Exchange/header_Stack Exchange' is visible

2018-11-26 17:54:56 - [TEST_STEP][PASSED] - click: Object: 'Object Repository/Test Objects/Pages/Page_Hot Questions - Stack Exchange/a_Log In' is clicked on

2018-11-26 17:54:58 - [MESSAGE][PASSED] - Object: 'Object Repository/Test Objects/Pages/Page_Hot Questions - Stack Exchange/a_Log In' is clicked on

2018-11-26 17:54:58 - [MESSAGE][PASSED] - Call Test Case 'Test Cases/Pages/01_Stack Exchage Homepage/To click the login link' successfully

2018-11-26 17:54:58 - [TEST_STEP][PASSED] - callTestCase: Call Test Case 'Test Cases/Pages/02_Log In Page/The Log In Page is loaded successfully' successfully

2018-11-26 17:54:58 - [TEST_CASE][PASSED] - Test Cases/Pages/02_Log In Page/The Log In Page is loaded successfully: Test Cases/Pages/02_Log In Page/The Log In Page is loaded successfully

2018-11-26 17:54:58 - [TEST_STEP][PASSED] - Statement - actual_pagetitle = com.kms.katalon.core.webui.keyword.WebUiBuiltInKeywords.getWindowTitle(): Current window's title is: 'Log In - Meta Stack Exchange'

2018-11-26 17:54:58 - [MESSAGE][PASSED] - Current window's title is: 'Log In - Meta Stack Exchange'

2018-11-26 17:54:58 - [TEST_STEP][PASSED] - verifyMatch: Actual text 'Log In - Meta Stack Exchange' and expected text 'Log In - Meta Stack Exchange' are matched 

2018-11-26 17:54:58 - [MESSAGE][PASSED] - Actual text 'Log In - Meta Stack Exchange' and expected text 'Log In - Meta Stack Exchange' are matched 

2018-11-26 17:54:58 - [TEST_STEP][PASSED] - verifyElementPresent: Object 'Object Repository/Test Objects/Pages/Page_Log In - Meta Stack Exchange/div_Log in to the  network of' is present

2018-11-26 17:54:59 - [MESSAGE][PASSED] - Object 'Object Repository/Test Objects/Pages/Page_Log In - Meta Stack Exchange/div_Log in to the  network of' is present

2018-11-26 17:54:59 - [TEST_STEP][PASSED] - verifyElementPresent: Object 'Object Repository/Test Objects/Pages/Page_Log In - Meta Stack Exchange/div_Google' is present

2018-11-26 17:54:59 - [MESSAGE][PASSED] - Object 'Object Repository/Test Objects/Pages/Page_Log In - Meta Stack Exchange/div_Google' is present

2018-11-26 17:54:59 - [TEST_STEP][PASSED] - verifyElementPresent: Object 'Object Repository/Test Objects/Pages/Page_Log In - Meta Stack Exchange/div_Facebook' is present

2018-11-26 17:54:59 - [MESSAGE][PASSED] - Object 'Object Repository/Test Objects/Pages/Page_Log In - Meta Stack Exchange/div_Facebook' is present

2018-11-26 17:54:59 - [TEST_STEP][PASSED] - verifyElementPresent: Object 'Object Repository/Test Objects/Pages/Page_Log In - Meta Stack Exchange/input_Email_email' is present

2018-11-26 17:54:59 - [MESSAGE][PASSED] - Object 'Object Repository/Test Objects/Pages/Page_Log In - Meta Stack Exchange/input_Email_email' is present

2018-11-26 17:54:59 - [TEST_STEP][PASSED] - verifyElementPresent: Object 'Object Repository/Test Objects/Pages/Page_Log In - Meta Stack Exchange/input_Password_password' is present

2018-11-26 17:54:59 - [MESSAGE][PASSED] - Object 'Object Repository/Test Objects/Pages/Page_Log In - Meta Stack Exchange/input_Password_password' is present

2018-11-26 17:54:59 - [TEST_STEP][PASSED] - verifyTextPresent: Text 'forgot?' is present on page 

2018-11-26 17:54:59 - [MESSAGE][PASSED] - Text 'forgot?' is present on page 

2018-11-26 17:54:59 - [TEST_STEP][PASSED] - takeScreenshot: Taking screenshot successfully

2018-11-26 17:55:00 - [MESSAGE][PASSED] - Taking screenshot successfully
[[ATTACHMENT|C:\\Users\\Ronnachai C\\Katalon Studio\\StackexchangeDemo\\Reports\\Login\\Login Test Suite\\20181126_175115\\1543229699747.png]]

2018-11-26 17:55:00 - [MESSAGE][PASSED] - Call Test Case 'Test Cases/Pages/02_Log In Page/The Log In Page is loaded successfully' successfully

2018-11-26 17:55:00 - [TEST_STEP][PASSED] - setText: Text 'charnjaroen@gmail.com' is set on object 'Object Repository/Test Objects/Pages/Page_Log In - Meta Stack Exchange/input_Email_email'

2018-11-26 17:55:00 - [MESSAGE][PASSED] - Text 'charnjaroen@gmail.com' is set on object 'Object Repository/Test Objects/Pages/Page_Log In - Meta Stack Exchange/input_Email_email'

2018-11-26 17:55:00 - [TEST_STEP][PASSED] - setEncryptedText: Text ****** has been set on object 'Object Repository/Test Objects/Pages/Page_Log In - Meta Stack Exchange/input_Password_password'

2018-11-26 17:55:01 - [MESSAGE][PASSED] - Text ****** has been set on object 'Object Repository/Test Objects/Pages/Page_Log In - Meta Stack Exchange/input_Password_password'

2018-11-26 17:55:01 - [TEST_STEP][PASSED] - click: Object: 'Object Repository/Test Objects/Pages/Page_Log In - Meta Stack Exchange/button_Log in' is clicked on

2018-11-26 17:55:01 - [MESSAGE][PASSED] - Object: 'Object Repository/Test Objects/Pages/Page_Log In - Meta Stack Exchange/button_Log in' is clicked on

2018-11-26 17:55:01 - [TEST_STEP][PASSED] - verifyElementPresent: Object 'Object Repository/Test Objects/Pages/Page_Log In - Meta Stack Exchange/Data Validation/div_The email or password is i' is present

2018-11-26 17:55:03 - [MESSAGE][PASSED] - Object 'Object Repository/Test Objects/Pages/Page_Log In - Meta Stack Exchange/Data Validation/div_The email or password is i' is present

2018-11-26 17:55:03 - [TEST_STEP][PASSED] - takeScreenshot: Taking screenshot successfully

2018-11-26 17:55:03 - [MESSAGE][PASSED] - Taking screenshot successfully
[[ATTACHMENT|C:\\Users\\Ronnachai C\\Katalon Studio\\StackexchangeDemo\\Reports\\Login\\Login Test Suite\\20181126_175115\\1543229703483.png]]

2018-11-26 17:55:03 - [TEST_STEP][PASSED] - Start listener action : afterTestcase: Browser is closed

2018-11-26 17:55:03 - [TEST_STEP][PASSED] - closeBrowser: Browser is closed

2018-11-26 17:55:05 - [MESSAGE][PASSED] - Browser is closed]]></system-out>
         <system-err><![CDATA[]]></system-err>
      </testcase>
      <testcase name="Test Cases/Tests/Log In/TC-SIN-006 Check for valid username and password via stackexchange" classname="Test Cases/Tests/Log In/TC-SIN-006 Check for valid username and password via stackexchange" status="PASSED">
         <system-out><![CDATA[2018-11-26 17:55:07 - [TEST_CASE][PASSED] - Test Cases/Tests/Log In/TC-SIN-006 Check for valid username and password via stackexchange: Test Cases/Tests/Log In/TC-SIN-006 Check for valid username and password via stackexchange

2018-11-26 17:55:07 - [TEST_STEP][PASSED] - Start listener action : beforeTestcase: Navigate to 'https://stackexchange.com/' successfully

2018-11-26 17:55:07 - [TEST_STEP][PASSED] - openBrowser: Browser is opened with url: ''

2018-11-26 17:55:10 - [MESSAGE][PASSED] - Browser is opened with url: ''

2018-11-26 17:55:10 - [TEST_STEP][PASSED] - maximizeWindow: Current window maximized

2018-11-26 17:55:11 - [MESSAGE][PASSED] - Current window maximized

2018-11-26 17:55:11 - [TEST_STEP][PASSED] - navigateToUrl: Navigate to 'https://stackexchange.com/' successfully

2018-11-26 17:55:15 - [MESSAGE][PASSED] - Navigate to 'https://stackexchange.com/' successfully

2018-11-26 17:55:16 - [TEST_STEP][PASSED] - callTestCase: Call Test Case 'Test Cases/Pages/01_Stack Exchage Homepage/The Homepage is loaded successfully' successfully

2018-11-26 17:55:16 - [TEST_CASE][PASSED] - Test Cases/Pages/01_Stack Exchage Homepage/The Homepage is loaded successfully: Test Cases/Pages/01_Stack Exchage Homepage/The Homepage is loaded successfully

2018-11-26 17:55:16 - [TEST_STEP][PASSED] - Statement - actual_pagetitle = com.kms.katalon.core.webui.keyword.WebUiBuiltInKeywords.getWindowTitle(): Current window's title is: 'Hot Questions - Stack Exchange'

2018-11-26 17:55:16 - [MESSAGE][PASSED] - Current window's title is: 'Hot Questions - Stack Exchange'

2018-11-26 17:55:16 - [TEST_STEP][PASSED] - verifyMatch: Actual text 'Hot Questions - Stack Exchange' and expected text 'Hot Questions - Stack Exchange' are matched 

2018-11-26 17:55:16 - [MESSAGE][PASSED] - Actual text 'Hot Questions - Stack Exchange' and expected text 'Hot Questions - Stack Exchange' are matched 

2018-11-26 17:55:16 - [TEST_STEP][PASSED] - verifyElementVisible: Object 'Object Repository/Test Objects/Pages/Page_Hot Questions - Stack Exchange/header_Stack Exchange' is visible

2018-11-26 17:55:16 - [MESSAGE][PASSED] - Object 'Object Repository/Test Objects/Pages/Page_Hot Questions - Stack Exchange/header_Stack Exchange' is visible

2018-11-26 17:55:16 - [TEST_STEP][PASSED] - verifyTextPresent: Text 'Tour' is present on page 

2018-11-26 17:55:18 - [MESSAGE][PASSED] - Text 'Tour' is present on page 

2018-11-26 17:55:18 - [TEST_STEP][PASSED] - verifyTextPresent: Text 'About Us' is present on page 

2018-11-26 17:55:20 - [MESSAGE][PASSED] - Text 'About Us' is present on page 

2018-11-26 17:55:20 - [TEST_STEP][PASSED] - verifyTextPresent: Text 'Meta' is present on page 

2018-11-26 17:55:21 - [MESSAGE][PASSED] - Text 'Meta' is present on page 

2018-11-26 17:55:21 - [TEST_STEP][PASSED] - verifyElementPresent: Object 'Object Repository/Test Objects/Pages/Page_Hot Questions - Stack Exchange/input_Meta_q' is present

2018-11-26 17:55:21 - [MESSAGE][PASSED] - Object 'Object Repository/Test Objects/Pages/Page_Hot Questions - Stack Exchange/input_Meta_q' is present

2018-11-26 17:55:21 - [TEST_STEP][PASSED] - verifyTextPresent: Text 'All Sites' is present on page 

2018-11-26 17:55:23 - [MESSAGE][PASSED] - Text 'All Sites' is present on page 

2018-11-26 17:55:23 - [TEST_STEP][PASSED] - verifyTextPresent: Text 'Top Users' is present on page 

2018-11-26 17:55:25 - [MESSAGE][PASSED] - Text 'Top Users' is present on page 

2018-11-26 17:55:25 - [TEST_STEP][PASSED] - verifyTextPresent: Text 'Newsletters' is present on page 

2018-11-26 17:55:27 - [MESSAGE][PASSED] - Text 'Newsletters' is present on page 

2018-11-26 17:55:27 - [TEST_STEP][PASSED] - verifyTextPresent: Text 'Log In' is present on page 

2018-11-26 17:55:29 - [MESSAGE][PASSED] - Text 'Log In' is present on page 

2018-11-26 17:55:29 - [TEST_STEP][PASSED] - verifyTextPresent: Text 'Stack Exchange' is present on page 

2018-11-26 17:55:30 - [MESSAGE][PASSED] - Text 'Stack Exchange' is present on page 

2018-11-26 17:55:30 - [TEST_STEP][PASSED] - takeScreenshot: Taking screenshot successfully

2018-11-26 17:55:30 - [MESSAGE][PASSED] - Taking screenshot successfully
[[ATTACHMENT|C:\\Users\\Ronnachai C\\Katalon Studio\\StackexchangeDemo\\Reports\\Login\\Login Test Suite\\20181126_175115\\1543229730441.png]]

2018-11-26 17:55:30 - [MESSAGE][PASSED] - Call Test Case 'Test Cases/Pages/01_Stack Exchage Homepage/The Homepage is loaded successfully' successfully

2018-11-26 17:55:30 - [TEST_STEP][PASSED] - callTestCase: Call Test Case 'Test Cases/Pages/01_Stack Exchage Homepage/To click the login link' successfully

2018-11-26 17:55:31 - [TEST_CASE][PASSED] - Test Cases/Pages/01_Stack Exchage Homepage/To click the login link: Test Cases/Pages/01_Stack Exchage Homepage/To click the login link

2018-11-26 17:55:31 - [TEST_STEP][PASSED] - waitForElementVisible: Object 'Object Repository/Test Objects/Pages/Page_Hot Questions - Stack Exchange/header_Stack Exchange' is visible

2018-11-26 17:55:31 - [MESSAGE][PASSED] - Object 'Object Repository/Test Objects/Pages/Page_Hot Questions - Stack Exchange/header_Stack Exchange' is visible

2018-11-26 17:55:31 - [TEST_STEP][PASSED] - click: Object: 'Object Repository/Test Objects/Pages/Page_Hot Questions - Stack Exchange/a_Log In' is clicked on

2018-11-26 17:55:33 - [MESSAGE][PASSED] - Object: 'Object Repository/Test Objects/Pages/Page_Hot Questions - Stack Exchange/a_Log In' is clicked on

2018-11-26 17:55:33 - [MESSAGE][PASSED] - Call Test Case 'Test Cases/Pages/01_Stack Exchage Homepage/To click the login link' successfully

2018-11-26 17:55:33 - [TEST_STEP][PASSED] - callTestCase: Call Test Case 'Test Cases/Pages/02_Log In Page/The Log In Page is loaded successfully' successfully

2018-11-26 17:55:33 - [TEST_CASE][PASSED] - Test Cases/Pages/02_Log In Page/The Log In Page is loaded successfully: Test Cases/Pages/02_Log In Page/The Log In Page is loaded successfully

2018-11-26 17:55:33 - [TEST_STEP][PASSED] - Statement - actual_pagetitle = com.kms.katalon.core.webui.keyword.WebUiBuiltInKeywords.getWindowTitle(): Current window's title is: 'Log In - Meta Stack Exchange'

2018-11-26 17:55:33 - [MESSAGE][PASSED] - Current window's title is: 'Log In - Meta Stack Exchange'

2018-11-26 17:55:33 - [TEST_STEP][PASSED] - verifyMatch: Actual text 'Log In - Meta Stack Exchange' and expected text 'Log In - Meta Stack Exchange' are matched 

2018-11-26 17:55:33 - [MESSAGE][PASSED] - Actual text 'Log In - Meta Stack Exchange' and expected text 'Log In - Meta Stack Exchange' are matched 

2018-11-26 17:55:33 - [TEST_STEP][PASSED] - verifyElementPresent: Object 'Object Repository/Test Objects/Pages/Page_Log In - Meta Stack Exchange/div_Log in to the  network of' is present

2018-11-26 17:55:33 - [MESSAGE][PASSED] - Object 'Object Repository/Test Objects/Pages/Page_Log In - Meta Stack Exchange/div_Log in to the  network of' is present

2018-11-26 17:55:33 - [TEST_STEP][PASSED] - verifyElementPresent: Object 'Object Repository/Test Objects/Pages/Page_Log In - Meta Stack Exchange/div_Google' is present

2018-11-26 17:55:34 - [MESSAGE][PASSED] - Object 'Object Repository/Test Objects/Pages/Page_Log In - Meta Stack Exchange/div_Google' is present

2018-11-26 17:55:34 - [TEST_STEP][PASSED] - verifyElementPresent: Object 'Object Repository/Test Objects/Pages/Page_Log In - Meta Stack Exchange/div_Facebook' is present

2018-11-26 17:55:34 - [MESSAGE][PASSED] - Object 'Object Repository/Test Objects/Pages/Page_Log In - Meta Stack Exchange/div_Facebook' is present

2018-11-26 17:55:34 - [TEST_STEP][PASSED] - verifyElementPresent: Object 'Object Repository/Test Objects/Pages/Page_Log In - Meta Stack Exchange/input_Email_email' is present

2018-11-26 17:55:34 - [MESSAGE][PASSED] - Object 'Object Repository/Test Objects/Pages/Page_Log In - Meta Stack Exchange/input_Email_email' is present

2018-11-26 17:55:34 - [TEST_STEP][PASSED] - verifyElementPresent: Object 'Object Repository/Test Objects/Pages/Page_Log In - Meta Stack Exchange/input_Password_password' is present

2018-11-26 17:55:34 - [MESSAGE][PASSED] - Object 'Object Repository/Test Objects/Pages/Page_Log In - Meta Stack Exchange/input_Password_password' is present

2018-11-26 17:55:34 - [TEST_STEP][PASSED] - verifyTextPresent: Text 'forgot?' is present on page 

2018-11-26 17:55:34 - [MESSAGE][PASSED] - Text 'forgot?' is present on page 

2018-11-26 17:55:34 - [TEST_STEP][PASSED] - takeScreenshot: Taking screenshot successfully

2018-11-26 17:55:34 - [MESSAGE][PASSED] - Taking screenshot successfully
[[ATTACHMENT|C:\\Users\\Ronnachai C\\Katalon Studio\\StackexchangeDemo\\Reports\\Login\\Login Test Suite\\20181126_175115\\1543229734446.png]]

2018-11-26 17:55:34 - [MESSAGE][PASSED] - Call Test Case 'Test Cases/Pages/02_Log In Page/The Log In Page is loaded successfully' successfully

2018-11-26 17:55:34 - [TEST_STEP][PASSED] - setText: Text 'mr.ronnachai.c@gmail.com' is set on object 'Object Repository/Test Objects/Pages/Page_Log In - Meta Stack Exchange/input_Email_email'

2018-11-26 17:55:36 - [MESSAGE][PASSED] - Text 'mr.ronnachai.c@gmail.com' is set on object 'Object Repository/Test Objects/Pages/Page_Log In - Meta Stack Exchange/input_Email_email'

2018-11-26 17:55:36 - [TEST_STEP][PASSED] - setEncryptedText: Text ****** has been set on object 'Object Repository/Test Objects/Pages/Page_Log In - Meta Stack Exchange/input_Password_password'

2018-11-26 17:55:37 - [MESSAGE][PASSED] - Text ****** has been set on object 'Object Repository/Test Objects/Pages/Page_Log In - Meta Stack Exchange/input_Password_password'

2018-11-26 17:55:37 - [TEST_STEP][PASSED] - click: Object: 'Object Repository/Test Objects/Pages/Page_Log In - Meta Stack Exchange/button_Log in' is clicked on

2018-11-26 17:55:37 - [MESSAGE][PASSED] - Object: 'Object Repository/Test Objects/Pages/Page_Log In - Meta Stack Exchange/button_Log in' is clicked on

2018-11-26 17:55:37 - [TEST_STEP][PASSED] - delay: Delayed 10 second(s)

2018-11-26 17:55:47 - [MESSAGE][PASSED] - Delayed 10 second(s)

2018-11-26 17:55:47 - [TEST_STEP][PASSED] - callTestCase: Call Test Case 'Test Cases/Pages/03_Dashboard Page/The Dashboard Page is loaded successfully' successfully

2018-11-26 17:55:47 - [TEST_CASE][PASSED] - Test Cases/Pages/03_Dashboard Page/The Dashboard Page is loaded successfully: Test Cases/Pages/03_Dashboard Page/The Dashboard Page is loaded successfully

2018-11-26 17:55:48 - [TEST_STEP][PASSED] - waitForElementVisible: Object 'Object Repository/Test Objects/Pages/Page_Login Success - Stack Exchange/header_Stack Exchange' is visible

2018-11-26 17:55:48 - [MESSAGE][PASSED] - Object 'Object Repository/Test Objects/Pages/Page_Login Success - Stack Exchange/header_Stack Exchange' is visible

2018-11-26 17:55:48 - [TEST_STEP][PASSED] - verifyTextPresent: Text 'Tour' is present on page 

2018-11-26 17:55:50 - [MESSAGE][PASSED] - Text 'Tour' is present on page 

2018-11-26 17:55:50 - [TEST_STEP][PASSED] - verifyTextPresent: Text 'About Us' is present on page 

2018-11-26 17:55:51 - [MESSAGE][PASSED] - Text 'About Us' is present on page 

2018-11-26 17:55:51 - [TEST_STEP][PASSED] - verifyTextPresent: Text 'Meta' is present on page 

2018-11-26 17:55:53 - [MESSAGE][PASSED] - Text 'Meta' is present on page 

2018-11-26 17:55:53 - [TEST_STEP][PASSED] - verifyElementVisible: Object 'Object Repository/Test Objects/Pages/Page_Login Success - Stack Exchange/a_Meta_my-profile js-gps-track' is visible

2018-11-26 17:55:53 - [MESSAGE][PASSED] - Object 'Object Repository/Test Objects/Pages/Page_Login Success - Stack Exchange/a_Meta_my-profile js-gps-track' is visible

2018-11-26 17:55:53 - [TEST_STEP][PASSED] - verifyElementVisible: Object 'Object Repository/Test Objects/Pages/Page_Login Success - Stack Exchange/a_Meta_-link js-inbox-button' is visible

2018-11-26 17:55:53 - [MESSAGE][PASSED] - Object 'Object Repository/Test Objects/Pages/Page_Login Success - Stack Exchange/a_Meta_-link js-inbox-button' is visible

2018-11-26 17:55:53 - [TEST_STEP][PASSED] - verifyElementVisible: Object 'Object Repository/Test Objects/Pages/Page_Login Success - Stack Exchange/a_Meta_-link js-achievements-b' is visible

2018-11-26 17:55:53 - [MESSAGE][PASSED] - Object 'Object Repository/Test Objects/Pages/Page_Login Success - Stack Exchange/a_Meta_-link js-achievements-b' is visible

2018-11-26 17:55:53 - [TEST_STEP][PASSED] - verifyElementVisible: Object 'Object Repository/Test Objects/Pages/Page_Login Success - Stack Exchange/a_Meta_-link js-site-switcher-' is visible

2018-11-26 17:55:53 - [MESSAGE][PASSED] - Object 'Object Repository/Test Objects/Pages/Page_Login Success - Stack Exchange/a_Meta_-link js-site-switcher-' is visible

2018-11-26 17:55:53 - [TEST_STEP][PASSED] - takeScreenshot: Taking screenshot successfully

2018-11-26 17:55:54 - [MESSAGE][PASSED] - Taking screenshot successfully
[[ATTACHMENT|C:\\Users\\Ronnachai C\\Katalon Studio\\StackexchangeDemo\\Reports\\Login\\Login Test Suite\\20181126_175115\\1543229753809.png]]

2018-11-26 17:55:54 - [MESSAGE][PASSED] - Call Test Case 'Test Cases/Pages/03_Dashboard Page/The Dashboard Page is loaded successfully' successfully

2018-11-26 17:55:54 - [TEST_STEP][NOT_RUN] - callTestCase: NOT_RUN: callTestCase

2018-11-26 17:55:54 - [MESSAGE][NOT_RUN] - NOT_RUN: callTestCase

2018-11-26 17:55:54 - [TEST_STEP][PASSED] - callTestCase: Call Test Case 'Test Cases/Pages/03_Dashboard Page/To click the logout link' successfully

2018-11-26 17:55:54 - [TEST_CASE][PASSED] - Test Cases/Pages/03_Dashboard Page/To click the logout link: Test Cases/Pages/03_Dashboard Page/To click the logout link

2018-11-26 17:55:55 - [TEST_STEP][PASSED] - waitForElementVisible: Object 'Object Repository/Test Objects/Pages/Page_Login Success - Stack Exchange/header_Stack Exchange' is visible

2018-11-26 17:55:55 - [MESSAGE][PASSED] - Object 'Object Repository/Test Objects/Pages/Page_Login Success - Stack Exchange/header_Stack Exchange' is visible

2018-11-26 17:55:55 - [TEST_STEP][PASSED] - click: Object: 'Object Repository/Test Objects/Pages/Page_Login Success - Stack Exchange/a_Meta_-link js-site-switcher-' is clicked on

2018-11-26 17:55:55 - [MESSAGE][PASSED] - Object: 'Object Repository/Test Objects/Pages/Page_Login Success - Stack Exchange/a_Meta_-link js-site-switcher-' is clicked on

2018-11-26 17:55:55 - [TEST_STEP][PASSED] - delay: Delayed 5 second(s)

2018-11-26 17:56:00 - [MESSAGE][PASSED] - Delayed 5 second(s)

2018-11-26 17:56:00 - [TEST_STEP][PASSED] - click: Object: 'Object Repository/Test Objects/Pages/Page_Log Out/a_log out' is clicked on

2018-11-26 17:56:02 - [MESSAGE][PASSED] - Object: 'Object Repository/Test Objects/Pages/Page_Log Out/a_log out' is clicked on

2018-11-26 17:56:02 - [TEST_STEP][PASSED] - click: Object: 'Object Repository/Test Objects/Pages/Page_Log Out/input_superuser.com_everywhere' is clicked on

2018-11-26 17:56:03 - [MESSAGE][PASSED] - Object: 'Object Repository/Test Objects/Pages/Page_Log Out/input_superuser.com_everywhere' is clicked on

2018-11-26 17:56:03 - [TEST_STEP][PASSED] - click: Object: 'Object Repository/Test Objects/Pages/Page_Log Out/input_cancel_fr' is clicked on

2018-11-26 17:56:04 - [MESSAGE][PASSED] - Object: 'Object Repository/Test Objects/Pages/Page_Log Out/input_cancel_fr' is clicked on

2018-11-26 17:56:04 - [TEST_STEP][PASSED] - delay: Delayed 5 second(s)

2018-11-26 17:56:09 - [MESSAGE][PASSED] - Delayed 5 second(s)

2018-11-26 17:56:09 - [MESSAGE][PASSED] - Call Test Case 'Test Cases/Pages/03_Dashboard Page/To click the logout link' successfully

2018-11-26 17:56:09 - [TEST_STEP][PASSED] - Start listener action : afterTestcase: Browser is closed

2018-11-26 17:56:09 - [TEST_STEP][PASSED] - closeBrowser: Browser is closed

2018-11-26 17:56:10 - [MESSAGE][PASSED] - Browser is closed]]></system-out>
         <system-err><![CDATA[]]></system-err>
      </testcase>
      <system-out><![CDATA[2018-11-26 17:51:24 - [TEST_SUITE][PASSED] - Login Test Suite: Test Cases/Tests/Log In/TC-SIN-006 Check for valid username and password via stackexchange]]></system-out>
      <system-err><![CDATA[]]></system-err>
   </testsuite>
</testsuites>
