<?xml version="1.0" encoding="UTF-8"?>
<testsuites name="Login Test Suite" time="186" tests="6" failures="0" errors="0">
   <testsuite name="Login Test Suite" tests="6" failures="0" errors="0" time="186" timestamp="2018-11-01 15:10:58" hostname="Ronnachai C - host.docker.internal" id="Test Suites/Login/Login Test Suite">
      <properties>
         <property name="deviceName" value=""/>
         <property name="devicePlatform" value=""/>
         <property name="logFolder" value="C:\\Users\\Ronnachai C\\Katalon Studio\\StackexchangeDemo\\Reports\\Login\\Login Test Suite\\20181101_151052"/>
         <property name="logFiles" value="C:\\Users\\Ronnachai C\\Katalon Studio\\StackexchangeDemo\\Reports\\Login\\Login Test Suite\\20181101_151052\\execution0.log"/>
         <property name="attachments" value="C:\\Users\\Ronnachai C\\Katalon Studio\\StackexchangeDemo\\Reports\\Login\\Login Test Suite\\20181101_151052\\1541059885463.png, C:\\Users\\Ronnachai C\\Katalon Studio\\StackexchangeDemo\\Reports\\Login\\Login Test Suite\\20181101_151052\\1541059890107.png, C:\\Users\\Ronnachai C\\Katalon Studio\\StackexchangeDemo\\Reports\\Login\\Login Test Suite\\20181101_151052\\1541059891265.png, C:\\Users\\Ronnachai C\\Katalon Studio\\StackexchangeDemo\\Reports\\Login\\Login Test Suite\\20181101_151052\\1541059908681.png, C:\\Users\\Ronnachai C\\Katalon Studio\\StackexchangeDemo\\Reports\\Login\\Login Test Suite\\20181101_151052\\1541059912222.png, C:\\Users\\Ronnachai C\\Katalon Studio\\StackexchangeDemo\\Reports\\Login\\Login Test Suite\\20181101_151052\\1541059913636.png, C:\\Users\\Ronnachai C\\Katalon Studio\\StackexchangeDemo\\Reports\\Login\\Login Test Suite\\20181101_151052\\1541059932002.png, C:\\Users\\Ronnachai C\\Katalon Studio\\StackexchangeDemo\\Reports\\Login\\Login Test Suite\\20181101_151052\\1541059935702.png, C:\\Users\\Ronnachai C\\Katalon Studio\\StackexchangeDemo\\Reports\\Login\\Login Test Suite\\20181101_151052\\1541059937105.png, C:\\Users\\Ronnachai C\\Katalon Studio\\StackexchangeDemo\\Reports\\Login\\Login Test Suite\\20181101_151052\\1541059956761.png, C:\\Users\\Ronnachai C\\Katalon Studio\\StackexchangeDemo\\Reports\\Login\\Login Test Suite\\20181101_151052\\1541059960799.png, C:\\Users\\Ronnachai C\\Katalon Studio\\StackexchangeDemo\\Reports\\Login\\Login Test Suite\\20181101_151052\\1541059962983.png, C:\\Users\\Ronnachai C\\Katalon Studio\\StackexchangeDemo\\Reports\\Login\\Login Test Suite\\20181101_151052\\1541059980796.png, C:\\Users\\Ronnachai C\\Katalon Studio\\StackexchangeDemo\\Reports\\Login\\Login Test Suite\\20181101_151052\\1541059984205.png, C:\\Users\\Ronnachai C\\Katalon Studio\\StackexchangeDemo\\Reports\\Login\\Login Test Suite\\20181101_151052\\1541059986366.png, C:\\Users\\Ronnachai C\\Katalon Studio\\StackexchangeDemo\\Reports\\Login\\Login Test Suite\\20181101_151052\\1541060009329.png, C:\\Users\\Ronnachai C\\Katalon Studio\\StackexchangeDemo\\Reports\\Login\\Login Test Suite\\20181101_151052\\1541060012940.png, C:\\Users\\Ronnachai C\\Katalon Studio\\StackexchangeDemo\\Reports\\Login\\Login Test Suite\\20181101_151052\\1541060028558.png"/>
         <property name="hostName" value="Ronnachai C - host.docker.internal"/>
         <property name="os" value="Windows 10 64bit"/>
         <property name="katalonVersion" value="5.8.0.1"/>
         <property name="browser" value="Chrome 70.0.3538.77"/>
         <property name="hostAddress" value="192.168.43.170"/>
         <property name="sessionId" value="9fc8218709cdf9ebb2d39e4dca129095"/>
         <property name="seleniumVersion" value="3.7.1"/>
         <property name="proxyInformation" value="ProxyInformation{proxyOption=NO_PROXY, proxyServerType=HTTP, password=, proxyServerAddress=, proxyServerPort=0}"/>
         <property name="platform" value="Windows 10"/>
      </properties>
      <testcase name="Test Cases/Tests/Log In/TC-SIN-001 Check for empty username and password" classname="Test Cases/Tests/Log In/TC-SIN-001 Check for empty username and password" status="PASSED">
         <system-out><![CDATA[2018-11-01 15:10:59 - [TEST_CASE][PASSED] - Test Cases/Tests/Log In/TC-SIN-001 Check for empty username and password: Test Cases/Tests/Log In/TC-SIN-001 Check for empty username and password

2018-11-01 15:11:00 - [TEST_STEP][PASSED] - Start listener action : beforeTestcase: Navigate to 'https://stackexchange.com/' successfully

2018-11-01 15:11:00 - [TEST_STEP][PASSED] - openBrowser: Browser is opened with url: ''

2018-11-01 15:11:07 - [MESSAGE][PASSED] - Browser is opened with url: ''

2018-11-01 15:11:07 - [TEST_STEP][PASSED] - maximizeWindow: Current window maximized

2018-11-01 15:11:08 - [MESSAGE][PASSED] - Current window maximized

2018-11-01 15:11:08 - [TEST_STEP][PASSED] - navigateToUrl: Navigate to 'https://stackexchange.com/' successfully

2018-11-01 15:11:16 - [MESSAGE][PASSED] - Navigate to 'https://stackexchange.com/' successfully

2018-11-01 15:11:16 - [TEST_STEP][PASSED] - callTestCase: Call Test Case 'Test Cases/Pages/01_Stack Exchage Homepage/The Homepage is loaded successfully' successfully

2018-11-01 15:11:17 - [TEST_CASE][PASSED] - Test Cases/Pages/01_Stack Exchage Homepage/The Homepage is loaded successfully: Test Cases/Pages/01_Stack Exchage Homepage/The Homepage is loaded successfully

2018-11-01 15:11:17 - [TEST_STEP][PASSED] - Statement - actual_pagetitle = com.kms.katalon.core.webui.keyword.WebUiBuiltInKeywords.getWindowTitle(): Current window's title is: 'Hot Questions - Stack Exchange'

2018-11-01 15:11:17 - [MESSAGE][PASSED] - Current window's title is: 'Hot Questions - Stack Exchange'

2018-11-01 15:11:17 - [TEST_STEP][PASSED] - verifyMatch: Actual text 'Hot Questions - Stack Exchange' and expected text 'Hot Questions - Stack Exchange' are matched 

2018-11-01 15:11:17 - [MESSAGE][PASSED] - Actual text 'Hot Questions - Stack Exchange' and expected text 'Hot Questions - Stack Exchange' are matched 

2018-11-01 15:11:17 - [TEST_STEP][PASSED] - verifyElementVisible: Object 'Object Repository/Test Objects/Pages/Page_Hot Questions - Stack Exchange/header_Stack Exchange' is visible

2018-11-01 15:11:17 - [MESSAGE][PASSED] - Object 'Object Repository/Test Objects/Pages/Page_Hot Questions - Stack Exchange/header_Stack Exchange' is visible

2018-11-01 15:11:17 - [TEST_STEP][PASSED] - verifyTextPresent: Text 'Tour' is present on page 

2018-11-01 15:11:18 - [MESSAGE][PASSED] - Text 'Tour' is present on page 

2018-11-01 15:11:18 - [TEST_STEP][PASSED] - verifyTextPresent: Text 'About Us' is present on page 

2018-11-01 15:11:19 - [MESSAGE][PASSED] - Text 'About Us' is present on page 

2018-11-01 15:11:19 - [TEST_STEP][PASSED] - verifyTextPresent: Text 'Meta' is present on page 

2018-11-01 15:11:20 - [MESSAGE][PASSED] - Text 'Meta' is present on page 

2018-11-01 15:11:20 - [TEST_STEP][PASSED] - verifyElementPresent: Object 'Object Repository/Test Objects/Pages/Page_Hot Questions - Stack Exchange/input_Meta_q' is present

2018-11-01 15:11:20 - [MESSAGE][PASSED] - Object 'Object Repository/Test Objects/Pages/Page_Hot Questions - Stack Exchange/input_Meta_q' is present

2018-11-01 15:11:20 - [TEST_STEP][PASSED] - verifyTextPresent: Text 'All Sites' is present on page 

2018-11-01 15:11:21 - [MESSAGE][PASSED] - Text 'All Sites' is present on page 

2018-11-01 15:11:21 - [TEST_STEP][PASSED] - verifyTextPresent: Text 'Top Users' is present on page 

2018-11-01 15:11:22 - [MESSAGE][PASSED] - Text 'Top Users' is present on page 

2018-11-01 15:11:22 - [TEST_STEP][PASSED] - verifyTextPresent: Text 'Newsletters' is present on page 

2018-11-01 15:11:23 - [MESSAGE][PASSED] - Text 'Newsletters' is present on page 

2018-11-01 15:11:23 - [TEST_STEP][PASSED] - verifyTextPresent: Text 'Log In' is present on page 

2018-11-01 15:11:24 - [MESSAGE][PASSED] - Text 'Log In' is present on page 

2018-11-01 15:11:24 - [TEST_STEP][PASSED] - verifyTextPresent: Text 'Stack Exchange' is present on page 

2018-11-01 15:11:25 - [MESSAGE][PASSED] - Text 'Stack Exchange' is present on page 

2018-11-01 15:11:25 - [TEST_STEP][PASSED] - takeScreenshot: Taking screenshot successfully

2018-11-01 15:11:25 - [MESSAGE][PASSED] - Taking screenshot successfully
[[ATTACHMENT|C:\\Users\\Ronnachai C\\Katalon Studio\\StackexchangeDemo\\Reports\\Login\\Login Test Suite\\20181101_151052\\1541059885463.png]]

2018-11-01 15:11:25 - [MESSAGE][PASSED] - Call Test Case 'Test Cases/Pages/01_Stack Exchage Homepage/The Homepage is loaded successfully' successfully

2018-11-01 15:11:25 - [TEST_STEP][PASSED] - callTestCase: Call Test Case 'Test Cases/Pages/01_Stack Exchage Homepage/To click the login link' successfully

2018-11-01 15:11:25 - [TEST_CASE][PASSED] - Test Cases/Pages/01_Stack Exchage Homepage/To click the login link: Test Cases/Pages/01_Stack Exchage Homepage/To click the login link

2018-11-01 15:11:26 - [TEST_STEP][PASSED] - waitForElementVisible: Object 'Object Repository/Test Objects/Pages/Page_Hot Questions - Stack Exchange/header_Stack Exchange' is visible

2018-11-01 15:11:26 - [MESSAGE][PASSED] - Object 'Object Repository/Test Objects/Pages/Page_Hot Questions - Stack Exchange/header_Stack Exchange' is visible

2018-11-01 15:11:26 - [TEST_STEP][PASSED] - click: Object: 'Object Repository/Test Objects/Pages/Page_Hot Questions - Stack Exchange/a_Log In' is clicked on

2018-11-01 15:11:29 - [MESSAGE][PASSED] - Object: 'Object Repository/Test Objects/Pages/Page_Hot Questions - Stack Exchange/a_Log In' is clicked on

2018-11-01 15:11:29 - [MESSAGE][PASSED] - Call Test Case 'Test Cases/Pages/01_Stack Exchage Homepage/To click the login link' successfully

2018-11-01 15:11:29 - [TEST_STEP][PASSED] - callTestCase: Call Test Case 'Test Cases/Pages/02_Log In Page/The Log In Page is loaded successfully' successfully

2018-11-01 15:11:29 - [TEST_CASE][PASSED] - Test Cases/Pages/02_Log In Page/The Log In Page is loaded successfully: Test Cases/Pages/02_Log In Page/The Log In Page is loaded successfully

2018-11-01 15:11:29 - [TEST_STEP][PASSED] - Statement - actual_pagetitle = com.kms.katalon.core.webui.keyword.WebUiBuiltInKeywords.getWindowTitle(): Current window's title is: 'Log In - Meta Stack Exchange'

2018-11-01 15:11:29 - [MESSAGE][PASSED] - Current window's title is: 'Log In - Meta Stack Exchange'

2018-11-01 15:11:29 - [TEST_STEP][PASSED] - verifyMatch: Actual text 'Log In - Meta Stack Exchange' and expected text 'Log In - Meta Stack Exchange' are matched 

2018-11-01 15:11:29 - [MESSAGE][PASSED] - Actual text 'Log In - Meta Stack Exchange' and expected text 'Log In - Meta Stack Exchange' are matched 

2018-11-01 15:11:29 - [TEST_STEP][PASSED] - verifyElementPresent: Object 'Object Repository/Test Objects/Pages/Page_Log In - Meta Stack Exchange/div_Log in to the  network of' is present

2018-11-01 15:11:29 - [MESSAGE][PASSED] - Object 'Object Repository/Test Objects/Pages/Page_Log In - Meta Stack Exchange/div_Log in to the  network of' is present

2018-11-01 15:11:29 - [TEST_STEP][PASSED] - verifyElementPresent: Object 'Object Repository/Test Objects/Pages/Page_Log In - Meta Stack Exchange/div_Google' is present

2018-11-01 15:11:29 - [MESSAGE][PASSED] - Object 'Object Repository/Test Objects/Pages/Page_Log In - Meta Stack Exchange/div_Google' is present

2018-11-01 15:11:29 - [TEST_STEP][PASSED] - verifyElementPresent: Object 'Object Repository/Test Objects/Pages/Page_Log In - Meta Stack Exchange/div_Facebook' is present

2018-11-01 15:11:29 - [MESSAGE][PASSED] - Object 'Object Repository/Test Objects/Pages/Page_Log In - Meta Stack Exchange/div_Facebook' is present

2018-11-01 15:11:29 - [TEST_STEP][PASSED] - verifyElementPresent: Object 'Object Repository/Test Objects/Pages/Page_Log In - Meta Stack Exchange/input_Email_email' is present

2018-11-01 15:11:29 - [MESSAGE][PASSED] - Object 'Object Repository/Test Objects/Pages/Page_Log In - Meta Stack Exchange/input_Email_email' is present

2018-11-01 15:11:29 - [TEST_STEP][PASSED] - verifyElementPresent: Object 'Object Repository/Test Objects/Pages/Page_Log In - Meta Stack Exchange/input_Password_password' is present

2018-11-01 15:11:29 - [MESSAGE][PASSED] - Object 'Object Repository/Test Objects/Pages/Page_Log In - Meta Stack Exchange/input_Password_password' is present

2018-11-01 15:11:29 - [TEST_STEP][PASSED] - verifyTextPresent: Text 'forgot?' is present on page 

2018-11-01 15:11:30 - [MESSAGE][PASSED] - Text 'forgot?' is present on page 

2018-11-01 15:11:30 - [TEST_STEP][PASSED] - takeScreenshot: Taking screenshot successfully

2018-11-01 15:11:30 - [MESSAGE][PASSED] - Taking screenshot successfully
[[ATTACHMENT|C:\\Users\\Ronnachai C\\Katalon Studio\\StackexchangeDemo\\Reports\\Login\\Login Test Suite\\20181101_151052\\1541059890107.png]]

2018-11-01 15:11:30 - [MESSAGE][PASSED] - Call Test Case 'Test Cases/Pages/02_Log In Page/The Log In Page is loaded successfully' successfully

2018-11-01 15:11:30 - [TEST_STEP][PASSED] - click: Object: 'Object Repository/Test Objects/Pages/Page_Log In - Meta Stack Exchange/input_forgot_submit-button' is clicked on

2018-11-01 15:11:30 - [MESSAGE][PASSED] - Object: 'Object Repository/Test Objects/Pages/Page_Log In - Meta Stack Exchange/input_forgot_submit-button' is clicked on

2018-11-01 15:11:30 - [TEST_STEP][PASSED] - verifyElementPresent: Object 'Object Repository/Test Objects/Pages/Page_Log In - Meta Stack Exchange/Data Validation/div_Email cannot be empty.' is present

2018-11-01 15:11:31 - [MESSAGE][PASSED] - Object 'Object Repository/Test Objects/Pages/Page_Log In - Meta Stack Exchange/Data Validation/div_Email cannot be empty.' is present

2018-11-01 15:11:31 - [TEST_STEP][PASSED] - verifyElementPresent: Object 'Object Repository/Test Objects/Pages/Page_Log In - Meta Stack Exchange/Data Validation/div_Password cannot be empty.' is present

2018-11-01 15:11:31 - [MESSAGE][PASSED] - Object 'Object Repository/Test Objects/Pages/Page_Log In - Meta Stack Exchange/Data Validation/div_Password cannot be empty.' is present

2018-11-01 15:11:31 - [TEST_STEP][PASSED] - takeScreenshot: Taking screenshot successfully

2018-11-01 15:11:31 - [MESSAGE][PASSED] - Taking screenshot successfully
[[ATTACHMENT|C:\\Users\\Ronnachai C\\Katalon Studio\\StackexchangeDemo\\Reports\\Login\\Login Test Suite\\20181101_151052\\1541059891265.png]]

2018-11-01 15:11:31 - [TEST_STEP][PASSED] - Start listener action : afterTestcase: Browser is closed

2018-11-01 15:11:31 - [TEST_STEP][PASSED] - closeBrowser: Browser is closed

2018-11-01 15:11:32 - [MESSAGE][PASSED] - Browser is closed]]></system-out>
         <system-err><![CDATA[]]></system-err>
      </testcase>
      <testcase name="Test Cases/Tests/Log In/TC-SIN-002 Check for empty username" classname="Test Cases/Tests/Log In/TC-SIN-002 Check for empty username" status="PASSED">
         <system-out><![CDATA[2018-11-01 15:11:34 - [TEST_CASE][PASSED] - Test Cases/Tests/Log In/TC-SIN-002 Check for empty username: Test Cases/Tests/Log In/TC-SIN-002 Check for empty username

2018-11-01 15:11:34 - [TEST_STEP][PASSED] - Start listener action : beforeTestcase: Navigate to 'https://stackexchange.com/' successfully

2018-11-01 15:11:34 - [TEST_STEP][PASSED] - openBrowser: Browser is opened with url: ''

2018-11-01 15:11:37 - [MESSAGE][PASSED] - Browser is opened with url: ''

2018-11-01 15:11:37 - [TEST_STEP][PASSED] - maximizeWindow: Current window maximized

2018-11-01 15:11:38 - [MESSAGE][PASSED] - Current window maximized

2018-11-01 15:11:38 - [TEST_STEP][PASSED] - navigateToUrl: Navigate to 'https://stackexchange.com/' successfully

2018-11-01 15:11:40 - [MESSAGE][PASSED] - Navigate to 'https://stackexchange.com/' successfully

2018-11-01 15:11:41 - [TEST_STEP][PASSED] - callTestCase: Call Test Case 'Test Cases/Pages/01_Stack Exchage Homepage/The Homepage is loaded successfully' successfully

2018-11-01 15:11:41 - [TEST_CASE][PASSED] - Test Cases/Pages/01_Stack Exchage Homepage/The Homepage is loaded successfully: Test Cases/Pages/01_Stack Exchage Homepage/The Homepage is loaded successfully

2018-11-01 15:11:41 - [TEST_STEP][PASSED] - Statement - actual_pagetitle = com.kms.katalon.core.webui.keyword.WebUiBuiltInKeywords.getWindowTitle(): Current window's title is: 'Hot Questions - Stack Exchange'

2018-11-01 15:11:41 - [MESSAGE][PASSED] - Current window's title is: 'Hot Questions - Stack Exchange'

2018-11-01 15:11:41 - [TEST_STEP][PASSED] - verifyMatch: Actual text 'Hot Questions - Stack Exchange' and expected text 'Hot Questions - Stack Exchange' are matched 

2018-11-01 15:11:41 - [MESSAGE][PASSED] - Actual text 'Hot Questions - Stack Exchange' and expected text 'Hot Questions - Stack Exchange' are matched 

2018-11-01 15:11:41 - [TEST_STEP][PASSED] - verifyElementVisible: Object 'Object Repository/Test Objects/Pages/Page_Hot Questions - Stack Exchange/header_Stack Exchange' is visible

2018-11-01 15:11:41 - [MESSAGE][PASSED] - Object 'Object Repository/Test Objects/Pages/Page_Hot Questions - Stack Exchange/header_Stack Exchange' is visible

2018-11-01 15:11:41 - [TEST_STEP][PASSED] - verifyTextPresent: Text 'Tour' is present on page 

2018-11-01 15:11:42 - [MESSAGE][PASSED] - Text 'Tour' is present on page 

2018-11-01 15:11:42 - [TEST_STEP][PASSED] - verifyTextPresent: Text 'About Us' is present on page 

2018-11-01 15:11:43 - [MESSAGE][PASSED] - Text 'About Us' is present on page 

2018-11-01 15:11:43 - [TEST_STEP][PASSED] - verifyTextPresent: Text 'Meta' is present on page 

2018-11-01 15:11:44 - [MESSAGE][PASSED] - Text 'Meta' is present on page 

2018-11-01 15:11:44 - [TEST_STEP][PASSED] - verifyElementPresent: Object 'Object Repository/Test Objects/Pages/Page_Hot Questions - Stack Exchange/input_Meta_q' is present

2018-11-01 15:11:44 - [MESSAGE][PASSED] - Object 'Object Repository/Test Objects/Pages/Page_Hot Questions - Stack Exchange/input_Meta_q' is present

2018-11-01 15:11:44 - [TEST_STEP][PASSED] - verifyTextPresent: Text 'All Sites' is present on page 

2018-11-01 15:11:45 - [MESSAGE][PASSED] - Text 'All Sites' is present on page 

2018-11-01 15:11:45 - [TEST_STEP][PASSED] - verifyTextPresent: Text 'Top Users' is present on page 

2018-11-01 15:11:46 - [MESSAGE][PASSED] - Text 'Top Users' is present on page 

2018-11-01 15:11:46 - [TEST_STEP][PASSED] - verifyTextPresent: Text 'Newsletters' is present on page 

2018-11-01 15:11:47 - [MESSAGE][PASSED] - Text 'Newsletters' is present on page 

2018-11-01 15:11:47 - [TEST_STEP][PASSED] - verifyTextPresent: Text 'Log In' is present on page 

2018-11-01 15:11:47 - [MESSAGE][PASSED] - Text 'Log In' is present on page 

2018-11-01 15:11:47 - [TEST_STEP][PASSED] - verifyTextPresent: Text 'Stack Exchange' is present on page 

2018-11-01 15:11:48 - [MESSAGE][PASSED] - Text 'Stack Exchange' is present on page 

2018-11-01 15:11:48 - [TEST_STEP][PASSED] - takeScreenshot: Taking screenshot successfully

2018-11-01 15:11:49 - [MESSAGE][PASSED] - Taking screenshot successfully
[[ATTACHMENT|C:\\Users\\Ronnachai C\\Katalon Studio\\StackexchangeDemo\\Reports\\Login\\Login Test Suite\\20181101_151052\\1541059908681.png]]

2018-11-01 15:11:49 - [MESSAGE][PASSED] - Call Test Case 'Test Cases/Pages/01_Stack Exchage Homepage/The Homepage is loaded successfully' successfully

2018-11-01 15:11:49 - [TEST_STEP][PASSED] - callTestCase: Call Test Case 'Test Cases/Pages/01_Stack Exchage Homepage/To click the login link' successfully

2018-11-01 15:11:49 - [TEST_CASE][PASSED] - Test Cases/Pages/01_Stack Exchage Homepage/To click the login link: Test Cases/Pages/01_Stack Exchage Homepage/To click the login link

2018-11-01 15:11:49 - [TEST_STEP][PASSED] - waitForElementVisible: Object 'Object Repository/Test Objects/Pages/Page_Hot Questions - Stack Exchange/header_Stack Exchange' is visible

2018-11-01 15:11:49 - [MESSAGE][PASSED] - Object 'Object Repository/Test Objects/Pages/Page_Hot Questions - Stack Exchange/header_Stack Exchange' is visible

2018-11-01 15:11:49 - [TEST_STEP][PASSED] - click: Object: 'Object Repository/Test Objects/Pages/Page_Hot Questions - Stack Exchange/a_Log In' is clicked on

2018-11-01 15:11:51 - [MESSAGE][PASSED] - Object: 'Object Repository/Test Objects/Pages/Page_Hot Questions - Stack Exchange/a_Log In' is clicked on

2018-11-01 15:11:51 - [MESSAGE][PASSED] - Call Test Case 'Test Cases/Pages/01_Stack Exchage Homepage/To click the login link' successfully

2018-11-01 15:11:51 - [TEST_STEP][PASSED] - callTestCase: Call Test Case 'Test Cases/Pages/02_Log In Page/The Log In Page is loaded successfully' successfully

2018-11-01 15:11:51 - [TEST_CASE][PASSED] - Test Cases/Pages/02_Log In Page/The Log In Page is loaded successfully: Test Cases/Pages/02_Log In Page/The Log In Page is loaded successfully

2018-11-01 15:11:51 - [TEST_STEP][PASSED] - Statement - actual_pagetitle = com.kms.katalon.core.webui.keyword.WebUiBuiltInKeywords.getWindowTitle(): Current window's title is: 'Log In - Meta Stack Exchange'

2018-11-01 15:11:51 - [MESSAGE][PASSED] - Current window's title is: 'Log In - Meta Stack Exchange'

2018-11-01 15:11:51 - [TEST_STEP][PASSED] - verifyMatch: Actual text 'Log In - Meta Stack Exchange' and expected text 'Log In - Meta Stack Exchange' are matched 

2018-11-01 15:11:51 - [MESSAGE][PASSED] - Actual text 'Log In - Meta Stack Exchange' and expected text 'Log In - Meta Stack Exchange' are matched 

2018-11-01 15:11:51 - [TEST_STEP][PASSED] - verifyElementPresent: Object 'Object Repository/Test Objects/Pages/Page_Log In - Meta Stack Exchange/div_Log in to the  network of' is present

2018-11-01 15:11:51 - [MESSAGE][PASSED] - Object 'Object Repository/Test Objects/Pages/Page_Log In - Meta Stack Exchange/div_Log in to the  network of' is present

2018-11-01 15:11:51 - [TEST_STEP][PASSED] - verifyElementPresent: Object 'Object Repository/Test Objects/Pages/Page_Log In - Meta Stack Exchange/div_Google' is present

2018-11-01 15:11:51 - [MESSAGE][PASSED] - Object 'Object Repository/Test Objects/Pages/Page_Log In - Meta Stack Exchange/div_Google' is present

2018-11-01 15:11:51 - [TEST_STEP][PASSED] - verifyElementPresent: Object 'Object Repository/Test Objects/Pages/Page_Log In - Meta Stack Exchange/div_Facebook' is present

2018-11-01 15:11:52 - [MESSAGE][PASSED] - Object 'Object Repository/Test Objects/Pages/Page_Log In - Meta Stack Exchange/div_Facebook' is present

2018-11-01 15:11:52 - [TEST_STEP][PASSED] - verifyElementPresent: Object 'Object Repository/Test Objects/Pages/Page_Log In - Meta Stack Exchange/input_Email_email' is present

2018-11-01 15:11:52 - [MESSAGE][PASSED] - Object 'Object Repository/Test Objects/Pages/Page_Log In - Meta Stack Exchange/input_Email_email' is present

2018-11-01 15:11:52 - [TEST_STEP][PASSED] - verifyElementPresent: Object 'Object Repository/Test Objects/Pages/Page_Log In - Meta Stack Exchange/input_Password_password' is present

2018-11-01 15:11:52 - [MESSAGE][PASSED] - Object 'Object Repository/Test Objects/Pages/Page_Log In - Meta Stack Exchange/input_Password_password' is present

2018-11-01 15:11:52 - [TEST_STEP][PASSED] - verifyTextPresent: Text 'forgot?' is present on page 

2018-11-01 15:11:52 - [MESSAGE][PASSED] - Text 'forgot?' is present on page 

2018-11-01 15:11:52 - [TEST_STEP][PASSED] - takeScreenshot: Taking screenshot successfully

2018-11-01 15:11:52 - [MESSAGE][PASSED] - Taking screenshot successfully
[[ATTACHMENT|C:\\Users\\Ronnachai C\\Katalon Studio\\StackexchangeDemo\\Reports\\Login\\Login Test Suite\\20181101_151052\\1541059912222.png]]

2018-11-01 15:11:52 - [MESSAGE][PASSED] - Call Test Case 'Test Cases/Pages/02_Log In Page/The Log In Page is loaded successfully' successfully

2018-11-01 15:11:52 - [TEST_STEP][PASSED] - setEncryptedText: Text ****** has been set on object 'Object Repository/Test Objects/Pages/Page_Log In - Meta Stack Exchange/input_Password_password'

2018-11-01 15:11:52 - [MESSAGE][PASSED] - Text ****** has been set on object 'Object Repository/Test Objects/Pages/Page_Log In - Meta Stack Exchange/input_Password_password'

2018-11-01 15:11:52 - [TEST_STEP][PASSED] - click: Object: 'Object Repository/Test Objects/Pages/Page_Log In - Meta Stack Exchange/input_forgot_submit-button' is clicked on

2018-11-01 15:11:53 - [MESSAGE][PASSED] - Object: 'Object Repository/Test Objects/Pages/Page_Log In - Meta Stack Exchange/input_forgot_submit-button' is clicked on

2018-11-01 15:11:53 - [TEST_STEP][PASSED] - verifyElementPresent: Object 'Object Repository/Test Objects/Pages/Page_Log In - Meta Stack Exchange/Data Validation/div_Email cannot be empty.' is present

2018-11-01 15:11:53 - [MESSAGE][PASSED] - Object 'Object Repository/Test Objects/Pages/Page_Log In - Meta Stack Exchange/Data Validation/div_Email cannot be empty.' is present

2018-11-01 15:11:53 - [TEST_STEP][PASSED] - takeScreenshot: Taking screenshot successfully

2018-11-01 15:11:53 - [MESSAGE][PASSED] - Taking screenshot successfully
[[ATTACHMENT|C:\\Users\\Ronnachai C\\Katalon Studio\\StackexchangeDemo\\Reports\\Login\\Login Test Suite\\20181101_151052\\1541059913636.png]]

2018-11-01 15:11:53 - [TEST_STEP][PASSED] - Start listener action : afterTestcase: Browser is closed

2018-11-01 15:11:53 - [TEST_STEP][PASSED] - closeBrowser: Browser is closed

2018-11-01 15:11:54 - [MESSAGE][PASSED] - Browser is closed]]></system-out>
         <system-err><![CDATA[]]></system-err>
      </testcase>
      <testcase name="Test Cases/Tests/Log In/TC-SIN-003 Check for empty password" classname="Test Cases/Tests/Log In/TC-SIN-003 Check for empty password" status="PASSED">
         <system-out><![CDATA[2018-11-01 15:11:56 - [TEST_CASE][PASSED] - Test Cases/Tests/Log In/TC-SIN-003 Check for empty password: Test Cases/Tests/Log In/TC-SIN-003 Check for empty password

2018-11-01 15:11:56 - [TEST_STEP][PASSED] - Start listener action : beforeTestcase: Navigate to 'https://stackexchange.com/' successfully

2018-11-01 15:11:56 - [TEST_STEP][PASSED] - openBrowser: Browser is opened with url: ''

2018-11-01 15:12:00 - [MESSAGE][PASSED] - Browser is opened with url: ''

2018-11-01 15:12:00 - [TEST_STEP][PASSED] - maximizeWindow: Current window maximized

2018-11-01 15:12:01 - [MESSAGE][PASSED] - Current window maximized

2018-11-01 15:12:01 - [TEST_STEP][PASSED] - navigateToUrl: Navigate to 'https://stackexchange.com/' successfully

2018-11-01 15:12:04 - [MESSAGE][PASSED] - Navigate to 'https://stackexchange.com/' successfully

2018-11-01 15:12:04 - [TEST_STEP][PASSED] - callTestCase: Call Test Case 'Test Cases/Pages/01_Stack Exchage Homepage/The Homepage is loaded successfully' successfully

2018-11-01 15:12:04 - [TEST_CASE][PASSED] - Test Cases/Pages/01_Stack Exchage Homepage/The Homepage is loaded successfully: Test Cases/Pages/01_Stack Exchage Homepage/The Homepage is loaded successfully

2018-11-01 15:12:04 - [TEST_STEP][PASSED] - Statement - actual_pagetitle = com.kms.katalon.core.webui.keyword.WebUiBuiltInKeywords.getWindowTitle(): Current window's title is: 'Hot Questions - Stack Exchange'

2018-11-01 15:12:04 - [MESSAGE][PASSED] - Current window's title is: 'Hot Questions - Stack Exchange'

2018-11-01 15:12:04 - [TEST_STEP][PASSED] - verifyMatch: Actual text 'Hot Questions - Stack Exchange' and expected text 'Hot Questions - Stack Exchange' are matched 

2018-11-01 15:12:04 - [MESSAGE][PASSED] - Actual text 'Hot Questions - Stack Exchange' and expected text 'Hot Questions - Stack Exchange' are matched 

2018-11-01 15:12:04 - [TEST_STEP][PASSED] - verifyElementVisible: Object 'Object Repository/Test Objects/Pages/Page_Hot Questions - Stack Exchange/header_Stack Exchange' is visible

2018-11-01 15:12:04 - [MESSAGE][PASSED] - Object 'Object Repository/Test Objects/Pages/Page_Hot Questions - Stack Exchange/header_Stack Exchange' is visible

2018-11-01 15:12:04 - [TEST_STEP][PASSED] - verifyTextPresent: Text 'Tour' is present on page 

2018-11-01 15:12:05 - [MESSAGE][PASSED] - Text 'Tour' is present on page 

2018-11-01 15:12:05 - [TEST_STEP][PASSED] - verifyTextPresent: Text 'About Us' is present on page 

2018-11-01 15:12:06 - [MESSAGE][PASSED] - Text 'About Us' is present on page 

2018-11-01 15:12:06 - [TEST_STEP][PASSED] - verifyTextPresent: Text 'Meta' is present on page 

2018-11-01 15:12:07 - [MESSAGE][PASSED] - Text 'Meta' is present on page 

2018-11-01 15:12:07 - [TEST_STEP][PASSED] - verifyElementPresent: Object 'Object Repository/Test Objects/Pages/Page_Hot Questions - Stack Exchange/input_Meta_q' is present

2018-11-01 15:12:07 - [MESSAGE][PASSED] - Object 'Object Repository/Test Objects/Pages/Page_Hot Questions - Stack Exchange/input_Meta_q' is present

2018-11-01 15:12:07 - [TEST_STEP][PASSED] - verifyTextPresent: Text 'All Sites' is present on page 

2018-11-01 15:12:08 - [MESSAGE][PASSED] - Text 'All Sites' is present on page 

2018-11-01 15:12:08 - [TEST_STEP][PASSED] - verifyTextPresent: Text 'Top Users' is present on page 

2018-11-01 15:12:09 - [MESSAGE][PASSED] - Text 'Top Users' is present on page 

2018-11-01 15:12:09 - [TEST_STEP][PASSED] - verifyTextPresent: Text 'Newsletters' is present on page 

2018-11-01 15:12:10 - [MESSAGE][PASSED] - Text 'Newsletters' is present on page 

2018-11-01 15:12:10 - [TEST_STEP][PASSED] - verifyTextPresent: Text 'Log In' is present on page 

2018-11-01 15:12:11 - [MESSAGE][PASSED] - Text 'Log In' is present on page 

2018-11-01 15:12:11 - [TEST_STEP][PASSED] - verifyTextPresent: Text 'Stack Exchange' is present on page 

2018-11-01 15:12:11 - [MESSAGE][PASSED] - Text 'Stack Exchange' is present on page 

2018-11-01 15:12:11 - [TEST_STEP][PASSED] - takeScreenshot: Taking screenshot successfully

2018-11-01 15:12:12 - [MESSAGE][PASSED] - Taking screenshot successfully
[[ATTACHMENT|C:\\Users\\Ronnachai C\\Katalon Studio\\StackexchangeDemo\\Reports\\Login\\Login Test Suite\\20181101_151052\\1541059932002.png]]

2018-11-01 15:12:12 - [MESSAGE][PASSED] - Call Test Case 'Test Cases/Pages/01_Stack Exchage Homepage/The Homepage is loaded successfully' successfully

2018-11-01 15:12:12 - [TEST_STEP][PASSED] - callTestCase: Call Test Case 'Test Cases/Pages/01_Stack Exchage Homepage/To click the login link' successfully

2018-11-01 15:12:12 - [TEST_CASE][PASSED] - Test Cases/Pages/01_Stack Exchage Homepage/To click the login link: Test Cases/Pages/01_Stack Exchage Homepage/To click the login link

2018-11-01 15:12:12 - [TEST_STEP][PASSED] - waitForElementVisible: Object 'Object Repository/Test Objects/Pages/Page_Hot Questions - Stack Exchange/header_Stack Exchange' is visible

2018-11-01 15:12:12 - [MESSAGE][PASSED] - Object 'Object Repository/Test Objects/Pages/Page_Hot Questions - Stack Exchange/header_Stack Exchange' is visible

2018-11-01 15:12:12 - [TEST_STEP][PASSED] - click: Object: 'Object Repository/Test Objects/Pages/Page_Hot Questions - Stack Exchange/a_Log In' is clicked on

2018-11-01 15:12:15 - [MESSAGE][PASSED] - Object: 'Object Repository/Test Objects/Pages/Page_Hot Questions - Stack Exchange/a_Log In' is clicked on

2018-11-01 15:12:15 - [MESSAGE][PASSED] - Call Test Case 'Test Cases/Pages/01_Stack Exchage Homepage/To click the login link' successfully

2018-11-01 15:12:15 - [TEST_STEP][PASSED] - callTestCase: Call Test Case 'Test Cases/Pages/02_Log In Page/The Log In Page is loaded successfully' successfully

2018-11-01 15:12:15 - [TEST_CASE][PASSED] - Test Cases/Pages/02_Log In Page/The Log In Page is loaded successfully: Test Cases/Pages/02_Log In Page/The Log In Page is loaded successfully

2018-11-01 15:12:15 - [TEST_STEP][PASSED] - Statement - actual_pagetitle = com.kms.katalon.core.webui.keyword.WebUiBuiltInKeywords.getWindowTitle(): Current window's title is: 'Log In - Meta Stack Exchange'

2018-11-01 15:12:15 - [MESSAGE][PASSED] - Current window's title is: 'Log In - Meta Stack Exchange'

2018-11-01 15:12:15 - [TEST_STEP][PASSED] - verifyMatch: Actual text 'Log In - Meta Stack Exchange' and expected text 'Log In - Meta Stack Exchange' are matched 

2018-11-01 15:12:15 - [MESSAGE][PASSED] - Actual text 'Log In - Meta Stack Exchange' and expected text 'Log In - Meta Stack Exchange' are matched 

2018-11-01 15:12:15 - [TEST_STEP][PASSED] - verifyElementPresent: Object 'Object Repository/Test Objects/Pages/Page_Log In - Meta Stack Exchange/div_Log in to the  network of' is present

2018-11-01 15:12:15 - [MESSAGE][PASSED] - Object 'Object Repository/Test Objects/Pages/Page_Log In - Meta Stack Exchange/div_Log in to the  network of' is present

2018-11-01 15:12:15 - [TEST_STEP][PASSED] - verifyElementPresent: Object 'Object Repository/Test Objects/Pages/Page_Log In - Meta Stack Exchange/div_Google' is present

2018-11-01 15:12:15 - [MESSAGE][PASSED] - Object 'Object Repository/Test Objects/Pages/Page_Log In - Meta Stack Exchange/div_Google' is present

2018-11-01 15:12:15 - [TEST_STEP][PASSED] - verifyElementPresent: Object 'Object Repository/Test Objects/Pages/Page_Log In - Meta Stack Exchange/div_Facebook' is present

2018-11-01 15:12:15 - [MESSAGE][PASSED] - Object 'Object Repository/Test Objects/Pages/Page_Log In - Meta Stack Exchange/div_Facebook' is present

2018-11-01 15:12:15 - [TEST_STEP][PASSED] - verifyElementPresent: Object 'Object Repository/Test Objects/Pages/Page_Log In - Meta Stack Exchange/input_Email_email' is present

2018-11-01 15:12:15 - [MESSAGE][PASSED] - Object 'Object Repository/Test Objects/Pages/Page_Log In - Meta Stack Exchange/input_Email_email' is present

2018-11-01 15:12:15 - [TEST_STEP][PASSED] - verifyElementPresent: Object 'Object Repository/Test Objects/Pages/Page_Log In - Meta Stack Exchange/input_Password_password' is present

2018-11-01 15:12:15 - [MESSAGE][PASSED] - Object 'Object Repository/Test Objects/Pages/Page_Log In - Meta Stack Exchange/input_Password_password' is present

2018-11-01 15:12:15 - [TEST_STEP][PASSED] - verifyTextPresent: Text 'forgot?' is present on page 

2018-11-01 15:12:15 - [MESSAGE][PASSED] - Text 'forgot?' is present on page 

2018-11-01 15:12:15 - [TEST_STEP][PASSED] - takeScreenshot: Taking screenshot successfully

2018-11-01 15:12:16 - [MESSAGE][PASSED] - Taking screenshot successfully
[[ATTACHMENT|C:\\Users\\Ronnachai C\\Katalon Studio\\StackexchangeDemo\\Reports\\Login\\Login Test Suite\\20181101_151052\\1541059935702.png]]

2018-11-01 15:12:16 - [MESSAGE][PASSED] - Call Test Case 'Test Cases/Pages/02_Log In Page/The Log In Page is loaded successfully' successfully

2018-11-01 15:12:16 - [TEST_STEP][PASSED] - setText: Text 'charnjaroen@gmail.com' is set on object 'Object Repository/Test Objects/Pages/Page_Log In - Meta Stack Exchange/input_Email_email'

2018-11-01 15:12:16 - [MESSAGE][PASSED] - Text 'charnjaroen@gmail.com' is set on object 'Object Repository/Test Objects/Pages/Page_Log In - Meta Stack Exchange/input_Email_email'

2018-11-01 15:12:16 - [TEST_STEP][PASSED] - click: Object: 'Object Repository/Test Objects/Pages/Page_Log In - Meta Stack Exchange/input_forgot_submit-button' is clicked on

2018-11-01 15:12:16 - [MESSAGE][PASSED] - Object: 'Object Repository/Test Objects/Pages/Page_Log In - Meta Stack Exchange/input_forgot_submit-button' is clicked on

2018-11-01 15:12:16 - [TEST_STEP][PASSED] - verifyElementPresent: Object 'Object Repository/Test Objects/Pages/Page_Log In - Meta Stack Exchange/Data Validation/div_Password cannot be empty.' is present

2018-11-01 15:12:17 - [MESSAGE][PASSED] - Object 'Object Repository/Test Objects/Pages/Page_Log In - Meta Stack Exchange/Data Validation/div_Password cannot be empty.' is present

2018-11-01 15:12:17 - [TEST_STEP][PASSED] - takeScreenshot: Taking screenshot successfully

2018-11-01 15:12:17 - [MESSAGE][PASSED] - Taking screenshot successfully
[[ATTACHMENT|C:\\Users\\Ronnachai C\\Katalon Studio\\StackexchangeDemo\\Reports\\Login\\Login Test Suite\\20181101_151052\\1541059937105.png]]

2018-11-01 15:12:17 - [TEST_STEP][PASSED] - Start listener action : afterTestcase: Browser is closed

2018-11-01 15:12:17 - [TEST_STEP][PASSED] - closeBrowser: Browser is closed

2018-11-01 15:12:18 - [MESSAGE][PASSED] - Browser is closed]]></system-out>
         <system-err><![CDATA[]]></system-err>
      </testcase>
      <testcase name="Test Cases/Tests/Log In/TC-SIN-004 Check for invalid username" classname="Test Cases/Tests/Log In/TC-SIN-004 Check for invalid username" status="PASSED">
         <system-out><![CDATA[2018-11-01 15:12:20 - [TEST_CASE][PASSED] - Test Cases/Tests/Log In/TC-SIN-004 Check for invalid username: Test Cases/Tests/Log In/TC-SIN-004 Check for invalid username

2018-11-01 15:12:20 - [TEST_STEP][PASSED] - Start listener action : beforeTestcase: Navigate to 'https://stackexchange.com/' successfully

2018-11-01 15:12:20 - [TEST_STEP][PASSED] - openBrowser: Browser is opened with url: ''

2018-11-01 15:12:23 - [MESSAGE][PASSED] - Browser is opened with url: ''

2018-11-01 15:12:23 - [TEST_STEP][PASSED] - maximizeWindow: Current window maximized

2018-11-01 15:12:24 - [MESSAGE][PASSED] - Current window maximized

2018-11-01 15:12:24 - [TEST_STEP][PASSED] - navigateToUrl: Navigate to 'https://stackexchange.com/' successfully

2018-11-01 15:12:27 - [MESSAGE][PASSED] - Navigate to 'https://stackexchange.com/' successfully

2018-11-01 15:12:28 - [TEST_STEP][PASSED] - callTestCase: Call Test Case 'Test Cases/Pages/01_Stack Exchage Homepage/The Homepage is loaded successfully' successfully

2018-11-01 15:12:28 - [TEST_CASE][PASSED] - Test Cases/Pages/01_Stack Exchage Homepage/The Homepage is loaded successfully: Test Cases/Pages/01_Stack Exchage Homepage/The Homepage is loaded successfully

2018-11-01 15:12:28 - [TEST_STEP][PASSED] - Statement - actual_pagetitle = com.kms.katalon.core.webui.keyword.WebUiBuiltInKeywords.getWindowTitle(): Current window's title is: 'Hot Questions - Stack Exchange'

2018-11-01 15:12:28 - [MESSAGE][PASSED] - Current window's title is: 'Hot Questions - Stack Exchange'

2018-11-01 15:12:28 - [TEST_STEP][PASSED] - verifyMatch: Actual text 'Hot Questions - Stack Exchange' and expected text 'Hot Questions - Stack Exchange' are matched 

2018-11-01 15:12:28 - [MESSAGE][PASSED] - Actual text 'Hot Questions - Stack Exchange' and expected text 'Hot Questions - Stack Exchange' are matched 

2018-11-01 15:12:28 - [TEST_STEP][PASSED] - verifyElementVisible: Object 'Object Repository/Test Objects/Pages/Page_Hot Questions - Stack Exchange/header_Stack Exchange' is visible

2018-11-01 15:12:28 - [MESSAGE][PASSED] - Object 'Object Repository/Test Objects/Pages/Page_Hot Questions - Stack Exchange/header_Stack Exchange' is visible

2018-11-01 15:12:28 - [TEST_STEP][PASSED] - verifyTextPresent: Text 'Tour' is present on page 

2018-11-01 15:12:29 - [MESSAGE][PASSED] - Text 'Tour' is present on page 

2018-11-01 15:12:29 - [TEST_STEP][PASSED] - verifyTextPresent: Text 'About Us' is present on page 

2018-11-01 15:12:30 - [MESSAGE][PASSED] - Text 'About Us' is present on page 

2018-11-01 15:12:30 - [TEST_STEP][PASSED] - verifyTextPresent: Text 'Meta' is present on page 

2018-11-01 15:12:31 - [MESSAGE][PASSED] - Text 'Meta' is present on page 

2018-11-01 15:12:31 - [TEST_STEP][PASSED] - verifyElementPresent: Object 'Object Repository/Test Objects/Pages/Page_Hot Questions - Stack Exchange/input_Meta_q' is present

2018-11-01 15:12:31 - [MESSAGE][PASSED] - Object 'Object Repository/Test Objects/Pages/Page_Hot Questions - Stack Exchange/input_Meta_q' is present

2018-11-01 15:12:31 - [TEST_STEP][PASSED] - verifyTextPresent: Text 'All Sites' is present on page 

2018-11-01 15:12:32 - [MESSAGE][PASSED] - Text 'All Sites' is present on page 

2018-11-01 15:12:32 - [TEST_STEP][PASSED] - verifyTextPresent: Text 'Top Users' is present on page 

2018-11-01 15:12:33 - [MESSAGE][PASSED] - Text 'Top Users' is present on page 

2018-11-01 15:12:33 - [TEST_STEP][PASSED] - verifyTextPresent: Text 'Newsletters' is present on page 

2018-11-01 15:12:34 - [MESSAGE][PASSED] - Text 'Newsletters' is present on page 

2018-11-01 15:12:34 - [TEST_STEP][PASSED] - verifyTextPresent: Text 'Log In' is present on page 

2018-11-01 15:12:35 - [MESSAGE][PASSED] - Text 'Log In' is present on page 

2018-11-01 15:12:35 - [TEST_STEP][PASSED] - verifyTextPresent: Text 'Stack Exchange' is present on page 

2018-11-01 15:12:36 - [MESSAGE][PASSED] - Text 'Stack Exchange' is present on page 

2018-11-01 15:12:36 - [TEST_STEP][PASSED] - takeScreenshot: Taking screenshot successfully

2018-11-01 15:12:37 - [MESSAGE][PASSED] - Taking screenshot successfully
[[ATTACHMENT|C:\\Users\\Ronnachai C\\Katalon Studio\\StackexchangeDemo\\Reports\\Login\\Login Test Suite\\20181101_151052\\1541059956761.png]]

2018-11-01 15:12:37 - [MESSAGE][PASSED] - Call Test Case 'Test Cases/Pages/01_Stack Exchage Homepage/The Homepage is loaded successfully' successfully

2018-11-01 15:12:37 - [TEST_STEP][PASSED] - callTestCase: Call Test Case 'Test Cases/Pages/01_Stack Exchage Homepage/To click the login link' successfully

2018-11-01 15:12:37 - [TEST_CASE][PASSED] - Test Cases/Pages/01_Stack Exchage Homepage/To click the login link: Test Cases/Pages/01_Stack Exchage Homepage/To click the login link

2018-11-01 15:12:37 - [TEST_STEP][PASSED] - waitForElementVisible: Object 'Object Repository/Test Objects/Pages/Page_Hot Questions - Stack Exchange/header_Stack Exchange' is visible

2018-11-01 15:12:37 - [MESSAGE][PASSED] - Object 'Object Repository/Test Objects/Pages/Page_Hot Questions - Stack Exchange/header_Stack Exchange' is visible

2018-11-01 15:12:37 - [TEST_STEP][PASSED] - click: Object: 'Object Repository/Test Objects/Pages/Page_Hot Questions - Stack Exchange/a_Log In' is clicked on

2018-11-01 15:12:40 - [MESSAGE][PASSED] - Object: 'Object Repository/Test Objects/Pages/Page_Hot Questions - Stack Exchange/a_Log In' is clicked on

2018-11-01 15:12:40 - [MESSAGE][PASSED] - Call Test Case 'Test Cases/Pages/01_Stack Exchage Homepage/To click the login link' successfully

2018-11-01 15:12:40 - [TEST_STEP][PASSED] - callTestCase: Call Test Case 'Test Cases/Pages/02_Log In Page/The Log In Page is loaded successfully' successfully

2018-11-01 15:12:40 - [TEST_CASE][PASSED] - Test Cases/Pages/02_Log In Page/The Log In Page is loaded successfully: Test Cases/Pages/02_Log In Page/The Log In Page is loaded successfully

2018-11-01 15:12:40 - [TEST_STEP][PASSED] - Statement - actual_pagetitle = com.kms.katalon.core.webui.keyword.WebUiBuiltInKeywords.getWindowTitle(): Current window's title is: 'Log In - Meta Stack Exchange'

2018-11-01 15:12:40 - [MESSAGE][PASSED] - Current window's title is: 'Log In - Meta Stack Exchange'

2018-11-01 15:12:40 - [TEST_STEP][PASSED] - verifyMatch: Actual text 'Log In - Meta Stack Exchange' and expected text 'Log In - Meta Stack Exchange' are matched 

2018-11-01 15:12:40 - [MESSAGE][PASSED] - Actual text 'Log In - Meta Stack Exchange' and expected text 'Log In - Meta Stack Exchange' are matched 

2018-11-01 15:12:40 - [TEST_STEP][PASSED] - verifyElementPresent: Object 'Object Repository/Test Objects/Pages/Page_Log In - Meta Stack Exchange/div_Log in to the  network of' is present

2018-11-01 15:12:40 - [MESSAGE][PASSED] - Object 'Object Repository/Test Objects/Pages/Page_Log In - Meta Stack Exchange/div_Log in to the  network of' is present

2018-11-01 15:12:40 - [TEST_STEP][PASSED] - verifyElementPresent: Object 'Object Repository/Test Objects/Pages/Page_Log In - Meta Stack Exchange/div_Google' is present

2018-11-01 15:12:40 - [MESSAGE][PASSED] - Object 'Object Repository/Test Objects/Pages/Page_Log In - Meta Stack Exchange/div_Google' is present

2018-11-01 15:12:40 - [TEST_STEP][PASSED] - verifyElementPresent: Object 'Object Repository/Test Objects/Pages/Page_Log In - Meta Stack Exchange/div_Facebook' is present

2018-11-01 15:12:40 - [MESSAGE][PASSED] - Object 'Object Repository/Test Objects/Pages/Page_Log In - Meta Stack Exchange/div_Facebook' is present

2018-11-01 15:12:40 - [TEST_STEP][PASSED] - verifyElementPresent: Object 'Object Repository/Test Objects/Pages/Page_Log In - Meta Stack Exchange/input_Email_email' is present

2018-11-01 15:12:40 - [MESSAGE][PASSED] - Object 'Object Repository/Test Objects/Pages/Page_Log In - Meta Stack Exchange/input_Email_email' is present

2018-11-01 15:12:40 - [TEST_STEP][PASSED] - verifyElementPresent: Object 'Object Repository/Test Objects/Pages/Page_Log In - Meta Stack Exchange/input_Password_password' is present

2018-11-01 15:12:40 - [MESSAGE][PASSED] - Object 'Object Repository/Test Objects/Pages/Page_Log In - Meta Stack Exchange/input_Password_password' is present

2018-11-01 15:12:40 - [TEST_STEP][PASSED] - verifyTextPresent: Text 'forgot?' is present on page 

2018-11-01 15:12:40 - [MESSAGE][PASSED] - Text 'forgot?' is present on page 

2018-11-01 15:12:40 - [TEST_STEP][PASSED] - takeScreenshot: Taking screenshot successfully

2018-11-01 15:12:41 - [MESSAGE][PASSED] - Taking screenshot successfully
[[ATTACHMENT|C:\\Users\\Ronnachai C\\Katalon Studio\\StackexchangeDemo\\Reports\\Login\\Login Test Suite\\20181101_151052\\1541059960799.png]]

2018-11-01 15:12:41 - [MESSAGE][PASSED] - Call Test Case 'Test Cases/Pages/02_Log In Page/The Log In Page is loaded successfully' successfully

2018-11-01 15:12:41 - [TEST_STEP][PASSED] - setText: Text 'charnjaroen' is set on object 'Object Repository/Test Objects/Pages/Page_Log In - Meta Stack Exchange/input_Email_email'

2018-11-01 15:12:41 - [MESSAGE][PASSED] - Text 'charnjaroen' is set on object 'Object Repository/Test Objects/Pages/Page_Log In - Meta Stack Exchange/input_Email_email'

2018-11-01 15:12:41 - [TEST_STEP][PASSED] - setEncryptedText: Text ****** has been set on object 'Object Repository/Test Objects/Pages/Page_Log In - Meta Stack Exchange/input_Password_password'

2018-11-01 15:12:41 - [MESSAGE][PASSED] - Text ****** has been set on object 'Object Repository/Test Objects/Pages/Page_Log In - Meta Stack Exchange/input_Password_password'

2018-11-01 15:12:41 - [TEST_STEP][PASSED] - click: Object: 'Object Repository/Test Objects/Pages/Page_Log In - Meta Stack Exchange/input_forgot_submit-button' is clicked on

2018-11-01 15:12:41 - [MESSAGE][PASSED] - Object: 'Object Repository/Test Objects/Pages/Page_Log In - Meta Stack Exchange/input_forgot_submit-button' is clicked on

2018-11-01 15:12:41 - [TEST_STEP][PASSED] - verifyElementPresent: Object 'Object Repository/Test Objects/Pages/Page_Log In - Meta Stack Exchange/Data Validation/div_The email is not a valid e' is present

2018-11-01 15:12:42 - [MESSAGE][PASSED] - Object 'Object Repository/Test Objects/Pages/Page_Log In - Meta Stack Exchange/Data Validation/div_The email is not a valid e' is present

2018-11-01 15:12:42 - [TEST_STEP][PASSED] - takeScreenshot: Taking screenshot successfully

2018-11-01 15:12:43 - [MESSAGE][PASSED] - Taking screenshot successfully
[[ATTACHMENT|C:\\Users\\Ronnachai C\\Katalon Studio\\StackexchangeDemo\\Reports\\Login\\Login Test Suite\\20181101_151052\\1541059962983.png]]

2018-11-01 15:12:43 - [TEST_STEP][PASSED] - Start listener action : afterTestcase: Browser is closed

2018-11-01 15:12:43 - [TEST_STEP][PASSED] - closeBrowser: Browser is closed

2018-11-01 15:12:44 - [MESSAGE][PASSED] - Browser is closed]]></system-out>
         <system-err><![CDATA[]]></system-err>
      </testcase>
      <testcase name="Test Cases/Tests/Log In/TC-SIN-005 Check for invalid password" classname="Test Cases/Tests/Log In/TC-SIN-005 Check for invalid password" status="PASSED">
         <system-out><![CDATA[2018-11-01 15:12:46 - [TEST_CASE][PASSED] - Test Cases/Tests/Log In/TC-SIN-005 Check for invalid password: Test Cases/Tests/Log In/TC-SIN-005 Check for invalid password

2018-11-01 15:12:46 - [TEST_STEP][PASSED] - Start listener action : beforeTestcase: Navigate to 'https://stackexchange.com/' successfully

2018-11-01 15:12:46 - [TEST_STEP][PASSED] - openBrowser: Browser is opened with url: ''

2018-11-01 15:12:48 - [MESSAGE][PASSED] - Browser is opened with url: ''

2018-11-01 15:12:48 - [TEST_STEP][PASSED] - maximizeWindow: Current window maximized

2018-11-01 15:12:50 - [MESSAGE][PASSED] - Current window maximized

2018-11-01 15:12:50 - [TEST_STEP][PASSED] - navigateToUrl: Navigate to 'https://stackexchange.com/' successfully

2018-11-01 15:12:52 - [MESSAGE][PASSED] - Navigate to 'https://stackexchange.com/' successfully

2018-11-01 15:12:53 - [TEST_STEP][PASSED] - callTestCase: Call Test Case 'Test Cases/Pages/01_Stack Exchage Homepage/The Homepage is loaded successfully' successfully

2018-11-01 15:12:53 - [TEST_CASE][PASSED] - Test Cases/Pages/01_Stack Exchage Homepage/The Homepage is loaded successfully: Test Cases/Pages/01_Stack Exchage Homepage/The Homepage is loaded successfully

2018-11-01 15:12:53 - [TEST_STEP][PASSED] - Statement - actual_pagetitle = com.kms.katalon.core.webui.keyword.WebUiBuiltInKeywords.getWindowTitle(): Current window's title is: 'Hot Questions - Stack Exchange'

2018-11-01 15:12:53 - [MESSAGE][PASSED] - Current window's title is: 'Hot Questions - Stack Exchange'

2018-11-01 15:12:53 - [TEST_STEP][PASSED] - verifyMatch: Actual text 'Hot Questions - Stack Exchange' and expected text 'Hot Questions - Stack Exchange' are matched 

2018-11-01 15:12:53 - [MESSAGE][PASSED] - Actual text 'Hot Questions - Stack Exchange' and expected text 'Hot Questions - Stack Exchange' are matched 

2018-11-01 15:12:53 - [TEST_STEP][PASSED] - verifyElementVisible: Object 'Object Repository/Test Objects/Pages/Page_Hot Questions - Stack Exchange/header_Stack Exchange' is visible

2018-11-01 15:12:53 - [MESSAGE][PASSED] - Object 'Object Repository/Test Objects/Pages/Page_Hot Questions - Stack Exchange/header_Stack Exchange' is visible

2018-11-01 15:12:53 - [TEST_STEP][PASSED] - verifyTextPresent: Text 'Tour' is present on page 

2018-11-01 15:12:54 - [MESSAGE][PASSED] - Text 'Tour' is present on page 

2018-11-01 15:12:54 - [TEST_STEP][PASSED] - verifyTextPresent: Text 'About Us' is present on page 

2018-11-01 15:12:55 - [MESSAGE][PASSED] - Text 'About Us' is present on page 

2018-11-01 15:12:55 - [TEST_STEP][PASSED] - verifyTextPresent: Text 'Meta' is present on page 

2018-11-01 15:12:56 - [MESSAGE][PASSED] - Text 'Meta' is present on page 

2018-11-01 15:12:56 - [TEST_STEP][PASSED] - verifyElementPresent: Object 'Object Repository/Test Objects/Pages/Page_Hot Questions - Stack Exchange/input_Meta_q' is present

2018-11-01 15:12:56 - [MESSAGE][PASSED] - Object 'Object Repository/Test Objects/Pages/Page_Hot Questions - Stack Exchange/input_Meta_q' is present

2018-11-01 15:12:56 - [TEST_STEP][PASSED] - verifyTextPresent: Text 'All Sites' is present on page 

2018-11-01 15:12:57 - [MESSAGE][PASSED] - Text 'All Sites' is present on page 

2018-11-01 15:12:57 - [TEST_STEP][PASSED] - verifyTextPresent: Text 'Top Users' is present on page 

2018-11-01 15:12:58 - [MESSAGE][PASSED] - Text 'Top Users' is present on page 

2018-11-01 15:12:58 - [TEST_STEP][PASSED] - verifyTextPresent: Text 'Newsletters' is present on page 

2018-11-01 15:12:59 - [MESSAGE][PASSED] - Text 'Newsletters' is present on page 

2018-11-01 15:12:59 - [TEST_STEP][PASSED] - verifyTextPresent: Text 'Log In' is present on page 

2018-11-01 15:13:00 - [MESSAGE][PASSED] - Text 'Log In' is present on page 

2018-11-01 15:13:00 - [TEST_STEP][PASSED] - verifyTextPresent: Text 'Stack Exchange' is present on page 

2018-11-01 15:13:00 - [MESSAGE][PASSED] - Text 'Stack Exchange' is present on page 

2018-11-01 15:13:00 - [TEST_STEP][PASSED] - takeScreenshot: Taking screenshot successfully

2018-11-01 15:13:01 - [MESSAGE][PASSED] - Taking screenshot successfully
[[ATTACHMENT|C:\\Users\\Ronnachai C\\Katalon Studio\\StackexchangeDemo\\Reports\\Login\\Login Test Suite\\20181101_151052\\1541059980796.png]]

2018-11-01 15:13:01 - [MESSAGE][PASSED] - Call Test Case 'Test Cases/Pages/01_Stack Exchage Homepage/The Homepage is loaded successfully' successfully

2018-11-01 15:13:01 - [TEST_STEP][PASSED] - callTestCase: Call Test Case 'Test Cases/Pages/01_Stack Exchage Homepage/To click the login link' successfully

2018-11-01 15:13:01 - [TEST_CASE][PASSED] - Test Cases/Pages/01_Stack Exchage Homepage/To click the login link: Test Cases/Pages/01_Stack Exchage Homepage/To click the login link

2018-11-01 15:13:01 - [TEST_STEP][PASSED] - waitForElementVisible: Object 'Object Repository/Test Objects/Pages/Page_Hot Questions - Stack Exchange/header_Stack Exchange' is visible

2018-11-01 15:13:01 - [MESSAGE][PASSED] - Object 'Object Repository/Test Objects/Pages/Page_Hot Questions - Stack Exchange/header_Stack Exchange' is visible

2018-11-01 15:13:01 - [TEST_STEP][PASSED] - click: Object: 'Object Repository/Test Objects/Pages/Page_Hot Questions - Stack Exchange/a_Log In' is clicked on

2018-11-01 15:13:03 - [MESSAGE][PASSED] - Object: 'Object Repository/Test Objects/Pages/Page_Hot Questions - Stack Exchange/a_Log In' is clicked on

2018-11-01 15:13:03 - [MESSAGE][PASSED] - Call Test Case 'Test Cases/Pages/01_Stack Exchage Homepage/To click the login link' successfully

2018-11-01 15:13:03 - [TEST_STEP][PASSED] - callTestCase: Call Test Case 'Test Cases/Pages/02_Log In Page/The Log In Page is loaded successfully' successfully

2018-11-01 15:13:03 - [TEST_CASE][PASSED] - Test Cases/Pages/02_Log In Page/The Log In Page is loaded successfully: Test Cases/Pages/02_Log In Page/The Log In Page is loaded successfully

2018-11-01 15:13:03 - [TEST_STEP][PASSED] - Statement - actual_pagetitle = com.kms.katalon.core.webui.keyword.WebUiBuiltInKeywords.getWindowTitle(): Current window's title is: 'Log In - Meta Stack Exchange'

2018-11-01 15:13:03 - [MESSAGE][PASSED] - Current window's title is: 'Log In - Meta Stack Exchange'

2018-11-01 15:13:03 - [TEST_STEP][PASSED] - verifyMatch: Actual text 'Log In - Meta Stack Exchange' and expected text 'Log In - Meta Stack Exchange' are matched 

2018-11-01 15:13:03 - [MESSAGE][PASSED] - Actual text 'Log In - Meta Stack Exchange' and expected text 'Log In - Meta Stack Exchange' are matched 

2018-11-01 15:13:03 - [TEST_STEP][PASSED] - verifyElementPresent: Object 'Object Repository/Test Objects/Pages/Page_Log In - Meta Stack Exchange/div_Log in to the  network of' is present

2018-11-01 15:13:03 - [MESSAGE][PASSED] - Object 'Object Repository/Test Objects/Pages/Page_Log In - Meta Stack Exchange/div_Log in to the  network of' is present

2018-11-01 15:13:03 - [TEST_STEP][PASSED] - verifyElementPresent: Object 'Object Repository/Test Objects/Pages/Page_Log In - Meta Stack Exchange/div_Google' is present

2018-11-01 15:13:03 - [MESSAGE][PASSED] - Object 'Object Repository/Test Objects/Pages/Page_Log In - Meta Stack Exchange/div_Google' is present

2018-11-01 15:13:03 - [TEST_STEP][PASSED] - verifyElementPresent: Object 'Object Repository/Test Objects/Pages/Page_Log In - Meta Stack Exchange/div_Facebook' is present

2018-11-01 15:13:03 - [MESSAGE][PASSED] - Object 'Object Repository/Test Objects/Pages/Page_Log In - Meta Stack Exchange/div_Facebook' is present

2018-11-01 15:13:03 - [TEST_STEP][PASSED] - verifyElementPresent: Object 'Object Repository/Test Objects/Pages/Page_Log In - Meta Stack Exchange/input_Email_email' is present

2018-11-01 15:13:04 - [MESSAGE][PASSED] - Object 'Object Repository/Test Objects/Pages/Page_Log In - Meta Stack Exchange/input_Email_email' is present

2018-11-01 15:13:04 - [TEST_STEP][PASSED] - verifyElementPresent: Object 'Object Repository/Test Objects/Pages/Page_Log In - Meta Stack Exchange/input_Password_password' is present

2018-11-01 15:13:04 - [MESSAGE][PASSED] - Object 'Object Repository/Test Objects/Pages/Page_Log In - Meta Stack Exchange/input_Password_password' is present

2018-11-01 15:13:04 - [TEST_STEP][PASSED] - verifyTextPresent: Text 'forgot?' is present on page 

2018-11-01 15:13:04 - [MESSAGE][PASSED] - Text 'forgot?' is present on page 

2018-11-01 15:13:04 - [TEST_STEP][PASSED] - takeScreenshot: Taking screenshot successfully

2018-11-01 15:13:04 - [MESSAGE][PASSED] - Taking screenshot successfully
[[ATTACHMENT|C:\\Users\\Ronnachai C\\Katalon Studio\\StackexchangeDemo\\Reports\\Login\\Login Test Suite\\20181101_151052\\1541059984205.png]]

2018-11-01 15:13:04 - [MESSAGE][PASSED] - Call Test Case 'Test Cases/Pages/02_Log In Page/The Log In Page is loaded successfully' successfully

2018-11-01 15:13:04 - [TEST_STEP][PASSED] - setText: Text 'charnjaroen@gmail.com' is set on object 'Object Repository/Test Objects/Pages/Page_Log In - Meta Stack Exchange/input_Email_email'

2018-11-01 15:13:04 - [MESSAGE][PASSED] - Text 'charnjaroen@gmail.com' is set on object 'Object Repository/Test Objects/Pages/Page_Log In - Meta Stack Exchange/input_Email_email'

2018-11-01 15:13:04 - [TEST_STEP][PASSED] - setEncryptedText: Text ****** has been set on object 'Object Repository/Test Objects/Pages/Page_Log In - Meta Stack Exchange/input_Password_password'

2018-11-01 15:13:04 - [MESSAGE][PASSED] - Text ****** has been set on object 'Object Repository/Test Objects/Pages/Page_Log In - Meta Stack Exchange/input_Password_password'

2018-11-01 15:13:04 - [TEST_STEP][PASSED] - click: Object: 'Object Repository/Test Objects/Pages/Page_Log In - Meta Stack Exchange/input_forgot_submit-button' is clicked on

2018-11-01 15:13:05 - [MESSAGE][PASSED] - Object: 'Object Repository/Test Objects/Pages/Page_Log In - Meta Stack Exchange/input_forgot_submit-button' is clicked on

2018-11-01 15:13:05 - [TEST_STEP][PASSED] - verifyElementPresent: Object 'Object Repository/Test Objects/Pages/Page_Log In - Meta Stack Exchange/Data Validation/div_The email or password is i' is present

2018-11-01 15:13:06 - [MESSAGE][PASSED] - Object 'Object Repository/Test Objects/Pages/Page_Log In - Meta Stack Exchange/Data Validation/div_The email or password is i' is present

2018-11-01 15:13:06 - [TEST_STEP][PASSED] - takeScreenshot: Taking screenshot successfully

2018-11-01 15:13:06 - [MESSAGE][PASSED] - Taking screenshot successfully
[[ATTACHMENT|C:\\Users\\Ronnachai C\\Katalon Studio\\StackexchangeDemo\\Reports\\Login\\Login Test Suite\\20181101_151052\\1541059986366.png]]

2018-11-01 15:13:06 - [TEST_STEP][PASSED] - Start listener action : afterTestcase: Browser is closed

2018-11-01 15:13:06 - [TEST_STEP][PASSED] - closeBrowser: Browser is closed

2018-11-01 15:13:07 - [MESSAGE][PASSED] - Browser is closed]]></system-out>
         <system-err><![CDATA[]]></system-err>
      </testcase>
      <testcase name="Test Cases/Tests/Log In/TC-SIN-006 Check for valid username and password via stackexchange" classname="Test Cases/Tests/Log In/TC-SIN-006 Check for valid username and password via stackexchange" status="PASSED">
         <system-out><![CDATA[2018-11-01 15:13:09 - [TEST_CASE][PASSED] - Test Cases/Tests/Log In/TC-SIN-006 Check for valid username and password via stackexchange: Test Cases/Tests/Log In/TC-SIN-006 Check for valid username and password via stackexchange

2018-11-01 15:13:09 - [TEST_STEP][PASSED] - Start listener action : beforeTestcase: Navigate to 'https://stackexchange.com/' successfully

2018-11-01 15:13:09 - [TEST_STEP][PASSED] - openBrowser: Browser is opened with url: ''

2018-11-01 15:13:12 - [MESSAGE][PASSED] - Browser is opened with url: ''

2018-11-01 15:13:12 - [TEST_STEP][PASSED] - maximizeWindow: Current window maximized

2018-11-01 15:13:13 - [MESSAGE][PASSED] - Current window maximized

2018-11-01 15:13:13 - [TEST_STEP][PASSED] - navigateToUrl: Navigate to 'https://stackexchange.com/' successfully

2018-11-01 15:13:16 - [MESSAGE][PASSED] - Navigate to 'https://stackexchange.com/' successfully

2018-11-01 15:13:16 - [TEST_STEP][PASSED] - callTestCase: Call Test Case 'Test Cases/Pages/01_Stack Exchage Homepage/The Homepage is loaded successfully' successfully

2018-11-01 15:13:16 - [TEST_CASE][PASSED] - Test Cases/Pages/01_Stack Exchage Homepage/The Homepage is loaded successfully: Test Cases/Pages/01_Stack Exchage Homepage/The Homepage is loaded successfully

2018-11-01 15:13:16 - [TEST_STEP][PASSED] - Statement - actual_pagetitle = com.kms.katalon.core.webui.keyword.WebUiBuiltInKeywords.getWindowTitle(): Current window's title is: 'Hot Questions - Stack Exchange'

2018-11-01 15:13:16 - [MESSAGE][PASSED] - Current window's title is: 'Hot Questions - Stack Exchange'

2018-11-01 15:13:16 - [TEST_STEP][PASSED] - verifyMatch: Actual text 'Hot Questions - Stack Exchange' and expected text 'Hot Questions - Stack Exchange' are matched 

2018-11-01 15:13:16 - [MESSAGE][PASSED] - Actual text 'Hot Questions - Stack Exchange' and expected text 'Hot Questions - Stack Exchange' are matched 

2018-11-01 15:13:16 - [TEST_STEP][PASSED] - verifyElementVisible: Object 'Object Repository/Test Objects/Pages/Page_Hot Questions - Stack Exchange/header_Stack Exchange' is visible

2018-11-01 15:13:16 - [MESSAGE][PASSED] - Object 'Object Repository/Test Objects/Pages/Page_Hot Questions - Stack Exchange/header_Stack Exchange' is visible

2018-11-01 15:13:16 - [TEST_STEP][PASSED] - verifyTextPresent: Text 'Tour' is present on page 

2018-11-01 15:13:18 - [MESSAGE][PASSED] - Text 'Tour' is present on page 

2018-11-01 15:13:18 - [TEST_STEP][PASSED] - verifyTextPresent: Text 'About Us' is present on page 

2018-11-01 15:13:20 - [MESSAGE][PASSED] - Text 'About Us' is present on page 

2018-11-01 15:13:20 - [TEST_STEP][PASSED] - verifyTextPresent: Text 'Meta' is present on page 

2018-11-01 15:13:22 - [MESSAGE][PASSED] - Text 'Meta' is present on page 

2018-11-01 15:13:22 - [TEST_STEP][PASSED] - verifyElementPresent: Object 'Object Repository/Test Objects/Pages/Page_Hot Questions - Stack Exchange/input_Meta_q' is present

2018-11-01 15:13:22 - [MESSAGE][PASSED] - Object 'Object Repository/Test Objects/Pages/Page_Hot Questions - Stack Exchange/input_Meta_q' is present

2018-11-01 15:13:22 - [TEST_STEP][PASSED] - verifyTextPresent: Text 'All Sites' is present on page 

2018-11-01 15:13:23 - [MESSAGE][PASSED] - Text 'All Sites' is present on page 

2018-11-01 15:13:23 - [TEST_STEP][PASSED] - verifyTextPresent: Text 'Top Users' is present on page 

2018-11-01 15:13:25 - [MESSAGE][PASSED] - Text 'Top Users' is present on page 

2018-11-01 15:13:25 - [TEST_STEP][PASSED] - verifyTextPresent: Text 'Newsletters' is present on page 

2018-11-01 15:13:26 - [MESSAGE][PASSED] - Text 'Newsletters' is present on page 

2018-11-01 15:13:26 - [TEST_STEP][PASSED] - verifyTextPresent: Text 'Log In' is present on page 

2018-11-01 15:13:28 - [MESSAGE][PASSED] - Text 'Log In' is present on page 

2018-11-01 15:13:28 - [TEST_STEP][PASSED] - verifyTextPresent: Text 'Stack Exchange' is present on page 

2018-11-01 15:13:29 - [MESSAGE][PASSED] - Text 'Stack Exchange' is present on page 

2018-11-01 15:13:29 - [TEST_STEP][PASSED] - takeScreenshot: Taking screenshot successfully

2018-11-01 15:13:29 - [MESSAGE][PASSED] - Taking screenshot successfully
[[ATTACHMENT|C:\\Users\\Ronnachai C\\Katalon Studio\\StackexchangeDemo\\Reports\\Login\\Login Test Suite\\20181101_151052\\1541060009329.png]]

2018-11-01 15:13:29 - [MESSAGE][PASSED] - Call Test Case 'Test Cases/Pages/01_Stack Exchage Homepage/The Homepage is loaded successfully' successfully

2018-11-01 15:13:29 - [TEST_STEP][PASSED] - callTestCase: Call Test Case 'Test Cases/Pages/01_Stack Exchage Homepage/To click the login link' successfully

2018-11-01 15:13:29 - [TEST_CASE][PASSED] - Test Cases/Pages/01_Stack Exchage Homepage/To click the login link: Test Cases/Pages/01_Stack Exchage Homepage/To click the login link

2018-11-01 15:13:29 - [TEST_STEP][PASSED] - waitForElementVisible: Object 'Object Repository/Test Objects/Pages/Page_Hot Questions - Stack Exchange/header_Stack Exchange' is visible

2018-11-01 15:13:29 - [MESSAGE][PASSED] - Object 'Object Repository/Test Objects/Pages/Page_Hot Questions - Stack Exchange/header_Stack Exchange' is visible

2018-11-01 15:13:29 - [TEST_STEP][PASSED] - click: Object: 'Object Repository/Test Objects/Pages/Page_Hot Questions - Stack Exchange/a_Log In' is clicked on

2018-11-01 15:13:32 - [MESSAGE][PASSED] - Object: 'Object Repository/Test Objects/Pages/Page_Hot Questions - Stack Exchange/a_Log In' is clicked on

2018-11-01 15:13:32 - [MESSAGE][PASSED] - Call Test Case 'Test Cases/Pages/01_Stack Exchage Homepage/To click the login link' successfully

2018-11-01 15:13:32 - [TEST_STEP][PASSED] - callTestCase: Call Test Case 'Test Cases/Pages/02_Log In Page/The Log In Page is loaded successfully' successfully

2018-11-01 15:13:32 - [TEST_CASE][PASSED] - Test Cases/Pages/02_Log In Page/The Log In Page is loaded successfully: Test Cases/Pages/02_Log In Page/The Log In Page is loaded successfully

2018-11-01 15:13:32 - [TEST_STEP][PASSED] - Statement - actual_pagetitle = com.kms.katalon.core.webui.keyword.WebUiBuiltInKeywords.getWindowTitle(): Current window's title is: 'Log In - Meta Stack Exchange'

2018-11-01 15:13:32 - [MESSAGE][PASSED] - Current window's title is: 'Log In - Meta Stack Exchange'

2018-11-01 15:13:32 - [TEST_STEP][PASSED] - verifyMatch: Actual text 'Log In - Meta Stack Exchange' and expected text 'Log In - Meta Stack Exchange' are matched 

2018-11-01 15:13:32 - [MESSAGE][PASSED] - Actual text 'Log In - Meta Stack Exchange' and expected text 'Log In - Meta Stack Exchange' are matched 

2018-11-01 15:13:32 - [TEST_STEP][PASSED] - verifyElementPresent: Object 'Object Repository/Test Objects/Pages/Page_Log In - Meta Stack Exchange/div_Log in to the  network of' is present

2018-11-01 15:13:32 - [MESSAGE][PASSED] - Object 'Object Repository/Test Objects/Pages/Page_Log In - Meta Stack Exchange/div_Log in to the  network of' is present

2018-11-01 15:13:32 - [TEST_STEP][PASSED] - verifyElementPresent: Object 'Object Repository/Test Objects/Pages/Page_Log In - Meta Stack Exchange/div_Google' is present

2018-11-01 15:13:32 - [MESSAGE][PASSED] - Object 'Object Repository/Test Objects/Pages/Page_Log In - Meta Stack Exchange/div_Google' is present

2018-11-01 15:13:32 - [TEST_STEP][PASSED] - verifyElementPresent: Object 'Object Repository/Test Objects/Pages/Page_Log In - Meta Stack Exchange/div_Facebook' is present

2018-11-01 15:13:32 - [MESSAGE][PASSED] - Object 'Object Repository/Test Objects/Pages/Page_Log In - Meta Stack Exchange/div_Facebook' is present

2018-11-01 15:13:32 - [TEST_STEP][PASSED] - verifyElementPresent: Object 'Object Repository/Test Objects/Pages/Page_Log In - Meta Stack Exchange/input_Email_email' is present

2018-11-01 15:13:32 - [MESSAGE][PASSED] - Object 'Object Repository/Test Objects/Pages/Page_Log In - Meta Stack Exchange/input_Email_email' is present

2018-11-01 15:13:32 - [TEST_STEP][PASSED] - verifyElementPresent: Object 'Object Repository/Test Objects/Pages/Page_Log In - Meta Stack Exchange/input_Password_password' is present

2018-11-01 15:13:32 - [MESSAGE][PASSED] - Object 'Object Repository/Test Objects/Pages/Page_Log In - Meta Stack Exchange/input_Password_password' is present

2018-11-01 15:13:32 - [TEST_STEP][PASSED] - verifyTextPresent: Text 'forgot?' is present on page 

2018-11-01 15:13:32 - [MESSAGE][PASSED] - Text 'forgot?' is present on page 

2018-11-01 15:13:32 - [TEST_STEP][PASSED] - takeScreenshot: Taking screenshot successfully

2018-11-01 15:13:33 - [MESSAGE][PASSED] - Taking screenshot successfully
[[ATTACHMENT|C:\\Users\\Ronnachai C\\Katalon Studio\\StackexchangeDemo\\Reports\\Login\\Login Test Suite\\20181101_151052\\1541060012940.png]]

2018-11-01 15:13:33 - [MESSAGE][PASSED] - Call Test Case 'Test Cases/Pages/02_Log In Page/The Log In Page is loaded successfully' successfully

2018-11-01 15:13:33 - [TEST_STEP][PASSED] - setText: Text 'mr.ronnachai.c@gmail.com' is set on object 'Object Repository/Test Objects/Pages/Page_Log In - Meta Stack Exchange/input_Email_email'

2018-11-01 15:13:34 - [MESSAGE][PASSED] - Text 'mr.ronnachai.c@gmail.com' is set on object 'Object Repository/Test Objects/Pages/Page_Log In - Meta Stack Exchange/input_Email_email'

2018-11-01 15:13:34 - [TEST_STEP][PASSED] - setEncryptedText: Text ****** has been set on object 'Object Repository/Test Objects/Pages/Page_Log In - Meta Stack Exchange/input_Password_password'

2018-11-01 15:13:35 - [MESSAGE][PASSED] - Text ****** has been set on object 'Object Repository/Test Objects/Pages/Page_Log In - Meta Stack Exchange/input_Password_password'

2018-11-01 15:13:35 - [TEST_STEP][PASSED] - click: Object: 'Object Repository/Test Objects/Pages/Page_Log In - Meta Stack Exchange/input_forgot_submit-button' is clicked on

2018-11-01 15:13:35 - [MESSAGE][PASSED] - Object: 'Object Repository/Test Objects/Pages/Page_Log In - Meta Stack Exchange/input_forgot_submit-button' is clicked on

2018-11-01 15:13:35 - [TEST_STEP][PASSED] - delay: Delayed 10 second(s)

2018-11-01 15:13:45 - [MESSAGE][PASSED] - Delayed 10 second(s)

2018-11-01 15:13:45 - [TEST_STEP][PASSED] - callTestCase: Call Test Case 'Test Cases/Pages/03_Dashboard Page/The Dashboard Page is loaded successfully' successfully

2018-11-01 15:13:45 - [TEST_CASE][PASSED] - Test Cases/Pages/03_Dashboard Page/The Dashboard Page is loaded successfully: Test Cases/Pages/03_Dashboard Page/The Dashboard Page is loaded successfully

2018-11-01 15:13:45 - [TEST_STEP][PASSED] - waitForElementVisible: Object 'Object Repository/Test Objects/Pages/Page_Login Success - Stack Exchange/header_Stack Exchange' is visible

2018-11-01 15:13:45 - [MESSAGE][PASSED] - Object 'Object Repository/Test Objects/Pages/Page_Login Success - Stack Exchange/header_Stack Exchange' is visible

2018-11-01 15:13:45 - [TEST_STEP][PASSED] - verifyTextPresent: Text 'Tour' is present on page 

2018-11-01 15:13:46 - [MESSAGE][PASSED] - Text 'Tour' is present on page 

2018-11-01 15:13:46 - [TEST_STEP][PASSED] - verifyTextPresent: Text 'About Us' is present on page 

2018-11-01 15:13:47 - [MESSAGE][PASSED] - Text 'About Us' is present on page 

2018-11-01 15:13:47 - [TEST_STEP][PASSED] - verifyTextPresent: Text 'Meta' is present on page 

2018-11-01 15:13:48 - [MESSAGE][PASSED] - Text 'Meta' is present on page 

2018-11-01 15:13:48 - [TEST_STEP][PASSED] - verifyElementVisible: Object 'Object Repository/Test Objects/Pages/Page_Login Success - Stack Exchange/a_Meta_my-profile js-gps-track' is visible

2018-11-01 15:13:48 - [MESSAGE][PASSED] - Object 'Object Repository/Test Objects/Pages/Page_Login Success - Stack Exchange/a_Meta_my-profile js-gps-track' is visible

2018-11-01 15:13:48 - [TEST_STEP][PASSED] - verifyElementVisible: Object 'Object Repository/Test Objects/Pages/Page_Login Success - Stack Exchange/a_Meta_-link js-inbox-button' is visible

2018-11-01 15:13:48 - [MESSAGE][PASSED] - Object 'Object Repository/Test Objects/Pages/Page_Login Success - Stack Exchange/a_Meta_-link js-inbox-button' is visible

2018-11-01 15:13:48 - [TEST_STEP][PASSED] - verifyElementVisible: Object 'Object Repository/Test Objects/Pages/Page_Login Success - Stack Exchange/a_Meta_-link js-achievements-b' is visible

2018-11-01 15:13:48 - [MESSAGE][PASSED] - Object 'Object Repository/Test Objects/Pages/Page_Login Success - Stack Exchange/a_Meta_-link js-achievements-b' is visible

2018-11-01 15:13:48 - [TEST_STEP][PASSED] - verifyElementVisible: Object 'Object Repository/Test Objects/Pages/Page_Login Success - Stack Exchange/a_Meta_-link js-site-switcher-' is visible

2018-11-01 15:13:48 - [MESSAGE][PASSED] - Object 'Object Repository/Test Objects/Pages/Page_Login Success - Stack Exchange/a_Meta_-link js-site-switcher-' is visible

2018-11-01 15:13:48 - [TEST_STEP][PASSED] - takeScreenshot: Taking screenshot successfully

2018-11-01 15:13:48 - [MESSAGE][PASSED] - Taking screenshot successfully
[[ATTACHMENT|C:\\Users\\Ronnachai C\\Katalon Studio\\StackexchangeDemo\\Reports\\Login\\Login Test Suite\\20181101_151052\\1541060028558.png]]

2018-11-01 15:13:48 - [MESSAGE][PASSED] - Call Test Case 'Test Cases/Pages/03_Dashboard Page/The Dashboard Page is loaded successfully' successfully

2018-11-01 15:13:48 - [TEST_STEP][NOT_RUN] - callTestCase: NOT_RUN: callTestCase

2018-11-01 15:13:48 - [MESSAGE][NOT_RUN] - NOT_RUN: callTestCase

2018-11-01 15:13:48 - [TEST_STEP][PASSED] - callTestCase: Call Test Case 'Test Cases/Pages/03_Dashboard Page/To click the logout link' successfully

2018-11-01 15:13:49 - [TEST_CASE][PASSED] - Test Cases/Pages/03_Dashboard Page/To click the logout link: Test Cases/Pages/03_Dashboard Page/To click the logout link

2018-11-01 15:13:49 - [TEST_STEP][PASSED] - waitForElementVisible: Object 'Object Repository/Test Objects/Pages/Page_Login Success - Stack Exchange/header_Stack Exchange' is visible

2018-11-01 15:13:49 - [MESSAGE][PASSED] - Object 'Object Repository/Test Objects/Pages/Page_Login Success - Stack Exchange/header_Stack Exchange' is visible

2018-11-01 15:13:49 - [TEST_STEP][PASSED] - click: Object: 'Object Repository/Test Objects/Pages/Page_Login Success - Stack Exchange/a_Meta_-link js-site-switcher-' is clicked on

2018-11-01 15:13:49 - [MESSAGE][PASSED] - Object: 'Object Repository/Test Objects/Pages/Page_Login Success - Stack Exchange/a_Meta_-link js-site-switcher-' is clicked on

2018-11-01 15:13:49 - [TEST_STEP][PASSED] - delay: Delayed 5 second(s)

2018-11-01 15:13:54 - [MESSAGE][PASSED] - Delayed 5 second(s)

2018-11-01 15:13:54 - [TEST_STEP][PASSED] - click: Object: 'Object Repository/Test Objects/Pages/Page_Log Out/a_log out' is clicked on

2018-11-01 15:13:55 - [MESSAGE][PASSED] - Object: 'Object Repository/Test Objects/Pages/Page_Log Out/a_log out' is clicked on

2018-11-01 15:13:55 - [TEST_STEP][PASSED] - click: Object: 'Object Repository/Test Objects/Pages/Page_Log Out/input_superuser.com_everywhere' is clicked on

2018-11-01 15:13:55 - [MESSAGE][PASSED] - Object: 'Object Repository/Test Objects/Pages/Page_Log Out/input_superuser.com_everywhere' is clicked on

2018-11-01 15:13:55 - [TEST_STEP][PASSED] - click: Object: 'Object Repository/Test Objects/Pages/Page_Log Out/input_cancel_fr' is clicked on

2018-11-01 15:13:57 - [MESSAGE][PASSED] - Object: 'Object Repository/Test Objects/Pages/Page_Log Out/input_cancel_fr' is clicked on

2018-11-01 15:13:57 - [TEST_STEP][PASSED] - delay: Delayed 5 second(s)

2018-11-01 15:14:02 - [MESSAGE][PASSED] - Delayed 5 second(s)

2018-11-01 15:14:02 - [MESSAGE][PASSED] - Call Test Case 'Test Cases/Pages/03_Dashboard Page/To click the logout link' successfully

2018-11-01 15:14:02 - [TEST_STEP][PASSED] - Start listener action : afterTestcase: Browser is closed

2018-11-01 15:14:02 - [TEST_STEP][PASSED] - closeBrowser: Browser is closed

2018-11-01 15:14:03 - [MESSAGE][PASSED] - Browser is closed]]></system-out>
         <system-err><![CDATA[]]></system-err>
      </testcase>
      <system-out><![CDATA[2018-11-01 15:10:58 - [TEST_SUITE][PASSED] - Login Test Suite: Test Cases/Tests/Log In/TC-SIN-006 Check for valid username and password via stackexchange]]></system-out>
      <system-err><![CDATA[]]></system-err>
   </testsuite>
</testsuites>
